<?xml version="1.0" encoding="UTF-8"?>
<testsuite xmlns:xsi="http://www.w3.org/2001/XMLSchema-instance" xsi:noNamespaceSchemaLocation="https://maven.apache.org/surefire/maven-surefire-plugin/xsd/surefire-test-report.xsd" name="business.test.TestCreate" time="1.977" tests="1" errors="1" skipped="0" failures="0">
  <properties>
    <property name="sun.desktop" value="gnome"/>
    <property name="awt.toolkit" value="sun.awt.X11.XToolkit"/>
    <property name="java.specification.version" value="11"/>
    <property name="sun.cpu.isalist" value=""/>
    <property name="sun.jnu.encoding" value="UTF-8"/>
    <property name="java.class.path" value="/home/gabriel/workspace/plexus-project/plexus-business/target/test-classes:/home/gabriel/workspace/plexus-project/plexus-business/target/classes:/home/gabriel/.m2/repository/org/apache/camel/camel-core/3.15.0/camel-core-3.15.0.jar:/home/gabriel/.m2/repository/org/apache/camel/camel-core-engine/3.15.0/camel-core-engine-3.15.0.jar:/home/gabriel/.m2/repository/org/apache/camel/camel-api/3.15.0/camel-api-3.15.0.jar:/home/gabriel/.m2/repository/org/apache/camel/camel-base-engine/3.15.0/camel-base-engine-3.15.0.jar:/home/gabriel/.m2/repository/org/apache/camel/camel-base/3.15.0/camel-base-3.15.0.jar:/home/gabriel/.m2/repository/org/apache/camel/camel-core-reifier/3.15.0/camel-core-reifier-3.15.0.jar:/home/gabriel/.m2/repository/org/apache/camel/camel-core-processor/3.15.0/camel-core-processor-3.15.0.jar:/home/gabriel/.m2/repository/org/apache/camel/camel-management-api/3.15.0/camel-management-api-3.15.0.jar:/home/gabriel/.m2/repository/org/apache/camel/camel-util/3.15.0/camel-util-3.15.0.jar:/home/gabriel/.m2/repository/org/apache/camel/camel-core-languages/3.15.0/camel-core-languages-3.15.0.jar:/home/gabriel/.m2/repository/org/apache/camel/camel-core-model/3.15.0/camel-core-model-3.15.0.jar:/home/gabriel/.m2/repository/org/apache/camel/camel-bean/3.15.0/camel-bean-3.15.0.jar:/home/gabriel/.m2/repository/org/apache/camel/camel-browse/3.15.0/camel-browse-3.15.0.jar:/home/gabriel/.m2/repository/org/apache/camel/camel-cluster/3.15.0/camel-cluster-3.15.0.jar:/home/gabriel/.m2/repository/org/apache/camel/camel-controlbus/3.15.0/camel-controlbus-3.15.0.jar:/home/gabriel/.m2/repository/org/apache/camel/camel-dataformat/3.15.0/camel-dataformat-3.15.0.jar:/home/gabriel/.m2/repository/org/apache/camel/camel-dataset/3.15.0/camel-dataset-3.15.0.jar:/home/gabriel/.m2/repository/org/apache/camel/camel-direct/3.15.0/camel-direct-3.15.0.jar:/home/gabriel/.m2/repository/org/apache/camel/camel-directvm/3.15.0/camel-directvm-3.15.0.jar:/home/gabriel/.m2/repository/org/apache/camel/camel-file/3.15.0/camel-file-3.15.0.jar:/home/gabriel/.m2/repository/org/apache/camel/camel-health/3.15.0/camel-health-3.15.0.jar:/home/gabriel/.m2/repository/org/apache/camel/camel-language/3.15.0/camel-language-3.15.0.jar:/home/gabriel/.m2/repository/org/apache/camel/camel-log/3.15.0/camel-log-3.15.0.jar:/home/gabriel/.m2/repository/org/apache/camel/camel-mock/3.15.0/camel-mock-3.15.0.jar:/home/gabriel/.m2/repository/org/apache/camel/camel-ref/3.15.0/camel-ref-3.15.0.jar:/home/gabriel/.m2/repository/org/apache/camel/camel-rest/3.15.0/camel-rest-3.15.0.jar:/home/gabriel/.m2/repository/org/apache/camel/camel-tooling-model/3.15.0/camel-tooling-model-3.15.0.jar:/home/gabriel/.m2/repository/org/apache/camel/camel-util-json/3.15.0/camel-util-json-3.15.0.jar:/home/gabriel/.m2/repository/org/apache/camel/camel-saga/3.15.0/camel-saga-3.15.0.jar:/home/gabriel/.m2/repository/org/apache/camel/camel-scheduler/3.15.0/camel-scheduler-3.15.0.jar:/home/gabriel/.m2/repository/org/apache/camel/camel-seda/3.15.0/camel-seda-3.15.0.jar:/home/gabriel/.m2/repository/org/apache/camel/camel-stub/3.15.0/camel-stub-3.15.0.jar:/home/gabriel/.m2/repository/org/apache/camel/camel-timer/3.15.0/camel-timer-3.15.0.jar:/home/gabriel/.m2/repository/org/apache/camel/camel-validator/3.15.0/camel-validator-3.15.0.jar:/home/gabriel/.m2/repository/org/apache/camel/camel-vm/3.15.0/camel-vm-3.15.0.jar:/home/gabriel/.m2/repository/org/apache/camel/camel-xpath/3.15.0/camel-xpath-3.15.0.jar:/home/gabriel/.m2/repository/org/apache/camel/camel-xslt/3.15.0/camel-xslt-3.15.0.jar:/home/gabriel/.m2/repository/org/apache/camel/camel-xml-jaxb/3.15.0/camel-xml-jaxb-3.15.0.jar:/home/gabriel/.m2/repository/jakarta/xml/bind/jakarta.xml.bind-api/2.3.3/jakarta.xml.bind-api-2.3.3.jar:/home/gabriel/.m2/repository/jakarta/activation/jakarta.activation-api/1.2.2/jakarta.activation-api-1.2.2.jar:/home/gabriel/.m2/repository/com/sun/xml/bind/jaxb-core/2.3.0/jaxb-core-2.3.0.jar:/home/gabriel/.m2/repository/com/sun/xml/bind/jaxb-impl/2.3.3/jaxb-impl-2.3.3.jar:/home/gabriel/.m2/repository/org/apache/camel/camel-xml-jaxp/3.15.0/camel-xml-jaxp-3.15.0.jar:/home/gabriel/.m2/repository/org/apache/camel/camel-xml-io-util/3.15.0/camel-xml-io-util-3.15.0.jar:/home/gabriel/.m2/repository/org/apache/camel/camel-test/3.15.0/camel-test-3.15.0.jar:/home/gabriel/.m2/repository/org/assertj/assertj-core/3.22.0/assertj-core-3.22.0.jar:/home/gabriel/.m2/repository/com/mycompany/plexus-interface/1.0.0-SNAPSHOT/plexus-interface-1.0.0-SNAPSHOT.jar:/home/gabriel/.m2/repository/javax/xml/ws/jaxws-api/2.3.1/jaxws-api-2.3.1.jar:/home/gabriel/.m2/repository/javax/xml/bind/jaxb-api/2.3.1/jaxb-api-2.3.1.jar:/home/gabriel/.m2/repository/javax/xml/soap/javax.xml.soap-api/1.4.0/javax.xml.soap-api-1.4.0.jar:/home/gabriel/.m2/repository/javax/annotation/javax.annotation-api/1.3.2/javax.annotation-api-1.3.2.jar:/home/gabriel/.m2/repository/com/sun/xml/ws/jaxws-rt/2.3.5/jaxws-rt-2.3.5.jar:/home/gabriel/.m2/repository/com/sun/xml/ws/policy/2.7.10/policy-2.7.10.jar:/home/gabriel/.m2/repository/org/glassfish/ha/ha-api/3.1.13/ha-api-3.1.13.jar:/home/gabriel/.m2/repository/org/glassfish/external/management-api/3.2.3/management-api-3.2.3.jar:/home/gabriel/.m2/repository/org/glassfish/gmbal/gmbal-api-only/4.0.3/gmbal-api-only-4.0.3.jar:/home/gabriel/.m2/repository/org/jvnet/staxex/stax-ex/1.8.3/stax-ex-1.8.3.jar:/home/gabriel/.m2/repository/com/sun/xml/stream/buffer/streambuffer/1.5.10/streambuffer-1.5.10.jar:/home/gabriel/.m2/repository/org/jvnet/mimepull/mimepull/1.9.15/mimepull-1.9.15.jar:/home/gabriel/.m2/repository/com/sun/xml/fastinfoset/FastInfoset/1.2.18/FastInfoset-1.2.18.jar:/home/gabriel/.m2/repository/com/sun/activation/jakarta.activation/1.2.2/jakarta.activation-1.2.2.jar:/home/gabriel/.m2/repository/com/sun/mail/jakarta.mail/1.6.7/jakarta.mail-1.6.7.jar:/home/gabriel/.m2/repository/com/sun/xml/messaging/saaj/saaj-impl/1.5.3/saaj-impl-1.5.3.jar:/home/gabriel/.m2/repository/com/fasterxml/woodstox/woodstox-core/6.2.6/woodstox-core-6.2.6.jar:/home/gabriel/.m2/repository/org/codehaus/woodstox/stax2-api/4.2.1/stax2-api-4.2.1.jar:/home/gabriel/.m2/repository/jakarta/xml/ws/jakarta.xml.ws-api/2.3.3/jakarta.xml.ws-api-2.3.3.jar:/home/gabriel/.m2/repository/jakarta/xml/soap/jakarta.xml.soap-api/1.4.2/jakarta.xml.soap-api-1.4.2.jar:/home/gabriel/.m2/repository/jakarta/jws/jakarta.jws-api/2.1.0/jakarta.jws-api-2.1.0.jar:/home/gabriel/.m2/repository/jakarta/annotation/jakarta.annotation-api/1.3.5/jakarta.annotation-api-1.3.5.jar:/home/gabriel/.m2/repository/org/apache/camel/camel-jaxb/3.16.0/camel-jaxb-3.16.0.jar:/home/gabriel/.m2/repository/org/hibernate/hibernate-core/5.6.7.Final/hibernate-core-5.6.7.Final.jar:/home/gabriel/.m2/repository/org/jboss/logging/jboss-logging/3.4.3.Final/jboss-logging-3.4.3.Final.jar:/home/gabriel/.m2/repository/javax/persistence/javax.persistence-api/2.2/javax.persistence-api-2.2.jar:/home/gabriel/.m2/repository/net/bytebuddy/byte-buddy/1.12.8/byte-buddy-1.12.8.jar:/home/gabriel/.m2/repository/antlr/antlr/2.7.7/antlr-2.7.7.jar:/home/gabriel/.m2/repository/org/jboss/spec/javax/transaction/jboss-transaction-api_1.2_spec/1.1.1.Final/jboss-transaction-api_1.2_spec-1.1.1.Final.jar:/home/gabriel/.m2/repository/org/jboss/jandex/2.4.2.Final/jandex-2.4.2.Final.jar:/home/gabriel/.m2/repository/com/fasterxml/classmate/1.5.1/classmate-1.5.1.jar:/home/gabriel/.m2/repository/javax/activation/javax.activation-api/1.2.0/javax.activation-api-1.2.0.jar:/home/gabriel/.m2/repository/org/hibernate/common/hibernate-commons-annotations/5.1.2.Final/hibernate-commons-annotations-5.1.2.Final.jar:/home/gabriel/.m2/repository/org/glassfish/jaxb/jaxb-runtime/2.3.1/jaxb-runtime-2.3.1.jar:/home/gabriel/.m2/repository/org/glassfish/jaxb/txw2/2.3.1/txw2-2.3.1.jar:/home/gabriel/.m2/repository/com/sun/istack/istack-commons-runtime/3.0.7/istack-commons-runtime-3.0.7.jar:/home/gabriel/.m2/repository/org/apache/camel/camel-cxf/3.15.0/camel-cxf-3.15.0.jar:/home/gabriel/.m2/repository/org/apache/camel/camel-support/3.15.0/camel-support-3.15.0.jar:/home/gabriel/.m2/repository/org/apache/camel/camel-attachments/3.15.0/camel-attachments-3.15.0.jar:/home/gabriel/.m2/repository/com/sun/activation/javax.activation/1.2.0/javax.activation-1.2.0.jar:/home/gabriel/.m2/repository/org/apache/camel/camel-spring-xml/3.15.0/camel-spring-xml-3.15.0.jar:/home/gabriel/.m2/repository/org/apache/camel/camel-spring/3.15.0/camel-spring-3.15.0.jar:/home/gabriel/.m2/repository/org/springframework/spring-tx/5.3.15/spring-tx-5.3.15.jar:/home/gabriel/.m2/repository/org/apache/camel/camel-core-xml/3.15.0/camel-core-xml-3.15.0.jar:/home/gabriel/.m2/repository/org/apache/camel/camel-cxf-transport/3.15.0/camel-cxf-transport-3.15.0.jar:/home/gabriel/.m2/repository/org/apache/camel/camel-http-base/3.15.0/camel-http-base-3.15.0.jar:/home/gabriel/.m2/repository/javax/servlet/javax.servlet-api/3.1.0/javax.servlet-api-3.1.0.jar:/home/gabriel/.m2/repository/org/apache/cxf/cxf-rt-frontend-jaxrs/3.5.0/cxf-rt-frontend-jaxrs-3.5.0.jar:/home/gabriel/.m2/repository/org/apache/cxf/cxf-core/3.5.0/cxf-core-3.5.0.jar:/home/gabriel/.m2/repository/org/apache/ws/xmlschema/xmlschema-core/2.3.0/xmlschema-core-2.3.0.jar:/home/gabriel/.m2/repository/jakarta/ws/rs/jakarta.ws.rs-api/2.1.6/jakarta.ws.rs-api-2.1.6.jar:/home/gabriel/.m2/repository/org/apache/cxf/cxf-rt-transports-http/3.5.0/cxf-rt-transports-http-3.5.0.jar:/home/gabriel/.m2/repository/org/apache/cxf/cxf-rt-security/3.5.0/cxf-rt-security-3.5.0.jar:/home/gabriel/.m2/repository/org/apache/geronimo/specs/geronimo-jta_1.1_spec/1.1.1/geronimo-jta_1.1_spec-1.1.1.jar:/home/gabriel/.m2/repository/org/apache/cxf/cxf-rt-frontend-jaxws/3.5.0/cxf-rt-frontend-jaxws-3.5.0.jar:/home/gabriel/.m2/repository/xml-resolver/xml-resolver/1.2/xml-resolver-1.2.jar:/home/gabriel/.m2/repository/org/ow2/asm/asm/9.2/asm-9.2.jar:/home/gabriel/.m2/repository/org/apache/cxf/cxf-rt-bindings-xml/3.5.0/cxf-rt-bindings-xml-3.5.0.jar:/home/gabriel/.m2/repository/org/apache/cxf/cxf-rt-frontend-simple/3.5.0/cxf-rt-frontend-simple-3.5.0.jar:/home/gabriel/.m2/repository/org/apache/cxf/cxf-rt-ws-addr/3.5.0/cxf-rt-ws-addr-3.5.0.jar:/home/gabriel/.m2/repository/org/apache/cxf/cxf-rt-ws-policy/3.5.0/cxf-rt-ws-policy-3.5.0.jar:/home/gabriel/.m2/repository/org/apache/neethi/neethi/3.2.0/neethi-3.2.0.jar:/home/gabriel/.m2/repository/org/apache/cxf/cxf-rt-rs-client/3.5.0/cxf-rt-rs-client-3.5.0.jar:/home/gabriel/.m2/repository/org/apache/cxf/cxf-rt-features-logging/3.5.0/cxf-rt-features-logging-3.5.0.jar:/home/gabriel/.m2/repository/org/springframework/spring-beans/5.3.15/spring-beans-5.3.15.jar:/home/gabriel/.m2/repository/org/springframework/spring-core/5.3.15/spring-core-5.3.15.jar:/home/gabriel/.m2/repository/org/springframework/spring-jcl/5.3.15/spring-jcl-5.3.15.jar:/home/gabriel/.m2/repository/org/springframework/spring-context/5.3.15/spring-context-5.3.15.jar:/home/gabriel/.m2/repository/org/springframework/spring-aop/5.3.15/spring-aop-5.3.15.jar:/home/gabriel/.m2/repository/org/springframework/spring-expression/5.3.15/spring-expression-5.3.15.jar:/home/gabriel/.m2/repository/org/apache/cxf/cxf-rt-bindings-soap/3.5.0/cxf-rt-bindings-soap-3.5.0.jar:/home/gabriel/.m2/repository/org/apache/cxf/cxf-rt-wsdl/3.5.0/cxf-rt-wsdl-3.5.0.jar:/home/gabriel/.m2/repository/wsdl4j/wsdl4j/1.6.3/wsdl4j-1.6.3.jar:/home/gabriel/.m2/repository/org/apache/cxf/cxf-rt-databinding-jaxb/3.5.0/cxf-rt-databinding-jaxb-3.5.0.jar:/home/gabriel/.m2/repository/org/mapstruct/mapstruct/1.4.2.Final/mapstruct-1.4.2.Final.jar:/home/gabriel/.m2/repository/com/mycompany/plexus-datastore/1.0.0-SNAPSHOT/plexus-datastore-1.0.0-SNAPSHOT.jar:/home/gabriel/.m2/repository/org/postgresql/postgresql/42.3.0/postgresql-42.3.0.jar:/home/gabriel/.m2/repository/org/checkerframework/checker-qual/3.5.0/checker-qual-3.5.0.jar:/home/gabriel/.m2/repository/org/qlrm/qlrm/3.0.4/qlrm-3.0.4.jar:/home/gabriel/.m2/repository/org/slf4j/slf4j-api/1.7.36/slf4j-api-1.7.36.jar:/home/gabriel/.m2/repository/org/slf4j/slf4j-reload4j/1.7.36/slf4j-reload4j-1.7.36.jar:/home/gabriel/.m2/repository/ch/qos/reload4j/reload4j/1.2.19/reload4j-1.2.19.jar:/home/gabriel/.m2/repository/junit/junit/4.13/junit-4.13.jar:/home/gabriel/.m2/repository/org/hamcrest/hamcrest-core/1.3/hamcrest-core-1.3.jar:/home/gabriel/.m2/repository/log4j/log4j/1.2.17/log4j-1.2.17.jar:"/>
    <property name="java.vm.vendor" value="Ubuntu"/>
    <property name="sun.arch.data.model" value="64"/>
    <property name="java.vendor.url" value="https://ubuntu.com/"/>
    <property name="user.timezone" value=""/>
    <property name="java.vm.specification.version" value="11"/>
    <property name="os.name" value="Linux"/>
    <property name="sun.java.launcher" value="SUN_STANDARD"/>
    <property name="user.country" value="US"/>
    <property name="sun.boot.library.path" value="/usr/lib/jvm/java-11-openjdk-amd64/lib"/>
    <property name="sun.java.command" value="/home/gabriel/workspace/plexus-project/plexus-business/target/surefire/surefirebooter15547697368737914809.jar /home/gabriel/workspace/plexus-project/plexus-business/target/surefire 2022-04-28T13-19-43_780-jvmRun1 surefire12730016627587773368tmp surefire_03307945797052092651tmp"/>
    <property name="jdk.debug" value="release"/>
    <property name="surefire.test.class.path" value="/home/gabriel/workspace/plexus-project/plexus-business/target/test-classes:/home/gabriel/workspace/plexus-project/plexus-business/target/classes:/home/gabriel/.m2/repository/org/apache/camel/camel-core/3.15.0/camel-core-3.15.0.jar:/home/gabriel/.m2/repository/org/apache/camel/camel-core-engine/3.15.0/camel-core-engine-3.15.0.jar:/home/gabriel/.m2/repository/org/apache/camel/camel-api/3.15.0/camel-api-3.15.0.jar:/home/gabriel/.m2/repository/org/apache/camel/camel-base-engine/3.15.0/camel-base-engine-3.15.0.jar:/home/gabriel/.m2/repository/org/apache/camel/camel-base/3.15.0/camel-base-3.15.0.jar:/home/gabriel/.m2/repository/org/apache/camel/camel-core-reifier/3.15.0/camel-core-reifier-3.15.0.jar:/home/gabriel/.m2/repository/org/apache/camel/camel-core-processor/3.15.0/camel-core-processor-3.15.0.jar:/home/gabriel/.m2/repository/org/apache/camel/camel-management-api/3.15.0/camel-management-api-3.15.0.jar:/home/gabriel/.m2/repository/org/apache/camel/camel-util/3.15.0/camel-util-3.15.0.jar:/home/gabriel/.m2/repository/org/apache/camel/camel-core-languages/3.15.0/camel-core-languages-3.15.0.jar:/home/gabriel/.m2/repository/org/apache/camel/camel-core-model/3.15.0/camel-core-model-3.15.0.jar:/home/gabriel/.m2/repository/org/apache/camel/camel-bean/3.15.0/camel-bean-3.15.0.jar:/home/gabriel/.m2/repository/org/apache/camel/camel-browse/3.15.0/camel-browse-3.15.0.jar:/home/gabriel/.m2/repository/org/apache/camel/camel-cluster/3.15.0/camel-cluster-3.15.0.jar:/home/gabriel/.m2/repository/org/apache/camel/camel-controlbus/3.15.0/camel-controlbus-3.15.0.jar:/home/gabriel/.m2/repository/org/apache/camel/camel-dataformat/3.15.0/camel-dataformat-3.15.0.jar:/home/gabriel/.m2/repository/org/apache/camel/camel-dataset/3.15.0/camel-dataset-3.15.0.jar:/home/gabriel/.m2/repository/org/apache/camel/camel-direct/3.15.0/camel-direct-3.15.0.jar:/home/gabriel/.m2/repository/org/apache/camel/camel-directvm/3.15.0/camel-directvm-3.15.0.jar:/home/gabriel/.m2/repository/org/apache/camel/camel-file/3.15.0/camel-file-3.15.0.jar:/home/gabriel/.m2/repository/org/apache/camel/camel-health/3.15.0/camel-health-3.15.0.jar:/home/gabriel/.m2/repository/org/apache/camel/camel-language/3.15.0/camel-language-3.15.0.jar:/home/gabriel/.m2/repository/org/apache/camel/camel-log/3.15.0/camel-log-3.15.0.jar:/home/gabriel/.m2/repository/org/apache/camel/camel-mock/3.15.0/camel-mock-3.15.0.jar:/home/gabriel/.m2/repository/org/apache/camel/camel-ref/3.15.0/camel-ref-3.15.0.jar:/home/gabriel/.m2/repository/org/apache/camel/camel-rest/3.15.0/camel-rest-3.15.0.jar:/home/gabriel/.m2/repository/org/apache/camel/camel-tooling-model/3.15.0/camel-tooling-model-3.15.0.jar:/home/gabriel/.m2/repository/org/apache/camel/camel-util-json/3.15.0/camel-util-json-3.15.0.jar:/home/gabriel/.m2/repository/org/apache/camel/camel-saga/3.15.0/camel-saga-3.15.0.jar:/home/gabriel/.m2/repository/org/apache/camel/camel-scheduler/3.15.0/camel-scheduler-3.15.0.jar:/home/gabriel/.m2/repository/org/apache/camel/camel-seda/3.15.0/camel-seda-3.15.0.jar:/home/gabriel/.m2/repository/org/apache/camel/camel-stub/3.15.0/camel-stub-3.15.0.jar:/home/gabriel/.m2/repository/org/apache/camel/camel-timer/3.15.0/camel-timer-3.15.0.jar:/home/gabriel/.m2/repository/org/apache/camel/camel-validator/3.15.0/camel-validator-3.15.0.jar:/home/gabriel/.m2/repository/org/apache/camel/camel-vm/3.15.0/camel-vm-3.15.0.jar:/home/gabriel/.m2/repository/org/apache/camel/camel-xpath/3.15.0/camel-xpath-3.15.0.jar:/home/gabriel/.m2/repository/org/apache/camel/camel-xslt/3.15.0/camel-xslt-3.15.0.jar:/home/gabriel/.m2/repository/org/apache/camel/camel-xml-jaxb/3.15.0/camel-xml-jaxb-3.15.0.jar:/home/gabriel/.m2/repository/jakarta/xml/bind/jakarta.xml.bind-api/2.3.3/jakarta.xml.bind-api-2.3.3.jar:/home/gabriel/.m2/repository/jakarta/activation/jakarta.activation-api/1.2.2/jakarta.activation-api-1.2.2.jar:/home/gabriel/.m2/repository/com/sun/xml/bind/jaxb-core/2.3.0/jaxb-core-2.3.0.jar:/home/gabriel/.m2/repository/com/sun/xml/bind/jaxb-impl/2.3.3/jaxb-impl-2.3.3.jar:/home/gabriel/.m2/repository/org/apache/camel/camel-xml-jaxp/3.15.0/camel-xml-jaxp-3.15.0.jar:/home/gabriel/.m2/repository/org/apache/camel/camel-xml-io-util/3.15.0/camel-xml-io-util-3.15.0.jar:/home/gabriel/.m2/repository/org/apache/camel/camel-test/3.15.0/camel-test-3.15.0.jar:/home/gabriel/.m2/repository/org/assertj/assertj-core/3.22.0/assertj-core-3.22.0.jar:/home/gabriel/.m2/repository/com/mycompany/plexus-interface/1.0.0-SNAPSHOT/plexus-interface-1.0.0-SNAPSHOT.jar:/home/gabriel/.m2/repository/javax/xml/ws/jaxws-api/2.3.1/jaxws-api-2.3.1.jar:/home/gabriel/.m2/repository/javax/xml/bind/jaxb-api/2.3.1/jaxb-api-2.3.1.jar:/home/gabriel/.m2/repository/javax/xml/soap/javax.xml.soap-api/1.4.0/javax.xml.soap-api-1.4.0.jar:/home/gabriel/.m2/repository/javax/annotation/javax.annotation-api/1.3.2/javax.annotation-api-1.3.2.jar:/home/gabriel/.m2/repository/com/sun/xml/ws/jaxws-rt/2.3.5/jaxws-rt-2.3.5.jar:/home/gabriel/.m2/repository/com/sun/xml/ws/policy/2.7.10/policy-2.7.10.jar:/home/gabriel/.m2/repository/org/glassfish/ha/ha-api/3.1.13/ha-api-3.1.13.jar:/home/gabriel/.m2/repository/org/glassfish/external/management-api/3.2.3/management-api-3.2.3.jar:/home/gabriel/.m2/repository/org/glassfish/gmbal/gmbal-api-only/4.0.3/gmbal-api-only-4.0.3.jar:/home/gabriel/.m2/repository/org/jvnet/staxex/stax-ex/1.8.3/stax-ex-1.8.3.jar:/home/gabriel/.m2/repository/com/sun/xml/stream/buffer/streambuffer/1.5.10/streambuffer-1.5.10.jar:/home/gabriel/.m2/repository/org/jvnet/mimepull/mimepull/1.9.15/mimepull-1.9.15.jar:/home/gabriel/.m2/repository/com/sun/xml/fastinfoset/FastInfoset/1.2.18/FastInfoset-1.2.18.jar:/home/gabriel/.m2/repository/com/sun/activation/jakarta.activation/1.2.2/jakarta.activation-1.2.2.jar:/home/gabriel/.m2/repository/com/sun/mail/jakarta.mail/1.6.7/jakarta.mail-1.6.7.jar:/home/gabriel/.m2/repository/com/sun/xml/messaging/saaj/saaj-impl/1.5.3/saaj-impl-1.5.3.jar:/home/gabriel/.m2/repository/com/fasterxml/woodstox/woodstox-core/6.2.6/woodstox-core-6.2.6.jar:/home/gabriel/.m2/repository/org/codehaus/woodstox/stax2-api/4.2.1/stax2-api-4.2.1.jar:/home/gabriel/.m2/repository/jakarta/xml/ws/jakarta.xml.ws-api/2.3.3/jakarta.xml.ws-api-2.3.3.jar:/home/gabriel/.m2/repository/jakarta/xml/soap/jakarta.xml.soap-api/1.4.2/jakarta.xml.soap-api-1.4.2.jar:/home/gabriel/.m2/repository/jakarta/jws/jakarta.jws-api/2.1.0/jakarta.jws-api-2.1.0.jar:/home/gabriel/.m2/repository/jakarta/annotation/jakarta.annotation-api/1.3.5/jakarta.annotation-api-1.3.5.jar:/home/gabriel/.m2/repository/org/apache/camel/camel-jaxb/3.16.0/camel-jaxb-3.16.0.jar:/home/gabriel/.m2/repository/org/hibernate/hibernate-core/5.6.7.Final/hibernate-core-5.6.7.Final.jar:/home/gabriel/.m2/repository/org/jboss/logging/jboss-logging/3.4.3.Final/jboss-logging-3.4.3.Final.jar:/home/gabriel/.m2/repository/javax/persistence/javax.persistence-api/2.2/javax.persistence-api-2.2.jar:/home/gabriel/.m2/repository/net/bytebuddy/byte-buddy/1.12.8/byte-buddy-1.12.8.jar:/home/gabriel/.m2/repository/antlr/antlr/2.7.7/antlr-2.7.7.jar:/home/gabriel/.m2/repository/org/jboss/spec/javax/transaction/jboss-transaction-api_1.2_spec/1.1.1.Final/jboss-transaction-api_1.2_spec-1.1.1.Final.jar:/home/gabriel/.m2/repository/org/jboss/jandex/2.4.2.Final/jandex-2.4.2.Final.jar:/home/gabriel/.m2/repository/com/fasterxml/classmate/1.5.1/classmate-1.5.1.jar:/home/gabriel/.m2/repository/javax/activation/javax.activation-api/1.2.0/javax.activation-api-1.2.0.jar:/home/gabriel/.m2/repository/org/hibernate/common/hibernate-commons-annotations/5.1.2.Final/hibernate-commons-annotations-5.1.2.Final.jar:/home/gabriel/.m2/repository/org/glassfish/jaxb/jaxb-runtime/2.3.1/jaxb-runtime-2.3.1.jar:/home/gabriel/.m2/repository/org/glassfish/jaxb/txw2/2.3.1/txw2-2.3.1.jar:/home/gabriel/.m2/repository/com/sun/istack/istack-commons-runtime/3.0.7/istack-commons-runtime-3.0.7.jar:/home/gabriel/.m2/repository/org/apache/camel/camel-cxf/3.15.0/camel-cxf-3.15.0.jar:/home/gabriel/.m2/repository/org/apache/camel/camel-support/3.15.0/camel-support-3.15.0.jar:/home/gabriel/.m2/repository/org/apache/camel/camel-attachments/3.15.0/camel-attachments-3.15.0.jar:/home/gabriel/.m2/repository/com/sun/activation/javax.activation/1.2.0/javax.activation-1.2.0.jar:/home/gabriel/.m2/repository/org/apache/camel/camel-spring-xml/3.15.0/camel-spring-xml-3.15.0.jar:/home/gabriel/.m2/repository/org/apache/camel/camel-spring/3.15.0/camel-spring-3.15.0.jar:/home/gabriel/.m2/repository/org/springframework/spring-tx/5.3.15/spring-tx-5.3.15.jar:/home/gabriel/.m2/repository/org/apache/camel/camel-core-xml/3.15.0/camel-core-xml-3.15.0.jar:/home/gabriel/.m2/repository/org/apache/camel/camel-cxf-transport/3.15.0/camel-cxf-transport-3.15.0.jar:/home/gabriel/.m2/repository/org/apache/camel/camel-http-base/3.15.0/camel-http-base-3.15.0.jar:/home/gabriel/.m2/repository/javax/servlet/javax.servlet-api/3.1.0/javax.servlet-api-3.1.0.jar:/home/gabriel/.m2/repository/org/apache/cxf/cxf-rt-frontend-jaxrs/3.5.0/cxf-rt-frontend-jaxrs-3.5.0.jar:/home/gabriel/.m2/repository/org/apache/cxf/cxf-core/3.5.0/cxf-core-3.5.0.jar:/home/gabriel/.m2/repository/org/apache/ws/xmlschema/xmlschema-core/2.3.0/xmlschema-core-2.3.0.jar:/home/gabriel/.m2/repository/jakarta/ws/rs/jakarta.ws.rs-api/2.1.6/jakarta.ws.rs-api-2.1.6.jar:/home/gabriel/.m2/repository/org/apache/cxf/cxf-rt-transports-http/3.5.0/cxf-rt-transports-http-3.5.0.jar:/home/gabriel/.m2/repository/org/apache/cxf/cxf-rt-security/3.5.0/cxf-rt-security-3.5.0.jar:/home/gabriel/.m2/repository/org/apache/geronimo/specs/geronimo-jta_1.1_spec/1.1.1/geronimo-jta_1.1_spec-1.1.1.jar:/home/gabriel/.m2/repository/org/apache/cxf/cxf-rt-frontend-jaxws/3.5.0/cxf-rt-frontend-jaxws-3.5.0.jar:/home/gabriel/.m2/repository/xml-resolver/xml-resolver/1.2/xml-resolver-1.2.jar:/home/gabriel/.m2/repository/org/ow2/asm/asm/9.2/asm-9.2.jar:/home/gabriel/.m2/repository/org/apache/cxf/cxf-rt-bindings-xml/3.5.0/cxf-rt-bindings-xml-3.5.0.jar:/home/gabriel/.m2/repository/org/apache/cxf/cxf-rt-frontend-simple/3.5.0/cxf-rt-frontend-simple-3.5.0.jar:/home/gabriel/.m2/repository/org/apache/cxf/cxf-rt-ws-addr/3.5.0/cxf-rt-ws-addr-3.5.0.jar:/home/gabriel/.m2/repository/org/apache/cxf/cxf-rt-ws-policy/3.5.0/cxf-rt-ws-policy-3.5.0.jar:/home/gabriel/.m2/repository/org/apache/neethi/neethi/3.2.0/neethi-3.2.0.jar:/home/gabriel/.m2/repository/org/apache/cxf/cxf-rt-rs-client/3.5.0/cxf-rt-rs-client-3.5.0.jar:/home/gabriel/.m2/repository/org/apache/cxf/cxf-rt-features-logging/3.5.0/cxf-rt-features-logging-3.5.0.jar:/home/gabriel/.m2/repository/org/springframework/spring-beans/5.3.15/spring-beans-5.3.15.jar:/home/gabriel/.m2/repository/org/springframework/spring-core/5.3.15/spring-core-5.3.15.jar:/home/gabriel/.m2/repository/org/springframework/spring-jcl/5.3.15/spring-jcl-5.3.15.jar:/home/gabriel/.m2/repository/org/springframework/spring-context/5.3.15/spring-context-5.3.15.jar:/home/gabriel/.m2/repository/org/springframework/spring-aop/5.3.15/spring-aop-5.3.15.jar:/home/gabriel/.m2/repository/org/springframework/spring-expression/5.3.15/spring-expression-5.3.15.jar:/home/gabriel/.m2/repository/org/apache/cxf/cxf-rt-bindings-soap/3.5.0/cxf-rt-bindings-soap-3.5.0.jar:/home/gabriel/.m2/repository/org/apache/cxf/cxf-rt-wsdl/3.5.0/cxf-rt-wsdl-3.5.0.jar:/home/gabriel/.m2/repository/wsdl4j/wsdl4j/1.6.3/wsdl4j-1.6.3.jar:/home/gabriel/.m2/repository/org/apache/cxf/cxf-rt-databinding-jaxb/3.5.0/cxf-rt-databinding-jaxb-3.5.0.jar:/home/gabriel/.m2/repository/org/mapstruct/mapstruct/1.4.2.Final/mapstruct-1.4.2.Final.jar:/home/gabriel/.m2/repository/com/mycompany/plexus-datastore/1.0.0-SNAPSHOT/plexus-datastore-1.0.0-SNAPSHOT.jar:/home/gabriel/.m2/repository/org/postgresql/postgresql/42.3.0/postgresql-42.3.0.jar:/home/gabriel/.m2/repository/org/checkerframework/checker-qual/3.5.0/checker-qual-3.5.0.jar:/home/gabriel/.m2/repository/org/qlrm/qlrm/3.0.4/qlrm-3.0.4.jar:/home/gabriel/.m2/repository/org/slf4j/slf4j-api/1.7.36/slf4j-api-1.7.36.jar:/home/gabriel/.m2/repository/org/slf4j/slf4j-reload4j/1.7.36/slf4j-reload4j-1.7.36.jar:/home/gabriel/.m2/repository/ch/qos/reload4j/reload4j/1.2.19/reload4j-1.2.19.jar:/home/gabriel/.m2/repository/junit/junit/4.13/junit-4.13.jar:/home/gabriel/.m2/repository/org/hamcrest/hamcrest-core/1.3/hamcrest-core-1.3.jar:/home/gabriel/.m2/repository/log4j/log4j/1.2.17/log4j-1.2.17.jar:"/>
    <property name="sun.cpu.endian" value="little"/>
    <property name="user.home" value="/home/gabriel"/>
    <property name="user.language" value="en"/>
    <property name="java.specification.vendor" value="Oracle Corporation"/>
    <property name="java.version.date" value="2022-02-08"/>
    <property name="java.home" value="/usr/lib/jvm/java-11-openjdk-amd64"/>
    <property name="file.separator" value="/"/>
    <property name="basedir" value="/home/gabriel/workspace/plexus-project/plexus-business"/>
    <property name="java.vm.compressedOopsMode" value="32-bit"/>
    <property name="line.separator" value="&#10;"/>
    <property name="java.specification.name" value="Java Platform API Specification"/>
    <property name="java.vm.specification.vendor" value="Oracle Corporation"/>
    <property name="java.awt.graphicsenv" value="sun.awt.X11GraphicsEnvironment"/>
    <property name="surefire.real.class.path" value="/home/gabriel/workspace/plexus-project/plexus-business/target/surefire/surefirebooter15547697368737914809.jar"/>
    <property name="sun.management.compiler" value="HotSpot 64-Bit Tiered Compilers"/>
    <property name="java.runtime.version" value="11.0.14.1+1-Ubuntu-0ubuntu1.20.04"/>
    <property name="user.name" value="gabriel"/>
    <property name="path.separator" value=":"/>
    <property name="os.version" value="5.13.0-40-generic"/>
    <property name="java.runtime.name" value="OpenJDK Runtime Environment"/>
    <property name="file.encoding" value="UTF-8"/>
    <property name="java.vm.name" value="OpenJDK 64-Bit Server VM"/>
    <property name="localRepository" value="/home/gabriel/.m2/repository"/>
    <property name="java.vendor.url.bug" value="https://bugs.launchpad.net/ubuntu/+source/openjdk-lts"/>
    <property name="java.io.tmpdir" value="/tmp"/>
    <property name="java.version" value="11.0.14.1"/>
    <property name="user.dir" value="/home/gabriel/workspace/plexus-project/plexus-business"/>
    <property name="os.arch" value="amd64"/>
    <property name="java.vm.specification.name" value="Java Virtual Machine Specification"/>
    <property name="java.awt.printerjob" value="sun.print.PSPrinterJob"/>
    <property name="sun.os.patch.level" value="unknown"/>
    <property name="java.library.path" value="/usr/java/packages/lib:/usr/lib/x86_64-linux-gnu/jni:/lib/x86_64-linux-gnu:/usr/lib/x86_64-linux-gnu:/usr/lib/jni:/lib:/usr/lib"/>
    <property name="java.vm.info" value="mixed mode, sharing"/>
    <property name="java.vendor" value="Ubuntu"/>
    <property name="java.vm.version" value="11.0.14.1+1-Ubuntu-0ubuntu1.20.04"/>
    <property name="sun.io.unicode.encoding" value="UnicodeLittle"/>
    <property name="java.class.version" value="55.0"/>
  </properties>
  <testcase name="testCreate" classname="business.test.TestCreate" time="1.937">
    <error message="org.hibernate.exception.SQLGrammarException: could not execute statement" type="javax.persistence.PersistenceException">javax.persistence.PersistenceException: org.hibernate.exception.SQLGrammarException: could not execute statement
	at business.test.TestCreate.testCreate(TestCreate.java:57)
Caused by: org.hibernate.exception.SQLGrammarException: could not execute statement
	at business.test.TestCreate.testCreate(TestCreate.java:57)
Caused by: org.postgresql.util.PSQLException: 
ERROR: column "dtype" of relation "services" does not exist
  Position: 233
	at business.test.TestCreate.testCreate(TestCreate.java:57)
</error>
    <system-out><![CDATA[0    [main] DEBUG org.jboss.logging  - Logging Provider: org.jboss.logging.Log4jLoggerProvider
132  [main] DEBUG org.hibernate.jpa.HibernatePersistenceProvider  - Located and parsed 1 persistence units; checking each
132  [main] DEBUG org.hibernate.jpa.HibernatePersistenceProvider  - Checking persistence-unit [name=entityManager, explicit-provider=org.hibernate.jpa.HibernatePersistenceProvider] against incoming persistence unit name [entityManager]
133  [main] DEBUG org.hibernate.jpa.boot.spi.ProviderChecker  - Persistence-unit [entityManager] requested PersistenceProvider [org.hibernate.jpa.HibernatePersistenceProvider]
138  [main] DEBUG org.hibernate.jpa.internal.util.LogHelper  - PersistenceUnitInfo [
	name: entityManager
	persistence provider classname: org.hibernate.jpa.HibernatePersistenceProvider
	classloader: null
	excludeUnlistedClasses: false
	JTA datasource: null
	Non JTA datasource: null
	Transaction type: RESOURCE_LOCAL
	PU root URL: file:/home/gabriel/workspace/plexus-project/plexus-business/target/classes/
	Shared Cache Mode: null
	Validation Mode: null
	Jar files URLs []
	Managed classes names [
		com.company.plexus.business.entity.ServiceEntity]
	Mapping files names []
	Properties [
		javax.persistence.jdbc.driver: org.postgresql.Driver
		javax.persistence.jdbc.password: fuse
		hibernate.cache.provider_class: org.hibernate.cache.NoCacheProvider
		hibernate.dialect: org.hibernate.dialect.PostgreSQLDialect
		javax.persistence.jdbc.url: jdbc:postgresql://localhost:5432/gobcan_actions
		javax.persistence.jdbc.user: fuse]
141  [main] DEBUG org.hibernate.integrator.internal.IntegratorServiceImpl  - Adding Integrator [org.hibernate.cfg.beanvalidation.BeanValidationIntegrator].
142  [main] DEBUG org.hibernate.integrator.internal.IntegratorServiceImpl  - Adding Integrator [org.hibernate.secure.spi.JaccIntegrator].
145  [main] DEBUG org.hibernate.integrator.internal.IntegratorServiceImpl  - Adding Integrator [org.hibernate.cache.internal.CollectionCacheInvalidator].
176  [main] INFO  org.hibernate.Version  - HHH000412: Hibernate ORM core version 5.6.7.Final
178  [main] DEBUG org.hibernate.cfg.Environment  - HHH000206: hibernate.properties not found
315  [main] DEBUG org.hibernate.service.spi.ServiceBinding  - Overriding existing service binding [org.hibernate.secure.spi.JaccService]
324  [main] DEBUG org.hibernate.cache.internal.RegionFactoryInitiator  - Cannot default RegionFactory based on registered strategies as `[]` RegionFactory strategies were registered
324  [main] DEBUG org.hibernate.cache.internal.RegionFactoryInitiator  - Cache region factory : org.hibernate.cache.internal.NoCachingRegionFactory
337  [main] INFO  org.hibernate.annotations.common.Version  - HCANN000001: Hibernate Commons Annotations {5.1.2.Final}
365  [main] DEBUG org.hibernate.type.BasicTypeRegistry  - Adding type registration boolean -> org.hibernate.type.BooleanType@7f0d96f2
365  [main] DEBUG org.hibernate.type.BasicTypeRegistry  - Adding type registration boolean -> org.hibernate.type.BooleanType@7f0d96f2
366  [main] DEBUG org.hibernate.type.BasicTypeRegistry  - Adding type registration java.lang.Boolean -> org.hibernate.type.BooleanType@7f0d96f2
366  [main] DEBUG org.hibernate.type.BasicTypeRegistry  - Adding type registration numeric_boolean -> org.hibernate.type.NumericBooleanType@41e68d87
367  [main] DEBUG org.hibernate.type.BasicTypeRegistry  - Adding type registration true_false -> org.hibernate.type.TrueFalseType@77102b91
367  [main] DEBUG org.hibernate.type.BasicTypeRegistry  - Adding type registration yes_no -> org.hibernate.type.YesNoType@7331196b
368  [main] DEBUG org.hibernate.type.BasicTypeRegistry  - Adding type registration byte -> org.hibernate.type.ByteType@4b40f651
368  [main] DEBUG org.hibernate.type.BasicTypeRegistry  - Adding type registration byte -> org.hibernate.type.ByteType@4b40f651
368  [main] DEBUG org.hibernate.type.BasicTypeRegistry  - Adding type registration java.lang.Byte -> org.hibernate.type.ByteType@4b40f651
369  [main] DEBUG org.hibernate.type.BasicTypeRegistry  - Adding type registration character -> org.hibernate.type.CharacterType@27eedb64
369  [main] DEBUG org.hibernate.type.BasicTypeRegistry  - Adding type registration char -> org.hibernate.type.CharacterType@27eedb64
369  [main] DEBUG org.hibernate.type.BasicTypeRegistry  - Adding type registration java.lang.Character -> org.hibernate.type.CharacterType@27eedb64
370  [main] DEBUG org.hibernate.type.BasicTypeRegistry  - Adding type registration short -> org.hibernate.type.ShortType@38aa816f
370  [main] DEBUG org.hibernate.type.BasicTypeRegistry  - Adding type registration short -> org.hibernate.type.ShortType@38aa816f
370  [main] DEBUG org.hibernate.type.BasicTypeRegistry  - Adding type registration java.lang.Short -> org.hibernate.type.ShortType@38aa816f
371  [main] DEBUG org.hibernate.type.BasicTypeRegistry  - Adding type registration integer -> org.hibernate.type.IntegerType@39a2bb97
371  [main] DEBUG org.hibernate.type.BasicTypeRegistry  - Adding type registration int -> org.hibernate.type.IntegerType@39a2bb97
371  [main] DEBUG org.hibernate.type.BasicTypeRegistry  - Adding type registration java.lang.Integer -> org.hibernate.type.IntegerType@39a2bb97
372  [main] DEBUG org.hibernate.type.BasicTypeRegistry  - Adding type registration long -> org.hibernate.type.LongType@5bf8fa12
372  [main] DEBUG org.hibernate.type.BasicTypeRegistry  - Adding type registration long -> org.hibernate.type.LongType@5bf8fa12
372  [main] DEBUG org.hibernate.type.BasicTypeRegistry  - Adding type registration java.lang.Long -> org.hibernate.type.LongType@5bf8fa12
373  [main] DEBUG org.hibernate.type.BasicTypeRegistry  - Adding type registration float -> org.hibernate.type.FloatType@1a20270e
373  [main] DEBUG org.hibernate.type.BasicTypeRegistry  - Adding type registration float -> org.hibernate.type.FloatType@1a20270e
373  [main] DEBUG org.hibernate.type.BasicTypeRegistry  - Adding type registration java.lang.Float -> org.hibernate.type.FloatType@1a20270e
374  [main] DEBUG org.hibernate.type.BasicTypeRegistry  - Adding type registration double -> org.hibernate.type.DoubleType@4b79ac84
374  [main] DEBUG org.hibernate.type.BasicTypeRegistry  - Adding type registration double -> org.hibernate.type.DoubleType@4b79ac84
374  [main] DEBUG org.hibernate.type.BasicTypeRegistry  - Adding type registration java.lang.Double -> org.hibernate.type.DoubleType@4b79ac84
375  [main] DEBUG org.hibernate.type.BasicTypeRegistry  - Adding type registration big_decimal -> org.hibernate.type.BigDecimalType@2e6a5539
375  [main] DEBUG org.hibernate.type.BasicTypeRegistry  - Adding type registration java.math.BigDecimal -> org.hibernate.type.BigDecimalType@2e6a5539
375  [main] DEBUG org.hibernate.type.BasicTypeRegistry  - Adding type registration big_integer -> org.hibernate.type.BigIntegerType@1c481ff2
376  [main] DEBUG org.hibernate.type.BasicTypeRegistry  - Adding type registration java.math.BigInteger -> org.hibernate.type.BigIntegerType@1c481ff2
376  [main] DEBUG org.hibernate.type.BasicTypeRegistry  - Adding type registration string -> org.hibernate.type.StringType@32a68f4f
376  [main] DEBUG org.hibernate.type.BasicTypeRegistry  - Adding type registration java.lang.String -> org.hibernate.type.StringType@32a68f4f
377  [main] DEBUG org.hibernate.type.BasicTypeRegistry  - Adding type registration nstring -> org.hibernate.type.StringNVarcharType@3a4621bd
377  [main] DEBUG org.hibernate.type.BasicTypeRegistry  - Adding type registration ncharacter -> org.hibernate.type.CharacterNCharType@19b93fa8
378  [main] DEBUG org.hibernate.type.BasicTypeRegistry  - Adding type registration url -> org.hibernate.type.UrlType@177bea38
378  [main] DEBUG org.hibernate.type.BasicTypeRegistry  - Adding type registration java.net.URL -> org.hibernate.type.UrlType@177bea38
378  [main] DEBUG org.hibernate.type.BasicTypeRegistry  - Adding type registration Duration -> org.hibernate.type.DurationType@19835e64
378  [main] DEBUG org.hibernate.type.BasicTypeRegistry  - Adding type registration java.time.Duration -> org.hibernate.type.DurationType@19835e64
382  [main] DEBUG org.hibernate.type.BasicTypeRegistry  - Adding type registration Instant -> org.hibernate.type.InstantType@48e92c5c
382  [main] DEBUG org.hibernate.type.BasicTypeRegistry  - Adding type registration java.time.Instant -> org.hibernate.type.InstantType@48e92c5c
383  [main] DEBUG org.hibernate.type.BasicTypeRegistry  - Adding type registration LocalDateTime -> org.hibernate.type.LocalDateTimeType@7dda48d9
383  [main] DEBUG org.hibernate.type.BasicTypeRegistry  - Adding type registration java.time.LocalDateTime -> org.hibernate.type.LocalDateTimeType@7dda48d9
384  [main] DEBUG org.hibernate.type.BasicTypeRegistry  - Adding type registration LocalDate -> org.hibernate.type.LocalDateType@2a62b5bc
384  [main] DEBUG org.hibernate.type.BasicTypeRegistry  - Adding type registration java.time.LocalDate -> org.hibernate.type.LocalDateType@2a62b5bc
385  [main] DEBUG org.hibernate.type.BasicTypeRegistry  - Adding type registration LocalTime -> org.hibernate.type.LocalTimeType@1f3f02ee
385  [main] DEBUG org.hibernate.type.BasicTypeRegistry  - Adding type registration java.time.LocalTime -> org.hibernate.type.LocalTimeType@1f3f02ee
386  [main] DEBUG org.hibernate.type.BasicTypeRegistry  - Adding type registration OffsetDateTime -> org.hibernate.type.OffsetDateTimeType@47f9738
386  [main] DEBUG org.hibernate.type.BasicTypeRegistry  - Adding type registration java.time.OffsetDateTime -> org.hibernate.type.OffsetDateTimeType@47f9738
387  [main] DEBUG org.hibernate.type.BasicTypeRegistry  - Adding type registration OffsetTime -> org.hibernate.type.OffsetTimeType@388526fb
387  [main] DEBUG org.hibernate.type.BasicTypeRegistry  - Adding type registration java.time.OffsetTime -> org.hibernate.type.OffsetTimeType@388526fb
388  [main] DEBUG org.hibernate.type.BasicTypeRegistry  - Adding type registration ZonedDateTime -> org.hibernate.type.ZonedDateTimeType@460ebd80
388  [main] DEBUG org.hibernate.type.BasicTypeRegistry  - Adding type registration java.time.ZonedDateTime -> org.hibernate.type.ZonedDateTimeType@460ebd80
389  [main] DEBUG org.hibernate.type.BasicTypeRegistry  - Adding type registration date -> org.hibernate.type.DateType@6a55299e
390  [main] DEBUG org.hibernate.type.BasicTypeRegistry  - Adding type registration java.sql.Date -> org.hibernate.type.DateType@6a55299e
391  [main] DEBUG org.hibernate.type.BasicTypeRegistry  - Adding type registration time -> org.hibernate.type.TimeType@3da30852
391  [main] DEBUG org.hibernate.type.BasicTypeRegistry  - Adding type registration java.sql.Time -> org.hibernate.type.TimeType@3da30852
392  [main] DEBUG org.hibernate.type.BasicTypeRegistry  - Adding type registration timestamp -> org.hibernate.type.TimestampType@71c27ee8
392  [main] DEBUG org.hibernate.type.BasicTypeRegistry  - Adding type registration java.sql.Timestamp -> org.hibernate.type.TimestampType@71c27ee8
392  [main] DEBUG org.hibernate.type.BasicTypeRegistry  - Adding type registration java.util.Date -> org.hibernate.type.TimestampType@71c27ee8
394  [main] DEBUG org.hibernate.type.BasicTypeRegistry  - Adding type registration dbtimestamp -> org.hibernate.type.DbTimestampType@4b1d6571
394  [main] DEBUG org.hibernate.type.BasicTypeRegistry  - Adding type registration calendar -> org.hibernate.type.CalendarType@525575
395  [main] DEBUG org.hibernate.type.BasicTypeRegistry  - Adding type registration java.util.Calendar -> org.hibernate.type.CalendarType@525575
395  [main] DEBUG org.hibernate.type.BasicTypeRegistry  - Adding type registration java.util.GregorianCalendar -> org.hibernate.type.CalendarType@525575
395  [main] DEBUG org.hibernate.type.BasicTypeRegistry  - Adding type registration calendar_date -> org.hibernate.type.CalendarDateType@53dbe163
396  [main] DEBUG org.hibernate.type.BasicTypeRegistry  - Adding type registration calendar_time -> org.hibernate.type.CalendarTimeType@18a136ac
396  [main] DEBUG org.hibernate.type.BasicTypeRegistry  - Adding type registration locale -> org.hibernate.type.LocaleType@134d26af
397  [main] DEBUG org.hibernate.type.BasicTypeRegistry  - Adding type registration java.util.Locale -> org.hibernate.type.LocaleType@134d26af
397  [main] DEBUG org.hibernate.type.BasicTypeRegistry  - Adding type registration currency -> org.hibernate.type.CurrencyType@7862f56
397  [main] DEBUG org.hibernate.type.BasicTypeRegistry  - Adding type registration java.util.Currency -> org.hibernate.type.CurrencyType@7862f56
398  [main] DEBUG org.hibernate.type.BasicTypeRegistry  - Adding type registration timezone -> org.hibernate.type.TimeZoneType@33fe57a9
398  [main] DEBUG org.hibernate.type.BasicTypeRegistry  - Adding type registration java.util.TimeZone -> org.hibernate.type.TimeZoneType@33fe57a9
399  [main] DEBUG org.hibernate.type.BasicTypeRegistry  - Adding type registration class -> org.hibernate.type.ClassType@61a88b8c
399  [main] DEBUG org.hibernate.type.BasicTypeRegistry  - Adding type registration java.lang.Class -> org.hibernate.type.ClassType@61a88b8c
399  [main] DEBUG org.hibernate.type.BasicTypeRegistry  - Adding type registration uuid-binary -> org.hibernate.type.UUIDBinaryType@77258e59
399  [main] DEBUG org.hibernate.type.BasicTypeRegistry  - Adding type registration java.util.UUID -> org.hibernate.type.UUIDBinaryType@77258e59
400  [main] DEBUG org.hibernate.type.BasicTypeRegistry  - Adding type registration uuid-char -> org.hibernate.type.UUIDCharType@253d9f73
401  [main] DEBUG org.hibernate.type.BasicTypeRegistry  - Adding type registration binary -> org.hibernate.type.BinaryType@5dd1c9f2
401  [main] DEBUG org.hibernate.type.BasicTypeRegistry  - Adding type registration byte[] -> org.hibernate.type.BinaryType@5dd1c9f2
401  [main] DEBUG org.hibernate.type.BasicTypeRegistry  - Adding type registration [B -> org.hibernate.type.BinaryType@5dd1c9f2
401  [main] DEBUG org.hibernate.type.BasicTypeRegistry  - Adding type registration wrapper-binary -> org.hibernate.type.WrapperBinaryType@17aad511
402  [main] DEBUG org.hibernate.type.BasicTypeRegistry  - Adding type registration Byte[] -> org.hibernate.type.WrapperBinaryType@17aad511
402  [main] DEBUG org.hibernate.type.BasicTypeRegistry  - Adding type registration [Ljava.lang.Byte; -> org.hibernate.type.WrapperBinaryType@17aad511
402  [main] DEBUG org.hibernate.type.BasicTypeRegistry  - Adding type registration row_version -> org.hibernate.type.RowVersionType@5674e1f2
403  [main] DEBUG org.hibernate.type.BasicTypeRegistry  - Adding type registration image -> org.hibernate.type.ImageType@43f82e78
403  [main] DEBUG org.hibernate.type.BasicTypeRegistry  - Adding type registration characters -> org.hibernate.type.CharArrayType@530712d
403  [main] DEBUG org.hibernate.type.BasicTypeRegistry  - Adding type registration char[] -> org.hibernate.type.CharArrayType@530712d
403  [main] DEBUG org.hibernate.type.BasicTypeRegistry  - Adding type registration [C -> org.hibernate.type.CharArrayType@530712d
404  [main] DEBUG org.hibernate.type.BasicTypeRegistry  - Adding type registration wrapper-characters -> org.hibernate.type.CharacterArrayType@45fd9a4d
404  [main] DEBUG org.hibernate.type.BasicTypeRegistry  - Adding type registration [Ljava.lang.Character; -> org.hibernate.type.CharacterArrayType@45fd9a4d
404  [main] DEBUG org.hibernate.type.BasicTypeRegistry  - Adding type registration Character[] -> org.hibernate.type.CharacterArrayType@45fd9a4d
405  [main] DEBUG org.hibernate.type.BasicTypeRegistry  - Adding type registration text -> org.hibernate.type.TextType@76884e4b
407  [main] DEBUG org.hibernate.type.BasicTypeRegistry  - Adding type registration ntext -> org.hibernate.type.NTextType@35229f85
408  [main] DEBUG org.hibernate.type.BasicTypeRegistry  - Adding type registration blob -> org.hibernate.type.BlobType@5629510
408  [main] DEBUG org.hibernate.type.BasicTypeRegistry  - Adding type registration java.sql.Blob -> org.hibernate.type.BlobType@5629510
408  [main] DEBUG org.hibernate.type.BasicTypeRegistry  - Adding type registration materialized_blob -> org.hibernate.type.MaterializedBlobType@2826f61
409  [main] DEBUG org.hibernate.type.BasicTypeRegistry  - Adding type registration clob -> org.hibernate.type.ClobType@115667d
409  [main] DEBUG org.hibernate.type.BasicTypeRegistry  - Adding type registration java.sql.Clob -> org.hibernate.type.ClobType@115667d
410  [main] DEBUG org.hibernate.type.BasicTypeRegistry  - Adding type registration nclob -> org.hibernate.type.NClobType@635572a7
410  [main] DEBUG org.hibernate.type.BasicTypeRegistry  - Adding type registration java.sql.NClob -> org.hibernate.type.NClobType@635572a7
410  [main] DEBUG org.hibernate.type.BasicTypeRegistry  - Adding type registration materialized_clob -> org.hibernate.type.MaterializedClobType@7a1a3478
411  [main] DEBUG org.hibernate.type.BasicTypeRegistry  - Adding type registration materialized_nclob -> org.hibernate.type.MaterializedNClobType@93cf163
411  [main] DEBUG org.hibernate.type.BasicTypeRegistry  - Adding type registration serializable -> org.hibernate.type.SerializableType@623e088f
413  [main] DEBUG org.hibernate.type.BasicTypeRegistry  - Adding type registration object -> org.hibernate.type.ObjectType@7642df8f
413  [main] DEBUG org.hibernate.type.BasicTypeRegistry  - Adding type registration java.lang.Object -> org.hibernate.type.ObjectType@7642df8f
414  [main] DEBUG org.hibernate.type.BasicTypeRegistry  - Adding type registration imm_date -> org.hibernate.type.AdaptedImmutableType@37c7595
414  [main] DEBUG org.hibernate.type.BasicTypeRegistry  - Adding type registration imm_time -> org.hibernate.type.AdaptedImmutableType@3ed242a4
414  [main] DEBUG org.hibernate.type.BasicTypeRegistry  - Adding type registration imm_timestamp -> org.hibernate.type.AdaptedImmutableType@1199fe66
414  [main] DEBUG org.hibernate.type.BasicTypeRegistry  - Adding type registration imm_dbtimestamp -> org.hibernate.type.AdaptedImmutableType@614df0a4
414  [main] DEBUG org.hibernate.type.BasicTypeRegistry  - Adding type registration imm_calendar -> org.hibernate.type.AdaptedImmutableType@1fdf1c5
414  [main] DEBUG org.hibernate.type.BasicTypeRegistry  - Adding type registration imm_calendar_date -> org.hibernate.type.AdaptedImmutableType@2d96543c
414  [main] DEBUG org.hibernate.type.BasicTypeRegistry  - Adding type registration imm_binary -> org.hibernate.type.AdaptedImmutableType@73a2e526
414  [main] DEBUG org.hibernate.type.BasicTypeRegistry  - Adding type registration imm_serializable -> org.hibernate.type.AdaptedImmutableType@7d64e326
424  [main] DEBUG org.hibernate.boot.internal.BootstrapContextImpl  - Injecting ScanEnvironment [org.hibernate.jpa.boot.internal.StandardJpaScanEnvironmentImpl@74960bfa] into BootstrapContext; was [null]
424  [main] DEBUG org.hibernate.boot.internal.BootstrapContextImpl  - Injecting ScanOptions [org.hibernate.boot.archive.scan.internal.StandardScanOptions@42721fe] into BootstrapContext; was [org.hibernate.boot.archive.scan.internal.StandardScanOptions@40844aab]
473  [main] DEBUG org.hibernate.boot.internal.BootstrapContextImpl  - Injecting JPA temp ClassLoader [null] into BootstrapContext; was [null]
473  [main] DEBUG org.hibernate.boot.internal.ClassLoaderAccessImpl  - ClassLoaderAccessImpl#injectTempClassLoader(null) [was null]
480  [main] DEBUG org.hibernate.id.factory.internal.DefaultIdentifierGeneratorFactory  - Registering IdentifierGenerator strategy [uuid2] -> [org.hibernate.id.UUIDGenerator]
481  [main] DEBUG org.hibernate.id.factory.internal.DefaultIdentifierGeneratorFactory  - Registering IdentifierGenerator strategy [guid] -> [org.hibernate.id.GUIDGenerator]
481  [main] DEBUG org.hibernate.id.factory.internal.DefaultIdentifierGeneratorFactory  - Registering IdentifierGenerator strategy [uuid] -> [org.hibernate.id.UUIDHexGenerator]
481  [main] DEBUG org.hibernate.id.factory.internal.DefaultIdentifierGeneratorFactory  - Registering IdentifierGenerator strategy [uuid.hex] -> [org.hibernate.id.UUIDHexGenerator]
482  [main] DEBUG org.hibernate.id.factory.internal.DefaultIdentifierGeneratorFactory  - Registering IdentifierGenerator strategy [assigned] -> [org.hibernate.id.Assigned]
482  [main] DEBUG org.hibernate.id.factory.internal.DefaultIdentifierGeneratorFactory  - Registering IdentifierGenerator strategy [identity] -> [org.hibernate.id.IdentityGenerator]
482  [main] DEBUG org.hibernate.id.factory.internal.DefaultIdentifierGeneratorFactory  - Registering IdentifierGenerator strategy [select] -> [org.hibernate.id.SelectGenerator]
483  [main] DEBUG org.hibernate.id.factory.internal.DefaultIdentifierGeneratorFactory  - Registering IdentifierGenerator strategy [sequence] -> [org.hibernate.id.enhanced.SequenceStyleGenerator]
484  [main] DEBUG org.hibernate.id.factory.internal.DefaultIdentifierGeneratorFactory  - Registering IdentifierGenerator strategy [seqhilo] -> [org.hibernate.id.SequenceHiLoGenerator]
484  [main] DEBUG org.hibernate.id.factory.internal.DefaultIdentifierGeneratorFactory  - Registering IdentifierGenerator strategy [increment] -> [org.hibernate.id.IncrementGenerator]
484  [main] DEBUG org.hibernate.id.factory.internal.DefaultIdentifierGeneratorFactory  - Registering IdentifierGenerator strategy [foreign] -> [org.hibernate.id.ForeignGenerator]
484  [main] DEBUG org.hibernate.id.factory.internal.DefaultIdentifierGeneratorFactory  - Registering IdentifierGenerator strategy [sequence-identity] -> [org.hibernate.id.SequenceIdentityGenerator]
485  [main] DEBUG org.hibernate.id.factory.internal.DefaultIdentifierGeneratorFactory  - Registering IdentifierGenerator strategy [enhanced-sequence] -> [org.hibernate.id.enhanced.SequenceStyleGenerator]
485  [main] DEBUG org.hibernate.id.factory.internal.DefaultIdentifierGeneratorFactory  - Registering IdentifierGenerator strategy [enhanced-table] -> [org.hibernate.id.enhanced.TableGenerator]
489  [main] WARN  org.hibernate.orm.connections.pooling  - HHH10001002: Using Hibernate built-in connection pool (not for production use!)
495  [main] INFO  org.hibernate.orm.connections.pooling  - HHH10001005: using driver [org.postgresql.Driver] at URL [jdbc:postgresql://localhost:5432/gobcan_actions]
496  [main] INFO  org.hibernate.orm.connections.pooling  - HHH10001001: Connection properties: {password=fuse, user=fuse}
496  [main] INFO  org.hibernate.orm.connections.pooling  - HHH10001003: Autocommit mode: false
497  [main] DEBUG org.hibernate.engine.jdbc.connections.internal.DriverManagerConnectionProviderImpl  - Initializing Connection pool with 1 Connections
498  [main] INFO  org.hibernate.engine.jdbc.connections.internal.DriverManagerConnectionProviderImpl  - HHH000115: Hibernate connection pool size: 20 (min=1)
681  [main] DEBUG org.hibernate.engine.jdbc.env.internal.JdbcEnvironmentInitiator  - Database ->
       name : PostgreSQL
    version : 14.2 (Debian 14.2-1.pgdg110+1)
      major : 14
      minor : 2
681  [main] DEBUG org.hibernate.engine.jdbc.env.internal.JdbcEnvironmentInitiator  - Driver ->
       name : PostgreSQL JDBC Driver
    version : 42.3.0
      major : 42
      minor : 3
682  [main] DEBUG org.hibernate.engine.jdbc.env.internal.JdbcEnvironmentInitiator  - JDBC version : 4.2
691  [main] INFO  org.hibernate.dialect.Dialect  - HHH000400: Using dialect: org.hibernate.dialect.PostgreSQLDialect
703  [main] DEBUG org.hibernate.engine.jdbc.env.spi.IdentifierHelperBuilder  - JDBC driver metadata reported database stores quoted identifiers in neither upper, lower nor mixed case
724  [main] DEBUG org.hibernate.type.BasicTypeRegistry  - Adding type registration pg-uuid -> org.hibernate.type.PostgresUUIDType@4d157787
724  [main] DEBUG org.hibernate.type.BasicTypeRegistry  - Adding type registration java.util.UUID -> org.hibernate.type.PostgresUUIDType@4d157787
724  [main] DEBUG org.hibernate.type.BasicTypeRegistry  - HHH000270: Type registration [java.util.UUID] overrides previous : org.hibernate.type.UUIDBinaryType@77258e59
726  [main] DEBUG org.hibernate.type.spi.TypeConfiguration$Scope  - Scoping TypeConfiguration [org.hibernate.type.spi.TypeConfiguration@62c5bbdc] to MetadataBuildingContext [org.hibernate.boot.internal.MetadataBuildingContextRootImpl@7bdf6bb7]
1211 [main] DEBUG org.hibernate.boot.model.relational.Namespace  - Created database namespace [logicalName=Name{catalog=null, schema=null}, physicalName=Name{catalog=null, schema=null}]
1220 [main] DEBUG org.hibernate.cfg.AnnotationBinder  - Binding entity from annotated class: com.company.plexus.business.entity.ServiceEntity
1234 [main] DEBUG org.hibernate.cfg.Ejb3Column  - Binding column: Ejb3DiscriminatorColumn{logicalColumnName'DTYPE', discriminatorTypeName='string'}
1237 [main] DEBUG org.hibernate.cfg.annotations.EntityBinder  - Import with entity name ServiceEntity
1239 [main] DEBUG org.hibernate.cfg.annotations.EntityBinder  - Bind entity com.company.plexus.business.entity.ServiceEntity on table SERVICES
1254 [main] DEBUG org.hibernate.cfg.Ejb3Column  - Binding column: Ejb3Column{table=org.hibernate.mapping.Table(SERVICES), mappingColumn=CODE, insertable=true, updatable=true, unique=false}
1256 [main] DEBUG org.hibernate.boot.internal.ClassLoaderAccessImpl  - Not known whether passed class name [com.company.plexus.business.entity.ServiceEntity] is safe
1256 [main] DEBUG org.hibernate.boot.internal.ClassLoaderAccessImpl  - No temp ClassLoader provided; using live ClassLoader for loading potentially unsafe class : com.company.plexus.business.entity.ServiceEntity
1257 [main] DEBUG org.hibernate.cfg.annotations.PropertyBinder  - MetadataSourceProcessor property code with lazy=false
1258 [main] DEBUG org.hibernate.cfg.AbstractPropertyHolder  - Attempting to locate auto-apply AttributeConverter for property [com.company.plexus.business.entity.ServiceEntity:code]
1259 [main] DEBUG org.hibernate.cfg.annotations.SimpleValueBinder  - building SimpleValue for code
1259 [main] DEBUG org.hibernate.cfg.annotations.PropertyBinder  - Building property code
1262 [main] DEBUG org.hibernate.cfg.BinderHelper  - #makeIdGenerator(org.hibernate.mapping.SimpleValue([org.hibernate.mapping.Column(CODE)]), code, assigned, , ...)
1262 [main] DEBUG org.hibernate.cfg.Ejb3Column  - Binding column: Ejb3Column{table=org.hibernate.mapping.Table(SERVICES), mappingColumn=ACTION_TYPE, insertable=true, updatable=true, unique=false}
1262 [main] DEBUG org.hibernate.cfg.annotations.PropertyBinder  - MetadataSourceProcessor property action_type with lazy=false
1263 [main] DEBUG org.hibernate.cfg.AbstractPropertyHolder  - Attempting to locate auto-apply AttributeConverter for property [com.company.plexus.business.entity.ServiceEntity:action_type]
1263 [main] DEBUG org.hibernate.cfg.annotations.SimpleValueBinder  - building SimpleValue for action_type
1263 [main] DEBUG org.hibernate.cfg.annotations.PropertyBinder  - Building property action_type
1263 [main] DEBUG org.hibernate.cfg.Ejb3Column  - Binding column: Ejb3Column{table=org.hibernate.mapping.Table(SERVICES), mappingColumn=ADMIN_LEVEL, insertable=true, updatable=true, unique=false}
1263 [main] DEBUG org.hibernate.cfg.annotations.PropertyBinder  - MetadataSourceProcessor property admin_level with lazy=false
1263 [main] DEBUG org.hibernate.cfg.AbstractPropertyHolder  - Attempting to locate auto-apply AttributeConverter for property [com.company.plexus.business.entity.ServiceEntity:admin_level]
1263 [main] DEBUG org.hibernate.cfg.annotations.SimpleValueBinder  - building SimpleValue for admin_level
1263 [main] DEBUG org.hibernate.cfg.annotations.PropertyBinder  - Building property admin_level
1263 [main] DEBUG org.hibernate.cfg.Ejb3Column  - Binding column: Ejb3Column{table=org.hibernate.mapping.Table(SERVICES), mappingColumn=AMBIT, insertable=true, updatable=true, unique=false}
1264 [main] DEBUG org.hibernate.cfg.annotations.PropertyBinder  - MetadataSourceProcessor property ambit with lazy=false
1264 [main] DEBUG org.hibernate.cfg.AbstractPropertyHolder  - Attempting to locate auto-apply AttributeConverter for property [com.company.plexus.business.entity.ServiceEntity:ambit]
1264 [main] DEBUG org.hibernate.cfg.annotations.SimpleValueBinder  - building SimpleValue for ambit
1264 [main] DEBUG org.hibernate.cfg.annotations.PropertyBinder  - Building property ambit
1264 [main] DEBUG org.hibernate.cfg.Ejb3Column  - Binding column: Ejb3Column{table=org.hibernate.mapping.Table(SERVICES), mappingColumn=DEPARTMENT, insertable=true, updatable=true, unique=false}
1264 [main] DEBUG org.hibernate.cfg.annotations.PropertyBinder  - MetadataSourceProcessor property department with lazy=false
1264 [main] DEBUG org.hibernate.cfg.AbstractPropertyHolder  - Attempting to locate auto-apply AttributeConverter for property [com.company.plexus.business.entity.ServiceEntity:department]
1264 [main] DEBUG org.hibernate.cfg.annotations.SimpleValueBinder  - building SimpleValue for department
1264 [main] DEBUG org.hibernate.cfg.annotations.PropertyBinder  - Building property department
1264 [main] DEBUG org.hibernate.cfg.Ejb3Column  - Binding column: Ejb3Column{table=org.hibernate.mapping.Table(SERVICES), mappingColumn=FINISH_DATE, insertable=true, updatable=true, unique=false}
1264 [main] DEBUG org.hibernate.cfg.annotations.PropertyBinder  - MetadataSourceProcessor property finish_date with lazy=false
1264 [main] DEBUG org.hibernate.cfg.AbstractPropertyHolder  - Attempting to locate auto-apply AttributeConverter for property [com.company.plexus.business.entity.ServiceEntity:finish_date]
1264 [main] DEBUG org.hibernate.cfg.annotations.SimpleValueBinder  - building SimpleValue for finish_date
1265 [main] DEBUG org.hibernate.cfg.annotations.PropertyBinder  - Building property finish_date
1265 [main] DEBUG org.hibernate.cfg.Ejb3Column  - Binding column: Ejb3Column{table=org.hibernate.mapping.Table(SERVICES), mappingColumn=LAST_MODIFICATION_DATE, insertable=true, updatable=true, unique=false}
1265 [main] DEBUG org.hibernate.cfg.annotations.PropertyBinder  - MetadataSourceProcessor property last_modification_date with lazy=false
1265 [main] DEBUG org.hibernate.cfg.AbstractPropertyHolder  - Attempting to locate auto-apply AttributeConverter for property [com.company.plexus.business.entity.ServiceEntity:last_modification_date]
1265 [main] DEBUG org.hibernate.cfg.annotations.SimpleValueBinder  - building SimpleValue for last_modification_date
1265 [main] DEBUG org.hibernate.cfg.annotations.PropertyBinder  - Building property last_modification_date
1265 [main] DEBUG org.hibernate.cfg.Ejb3Column  - Binding column: Ejb3Column{table=org.hibernate.mapping.Table(SERVICES), mappingColumn=NAME, insertable=true, updatable=true, unique=false}
1265 [main] DEBUG org.hibernate.cfg.annotations.PropertyBinder  - MetadataSourceProcessor property name with lazy=false
1265 [main] DEBUG org.hibernate.cfg.AbstractPropertyHolder  - Attempting to locate auto-apply AttributeConverter for property [com.company.plexus.business.entity.ServiceEntity:name]
1265 [main] DEBUG org.hibernate.cfg.annotations.SimpleValueBinder  - building SimpleValue for name
1265 [main] DEBUG org.hibernate.cfg.annotations.PropertyBinder  - Building property name
1266 [main] DEBUG org.hibernate.cfg.Ejb3Column  - Binding column: Ejb3Column{table=org.hibernate.mapping.Table(SERVICES), mappingColumn=RELEASE_DATE, insertable=true, updatable=true, unique=false}
1266 [main] DEBUG org.hibernate.cfg.annotations.PropertyBinder  - MetadataSourceProcessor property release_date with lazy=false
1266 [main] DEBUG org.hibernate.cfg.AbstractPropertyHolder  - Attempting to locate auto-apply AttributeConverter for property [com.company.plexus.business.entity.ServiceEntity:release_date]
1266 [main] DEBUG org.hibernate.cfg.annotations.SimpleValueBinder  - building SimpleValue for release_date
1266 [main] DEBUG org.hibernate.cfg.annotations.PropertyBinder  - Building property release_date
1266 [main] DEBUG org.hibernate.cfg.Ejb3Column  - Binding column: Ejb3Column{table=org.hibernate.mapping.Table(SERVICES), mappingColumn=REMARKS, insertable=true, updatable=true, unique=false}
1266 [main] DEBUG org.hibernate.cfg.annotations.PropertyBinder  - MetadataSourceProcessor property remarks with lazy=false
1266 [main] DEBUG org.hibernate.cfg.AbstractPropertyHolder  - Attempting to locate auto-apply AttributeConverter for property [com.company.plexus.business.entity.ServiceEntity:remarks]
1266 [main] DEBUG org.hibernate.cfg.annotations.SimpleValueBinder  - building SimpleValue for remarks
1266 [main] DEBUG org.hibernate.cfg.annotations.PropertyBinder  - Building property remarks
1266 [main] DEBUG org.hibernate.cfg.Ejb3Column  - Binding column: Ejb3Column{table=org.hibernate.mapping.Table(SERVICES), mappingColumn=RESP_ADMIN_UNITY, insertable=true, updatable=true, unique=false}
1266 [main] DEBUG org.hibernate.cfg.annotations.PropertyBinder  - MetadataSourceProcessor property resp_admin_uni with lazy=false
1267 [main] DEBUG org.hibernate.cfg.AbstractPropertyHolder  - Attempting to locate auto-apply AttributeConverter for property [com.company.plexus.business.entity.ServiceEntity:resp_admin_uni]
1267 [main] DEBUG org.hibernate.cfg.annotations.SimpleValueBinder  - building SimpleValue for resp_admin_uni
1267 [main] DEBUG org.hibernate.cfg.annotations.PropertyBinder  - Building property resp_admin_uni
1267 [main] DEBUG org.hibernate.cfg.Ejb3Column  - Binding column: Ejb3Column{table=org.hibernate.mapping.Table(SERVICES), mappingColumn=ROUTE, insertable=true, updatable=true, unique=false}
1267 [main] DEBUG org.hibernate.cfg.annotations.PropertyBinder  - MetadataSourceProcessor property route with lazy=false
1267 [main] DEBUG org.hibernate.cfg.AbstractPropertyHolder  - Attempting to locate auto-apply AttributeConverter for property [com.company.plexus.business.entity.ServiceEntity:route]
1267 [main] DEBUG org.hibernate.cfg.annotations.SimpleValueBinder  - building SimpleValue for route
1267 [main] DEBUG org.hibernate.cfg.annotations.PropertyBinder  - Building property route
1267 [main] DEBUG org.hibernate.cfg.Ejb3Column  - Binding column: Ejb3Column{table=org.hibernate.mapping.Table(SERVICES), mappingColumn=SIA_CODE, insertable=true, updatable=true, unique=false}
1267 [main] DEBUG org.hibernate.cfg.annotations.PropertyBinder  - MetadataSourceProcessor property sia_code with lazy=false
1267 [main] DEBUG org.hibernate.cfg.AbstractPropertyHolder  - Attempting to locate auto-apply AttributeConverter for property [com.company.plexus.business.entity.ServiceEntity:sia_code]
1267 [main] DEBUG org.hibernate.cfg.annotations.SimpleValueBinder  - building SimpleValue for sia_code
1267 [main] DEBUG org.hibernate.cfg.annotations.PropertyBinder  - Building property sia_code
1267 [main] DEBUG org.hibernate.cfg.Ejb3Column  - Binding column: Ejb3Column{table=org.hibernate.mapping.Table(SERVICES), mappingColumn=SIA_UPDATE_DATE, insertable=true, updatable=true, unique=false}
1268 [main] DEBUG org.hibernate.cfg.annotations.PropertyBinder  - MetadataSourceProcessor property sia_update_date with lazy=false
1268 [main] DEBUG org.hibernate.cfg.AbstractPropertyHolder  - Attempting to locate auto-apply AttributeConverter for property [com.company.plexus.business.entity.ServiceEntity:sia_update_date]
1268 [main] DEBUG org.hibernate.cfg.annotations.SimpleValueBinder  - building SimpleValue for sia_update_date
1268 [main] DEBUG org.hibernate.cfg.annotations.PropertyBinder  - Building property sia_update_date
1268 [main] DEBUG org.hibernate.cfg.Ejb3Column  - Binding column: Ejb3Column{table=org.hibernate.mapping.Table(SERVICES), mappingColumn=SPECIFIC_NAME, insertable=true, updatable=true, unique=false}
1268 [main] DEBUG org.hibernate.cfg.annotations.PropertyBinder  - MetadataSourceProcessor property specific_name with lazy=false
1268 [main] DEBUG org.hibernate.cfg.AbstractPropertyHolder  - Attempting to locate auto-apply AttributeConverter for property [com.company.plexus.business.entity.ServiceEntity:specific_name]
1268 [main] DEBUG org.hibernate.cfg.annotations.SimpleValueBinder  - building SimpleValue for specific_name
1268 [main] DEBUG org.hibernate.cfg.annotations.PropertyBinder  - Building property specific_name
1268 [main] DEBUG org.hibernate.cfg.Ejb3Column  - Binding column: Ejb3Column{table=org.hibernate.mapping.Table(SERVICES), mappingColumn=START_DATE, insertable=true, updatable=true, unique=false}
1269 [main] DEBUG org.hibernate.cfg.annotations.PropertyBinder  - MetadataSourceProcessor property start_date with lazy=false
1269 [main] DEBUG org.hibernate.cfg.AbstractPropertyHolder  - Attempting to locate auto-apply AttributeConverter for property [com.company.plexus.business.entity.ServiceEntity:start_date]
1269 [main] DEBUG org.hibernate.cfg.annotations.SimpleValueBinder  - building SimpleValue for start_date
1269 [main] DEBUG org.hibernate.cfg.annotations.PropertyBinder  - Building property start_date
1269 [main] DEBUG org.hibernate.cfg.Ejb3Column  - Binding column: Ejb3Column{table=org.hibernate.mapping.Table(SERVICES), mappingColumn=START_OF_PROCEDURE, insertable=true, updatable=true, unique=false}
1269 [main] DEBUG org.hibernate.cfg.annotations.PropertyBinder  - MetadataSourceProcessor property start_of_procedure with lazy=false
1269 [main] DEBUG org.hibernate.cfg.AbstractPropertyHolder  - Attempting to locate auto-apply AttributeConverter for property [com.company.plexus.business.entity.ServiceEntity:start_of_procedure]
1269 [main] DEBUG org.hibernate.cfg.annotations.SimpleValueBinder  - building SimpleValue for start_of_procedure
1269 [main] DEBUG org.hibernate.cfg.annotations.PropertyBinder  - Building property start_of_procedure
1274 [main] DEBUG org.hibernate.cfg.AnnotationBinder  - Binding entity from annotated class: com.company.plexus.business.entity.ProcedureEntity
1274 [main] DEBUG org.hibernate.cfg.annotations.EntityBinder  - Import with entity name ProcedureEntity
1274 [main] WARN  org.hibernate.cfg.AnnotationBinder  - HHH000139: Illegal use of @Table in a subclass of a SINGLE_TABLE hierarchy: com.company.plexus.business.entity.ProcedureEntity
1278 [main] DEBUG org.hibernate.cfg.AnnotationBinder  - Skipping attribute [com.company.plexus.utils.AdminLevel : admin_level] as it was already processed as part of super hierarchy
1278 [main] DEBUG org.hibernate.cfg.AnnotationBinder  - Skipping attribute [com.company.plexus.utils.Ambit : ambit] as it was already processed as part of super hierarchy
1278 [main] DEBUG org.hibernate.cfg.AnnotationBinder  - Skipping attribute [int : code] as it was already processed as part of super hierarchy
1278 [main] DEBUG org.hibernate.cfg.AnnotationBinder  - Skipping attribute [com.company.plexus.utils.Department : department] as it was already processed as part of super hierarchy
1279 [main] DEBUG org.hibernate.cfg.Ejb3Column  - Binding column: Ejb3Column{table=org.hibernate.mapping.Table(SERVICES), mappingColumn=family, insertable=true, updatable=true, unique=false}
1279 [main] DEBUG org.hibernate.cfg.annotations.PropertyBinder  - MetadataSourceProcessor property family with lazy=false
1279 [main] DEBUG org.hibernate.cfg.AbstractPropertyHolder  - Attempting to locate auto-apply AttributeConverter for property [com.company.plexus.business.entity.ProcedureEntity:family]
1279 [main] DEBUG org.hibernate.cfg.annotations.SimpleValueBinder  - building SimpleValue for family
1279 [main] DEBUG org.hibernate.cfg.annotations.PropertyBinder  - Building property family
1279 [main] DEBUG org.hibernate.cfg.AnnotationBinder  - Skipping attribute [java.lang.String : finish_date] as it was already processed as part of super hierarchy
1280 [main] DEBUG org.hibernate.cfg.Ejb3Column  - Binding column: Ejb3Column{table=org.hibernate.mapping.Table(SERVICES), mappingColumn=id, insertable=true, updatable=true, unique=false}
1280 [main] DEBUG org.hibernate.cfg.annotations.PropertyBinder  - MetadataSourceProcessor property id with lazy=false
1280 [main] DEBUG org.hibernate.cfg.AbstractPropertyHolder  - Attempting to locate auto-apply AttributeConverter for property [com.company.plexus.business.entity.ProcedureEntity:id]
1280 [main] DEBUG org.hibernate.cfg.annotations.SimpleValueBinder  - building SimpleValue for id
1280 [main] DEBUG org.hibernate.cfg.annotations.PropertyBinder  - Building property id
1280 [main] DEBUG org.hibernate.cfg.AnnotationBinder  - Skipping attribute [java.lang.String : last_modification_date] as it was already processed as part of super hierarchy
1280 [main] DEBUG org.hibernate.cfg.AnnotationBinder  - Skipping attribute [java.lang.String : name] as it was already processed as part of super hierarchy
1280 [main] DEBUG org.hibernate.cfg.Ejb3Column  - Binding column: Ejb3Column{table=org.hibernate.mapping.Table(SERVICES), mappingColumn=procedure_type, insertable=true, updatable=true, unique=false}
1280 [main] DEBUG org.hibernate.cfg.annotations.PropertyBinder  - MetadataSourceProcessor property procedure_type with lazy=false
1280 [main] DEBUG org.hibernate.cfg.AbstractPropertyHolder  - Attempting to locate auto-apply AttributeConverter for property [com.company.plexus.business.entity.ProcedureEntity:procedure_type]
1281 [main] DEBUG org.hibernate.cfg.annotations.SimpleValueBinder  - building SimpleValue for procedure_type
1281 [main] DEBUG org.hibernate.cfg.annotations.PropertyBinder  - Building property procedure_type
1281 [main] DEBUG org.hibernate.cfg.AnnotationBinder  - Skipping attribute [java.lang.String : release_date] as it was already processed as part of super hierarchy
1281 [main] DEBUG org.hibernate.cfg.AnnotationBinder  - Skipping attribute [java.lang.String : remarks] as it was already processed as part of super hierarchy
1281 [main] DEBUG org.hibernate.cfg.AnnotationBinder  - Skipping attribute [com.company.plexus.utils.AdminUnity : resp_admin_uni] as it was already processed as part of super hierarchy
1282 [main] DEBUG org.hibernate.cfg.AnnotationBinder  - Skipping attribute [java.lang.String : route] as it was already processed as part of super hierarchy
1282 [main] DEBUG org.hibernate.cfg.AnnotationBinder  - Skipping attribute [java.lang.String : sia_code] as it was already processed as part of super hierarchy
1282 [main] DEBUG org.hibernate.cfg.AnnotationBinder  - Skipping attribute [java.lang.String : sia_update_date] as it was already processed as part of super hierarchy
1282 [main] DEBUG org.hibernate.cfg.AnnotationBinder  - Skipping attribute [java.lang.String : specific_name] as it was already processed as part of super hierarchy
1282 [main] DEBUG org.hibernate.cfg.AnnotationBinder  - Skipping attribute [java.lang.String : start_date] as it was already processed as part of super hierarchy
1282 [main] DEBUG org.hibernate.cfg.AnnotationBinder  - Skipping attribute [com.company.plexus.utils.ProcedureStart : start_of_procedure] as it was already processed as part of super hierarchy
1285 [main] DEBUG org.hibernate.cfg.annotations.SimpleValueBinder  - Starting fillSimpleValue for code
1285 [main] DEBUG org.hibernate.cfg.annotations.SimpleValueBinder  - Starting fillSimpleValue for action_type
1285 [main] DEBUG org.hibernate.cfg.annotations.SimpleValueBinder  - Starting fillSimpleValue for admin_level
1285 [main] DEBUG org.hibernate.cfg.annotations.SimpleValueBinder  - Starting fillSimpleValue for ambit
1285 [main] DEBUG org.hibernate.cfg.annotations.SimpleValueBinder  - Starting fillSimpleValue for department
1285 [main] DEBUG org.hibernate.cfg.annotations.SimpleValueBinder  - Starting fillSimpleValue for finish_date
1285 [main] DEBUG org.hibernate.cfg.annotations.SimpleValueBinder  - Starting fillSimpleValue for last_modification_date
1285 [main] DEBUG org.hibernate.cfg.annotations.SimpleValueBinder  - Starting fillSimpleValue for name
1285 [main] DEBUG org.hibernate.cfg.annotations.SimpleValueBinder  - Starting fillSimpleValue for release_date
1285 [main] DEBUG org.hibernate.cfg.annotations.SimpleValueBinder  - Starting fillSimpleValue for remarks
1285 [main] DEBUG org.hibernate.cfg.annotations.SimpleValueBinder  - Starting fillSimpleValue for resp_admin_uni
1285 [main] DEBUG org.hibernate.cfg.annotations.SimpleValueBinder  - Starting fillSimpleValue for route
1285 [main] DEBUG org.hibernate.cfg.annotations.SimpleValueBinder  - Starting fillSimpleValue for sia_code
1285 [main] DEBUG org.hibernate.cfg.annotations.SimpleValueBinder  - Starting fillSimpleValue for sia_update_date
1285 [main] DEBUG org.hibernate.cfg.annotations.SimpleValueBinder  - Starting fillSimpleValue for specific_name
1285 [main] DEBUG org.hibernate.cfg.annotations.SimpleValueBinder  - Starting fillSimpleValue for start_date
1285 [main] DEBUG org.hibernate.cfg.annotations.SimpleValueBinder  - Starting fillSimpleValue for start_of_procedure
1286 [main] DEBUG org.hibernate.cfg.annotations.SimpleValueBinder  - Starting fillSimpleValue for family
1286 [main] DEBUG org.hibernate.cfg.annotations.SimpleValueBinder  - Starting fillSimpleValue for id
1286 [main] DEBUG org.hibernate.cfg.annotations.SimpleValueBinder  - Starting fillSimpleValue for procedure_type
1287 [main] DEBUG org.hibernate.mapping.PrimaryKey  - Forcing column [code] to be non-null as it is part of the primary key for table [services]
1318 [main] DEBUG org.hibernate.internal.SessionFactoryImpl  - Building session factory
1319 [main] DEBUG org.hibernate.cfg.Settings  - SessionFactory name : null
1319 [main] DEBUG org.hibernate.cfg.Settings  - Automatic flush during beforeCompletion(): enabled
1319 [main] DEBUG org.hibernate.cfg.Settings  - Automatic session close at end of transaction: disabled
1319 [main] DEBUG org.hibernate.cfg.Settings  - Statistics: disabled
1319 [main] DEBUG org.hibernate.cfg.Settings  - Deleted entity synthetic identifier rollback: disabled
1319 [main] DEBUG org.hibernate.cfg.Settings  - Default entity-mode: pojo
1319 [main] DEBUG org.hibernate.cfg.Settings  - Check Nullability in Core (should be disabled when Bean Validation is on): enabled
1319 [main] DEBUG org.hibernate.cfg.Settings  - Allow initialization of lazy state outside session : disabled
1319 [main] DEBUG org.hibernate.cfg.Settings  - Using BatchFetchStyle : LEGACY
1319 [main] DEBUG org.hibernate.cfg.Settings  - Default batch fetch size: -1
1319 [main] DEBUG org.hibernate.cfg.Settings  - Maximum outer join fetch depth: null
1320 [main] DEBUG org.hibernate.cfg.Settings  - Default null ordering: NONE
1320 [main] DEBUG org.hibernate.cfg.Settings  - Order SQL updates by primary key: disabled
1320 [main] DEBUG org.hibernate.cfg.Settings  - Order SQL inserts for batching: disabled
1320 [main] DEBUG org.hibernate.cfg.Settings  - multi-tenancy strategy : NONE
1320 [main] DEBUG org.hibernate.cfg.Settings  - JTA Track by Thread: enabled
1320 [main] DEBUG org.hibernate.cfg.Settings  - Query language substitutions: {}
1320 [main] DEBUG org.hibernate.cfg.Settings  - Named query checking : enabled
1320 [main] DEBUG org.hibernate.cfg.Settings  - Second-level cache: disabled
1320 [main] DEBUG org.hibernate.cfg.Settings  - Second-level query cache: disabled
1320 [main] DEBUG org.hibernate.cfg.Settings  - Second-level query cache factory: null
1320 [main] DEBUG org.hibernate.cfg.Settings  - Second-level cache region prefix: null
1320 [main] DEBUG org.hibernate.cfg.Settings  - Optimize second-level cache for minimal puts: disabled
1320 [main] DEBUG org.hibernate.cfg.Settings  - Structured second-level cache entries: disabled
1320 [main] DEBUG org.hibernate.cfg.Settings  - Second-level cache direct-reference entries: disabled
1320 [main] DEBUG org.hibernate.cfg.Settings  - Automatic eviction of collection cache: disabled
1320 [main] DEBUG org.hibernate.cfg.Settings  - JDBC batch size: 15
1320 [main] DEBUG org.hibernate.cfg.Settings  - JDBC batch updates for versioned data: enabled
1320 [main] DEBUG org.hibernate.cfg.Settings  - Scrollable result sets: enabled
1320 [main] DEBUG org.hibernate.cfg.Settings  - Wrap result sets: disabled
1320 [main] DEBUG org.hibernate.cfg.Settings  - JDBC3 getGeneratedKeys(): enabled
1320 [main] DEBUG org.hibernate.cfg.Settings  - JDBC result set fetch size: null
1320 [main] DEBUG org.hibernate.cfg.Settings  - Connection release mode: AFTER_TRANSACTION
1320 [main] DEBUG org.hibernate.cfg.Settings  - Generate SQL with comments: disabled
1320 [main] DEBUG org.hibernate.cfg.Settings  - JPA compliance - query : disabled
1320 [main] DEBUG org.hibernate.cfg.Settings  - JPA compliance - closed-handling : disabled
1320 [main] DEBUG org.hibernate.cfg.Settings  - JPA compliance - lists : disabled
1320 [main] DEBUG org.hibernate.cfg.Settings  - JPA compliance - transactions : disabled
1327 [main] DEBUG org.hibernate.boot.internal.ClassLoaderAccessImpl  - Not known whether passed class name [com.company.plexus.business.entity.ProcedureEntity] is safe
1328 [main] DEBUG org.hibernate.boot.internal.ClassLoaderAccessImpl  - No temp ClassLoader provided; using live ClassLoader for loading potentially unsafe class : com.company.plexus.business.entity.ProcedureEntity
1374 [main] DEBUG org.hibernate.service.internal.SessionFactoryServiceRegistryImpl  - EventListenerRegistry access via ServiceRegistry is deprecated.  Use `sessionFactory.getEventEngine().getListenerRegistry()` instead
1375 [main] DEBUG org.hibernate.service.internal.SessionFactoryServiceRegistryImpl  - EventListenerRegistry access via ServiceRegistry is deprecated.  Use `sessionFactory.getEventEngine().getListenerRegistry()` instead
1385 [main] DEBUG org.hibernate.internal.SessionFactoryImpl  - Session factory constructed with filter configurations : {}
1385 [main] DEBUG org.hibernate.internal.SessionFactoryImpl  - Instantiating session factory with properties: {sun.desktop=gnome, awt.toolkit=sun.awt.X11.XToolkit, java.specification.version=11, sun.cpu.isalist=, sun.jnu.encoding=UTF-8, hibernate.dialect=org.hibernate.dialect.PostgreSQLDialect, java.class.path=/home/gabriel/workspace/plexus-project/plexus-business/target/test-classes:/home/gabriel/workspace/plexus-project/plexus-business/target/classes:/home/gabriel/.m2/repository/org/apache/camel/camel-core/3.15.0/camel-core-3.15.0.jar:/home/gabriel/.m2/repository/org/apache/camel/camel-core-engine/3.15.0/camel-core-engine-3.15.0.jar:/home/gabriel/.m2/repository/org/apache/camel/camel-api/3.15.0/camel-api-3.15.0.jar:/home/gabriel/.m2/repository/org/apache/camel/camel-base-engine/3.15.0/camel-base-engine-3.15.0.jar:/home/gabriel/.m2/repository/org/apache/camel/camel-base/3.15.0/camel-base-3.15.0.jar:/home/gabriel/.m2/repository/org/apache/camel/camel-core-reifier/3.15.0/camel-core-reifier-3.15.0.jar:/home/gabriel/.m2/repository/org/apache/camel/camel-core-processor/3.15.0/camel-core-processor-3.15.0.jar:/home/gabriel/.m2/repository/org/apache/camel/camel-management-api/3.15.0/camel-management-api-3.15.0.jar:/home/gabriel/.m2/repository/org/apache/camel/camel-util/3.15.0/camel-util-3.15.0.jar:/home/gabriel/.m2/repository/org/apache/camel/camel-core-languages/3.15.0/camel-core-languages-3.15.0.jar:/home/gabriel/.m2/repository/org/apache/camel/camel-core-model/3.15.0/camel-core-model-3.15.0.jar:/home/gabriel/.m2/repository/org/apache/camel/camel-bean/3.15.0/camel-bean-3.15.0.jar:/home/gabriel/.m2/repository/org/apache/camel/camel-browse/3.15.0/camel-browse-3.15.0.jar:/home/gabriel/.m2/repository/org/apache/camel/camel-cluster/3.15.0/camel-cluster-3.15.0.jar:/home/gabriel/.m2/repository/org/apache/camel/camel-controlbus/3.15.0/camel-controlbus-3.15.0.jar:/home/gabriel/.m2/repository/org/apache/camel/camel-dataformat/3.15.0/camel-dataformat-3.15.0.jar:/home/gabriel/.m2/repository/org/apache/camel/camel-dataset/3.15.0/camel-dataset-3.15.0.jar:/home/gabriel/.m2/repository/org/apache/camel/camel-direct/3.15.0/camel-direct-3.15.0.jar:/home/gabriel/.m2/repository/org/apache/camel/camel-directvm/3.15.0/camel-directvm-3.15.0.jar:/home/gabriel/.m2/repository/org/apache/camel/camel-file/3.15.0/camel-file-3.15.0.jar:/home/gabriel/.m2/repository/org/apache/camel/camel-health/3.15.0/camel-health-3.15.0.jar:/home/gabriel/.m2/repository/org/apache/camel/camel-language/3.15.0/camel-language-3.15.0.jar:/home/gabriel/.m2/repository/org/apache/camel/camel-log/3.15.0/camel-log-3.15.0.jar:/home/gabriel/.m2/repository/org/apache/camel/camel-mock/3.15.0/camel-mock-3.15.0.jar:/home/gabriel/.m2/repository/org/apache/camel/camel-ref/3.15.0/camel-ref-3.15.0.jar:/home/gabriel/.m2/repository/org/apache/camel/camel-rest/3.15.0/camel-rest-3.15.0.jar:/home/gabriel/.m2/repository/org/apache/camel/camel-tooling-model/3.15.0/camel-tooling-model-3.15.0.jar:/home/gabriel/.m2/repository/org/apache/camel/camel-util-json/3.15.0/camel-util-json-3.15.0.jar:/home/gabriel/.m2/repository/org/apache/camel/camel-saga/3.15.0/camel-saga-3.15.0.jar:/home/gabriel/.m2/repository/org/apache/camel/camel-scheduler/3.15.0/camel-scheduler-3.15.0.jar:/home/gabriel/.m2/repository/org/apache/camel/camel-seda/3.15.0/camel-seda-3.15.0.jar:/home/gabriel/.m2/repository/org/apache/camel/camel-stub/3.15.0/camel-stub-3.15.0.jar:/home/gabriel/.m2/repository/org/apache/camel/camel-timer/3.15.0/camel-timer-3.15.0.jar:/home/gabriel/.m2/repository/org/apache/camel/camel-validator/3.15.0/camel-validator-3.15.0.jar:/home/gabriel/.m2/repository/org/apache/camel/camel-vm/3.15.0/camel-vm-3.15.0.jar:/home/gabriel/.m2/repository/org/apache/camel/camel-xpath/3.15.0/camel-xpath-3.15.0.jar:/home/gabriel/.m2/repository/org/apache/camel/camel-xslt/3.15.0/camel-xslt-3.15.0.jar:/home/gabriel/.m2/repository/org/apache/camel/camel-xml-jaxb/3.15.0/camel-xml-jaxb-3.15.0.jar:/home/gabriel/.m2/repository/jakarta/xml/bind/jakarta.xml.bind-api/2.3.3/jakarta.xml.bind-api-2.3.3.jar:/home/gabriel/.m2/repository/jakarta/activation/jakarta.activation-api/1.2.2/jakarta.activation-api-1.2.2.jar:/home/gabriel/.m2/repository/com/sun/xml/bind/jaxb-core/2.3.0/jaxb-core-2.3.0.jar:/home/gabriel/.m2/repository/com/sun/xml/bind/jaxb-impl/2.3.3/jaxb-impl-2.3.3.jar:/home/gabriel/.m2/repository/org/apache/camel/camel-xml-jaxp/3.15.0/camel-xml-jaxp-3.15.0.jar:/home/gabriel/.m2/repository/org/apache/camel/camel-xml-io-util/3.15.0/camel-xml-io-util-3.15.0.jar:/home/gabriel/.m2/repository/org/apache/camel/camel-test/3.15.0/camel-test-3.15.0.jar:/home/gabriel/.m2/repository/org/assertj/assertj-core/3.22.0/assertj-core-3.22.0.jar:/home/gabriel/.m2/repository/com/mycompany/plexus-interface/1.0.0-SNAPSHOT/plexus-interface-1.0.0-SNAPSHOT.jar:/home/gabriel/.m2/repository/javax/xml/ws/jaxws-api/2.3.1/jaxws-api-2.3.1.jar:/home/gabriel/.m2/repository/javax/xml/bind/jaxb-api/2.3.1/jaxb-api-2.3.1.jar:/home/gabriel/.m2/repository/javax/xml/soap/javax.xml.soap-api/1.4.0/javax.xml.soap-api-1.4.0.jar:/home/gabriel/.m2/repository/javax/annotation/javax.annotation-api/1.3.2/javax.annotation-api-1.3.2.jar:/home/gabriel/.m2/repository/com/sun/xml/ws/jaxws-rt/2.3.5/jaxws-rt-2.3.5.jar:/home/gabriel/.m2/repository/com/sun/xml/ws/policy/2.7.10/policy-2.7.10.jar:/home/gabriel/.m2/repository/org/glassfish/ha/ha-api/3.1.13/ha-api-3.1.13.jar:/home/gabriel/.m2/repository/org/glassfish/external/management-api/3.2.3/management-api-3.2.3.jar:/home/gabriel/.m2/repository/org/glassfish/gmbal/gmbal-api-only/4.0.3/gmbal-api-only-4.0.3.jar:/home/gabriel/.m2/repository/org/jvnet/staxex/stax-ex/1.8.3/stax-ex-1.8.3.jar:/home/gabriel/.m2/repository/com/sun/xml/stream/buffer/streambuffer/1.5.10/streambuffer-1.5.10.jar:/home/gabriel/.m2/repository/org/jvnet/mimepull/mimepull/1.9.15/mimepull-1.9.15.jar:/home/gabriel/.m2/repository/com/sun/xml/fastinfoset/FastInfoset/1.2.18/FastInfoset-1.2.18.jar:/home/gabriel/.m2/repository/com/sun/activation/jakarta.activation/1.2.2/jakarta.activation-1.2.2.jar:/home/gabriel/.m2/repository/com/sun/mail/jakarta.mail/1.6.7/jakarta.mail-1.6.7.jar:/home/gabriel/.m2/repository/com/sun/xml/messaging/saaj/saaj-impl/1.5.3/saaj-impl-1.5.3.jar:/home/gabriel/.m2/repository/com/fasterxml/woodstox/woodstox-core/6.2.6/woodstox-core-6.2.6.jar:/home/gabriel/.m2/repository/org/codehaus/woodstox/stax2-api/4.2.1/stax2-api-4.2.1.jar:/home/gabriel/.m2/repository/jakarta/xml/ws/jakarta.xml.ws-api/2.3.3/jakarta.xml.ws-api-2.3.3.jar:/home/gabriel/.m2/repository/jakarta/xml/soap/jakarta.xml.soap-api/1.4.2/jakarta.xml.soap-api-1.4.2.jar:/home/gabriel/.m2/repository/jakarta/jws/jakarta.jws-api/2.1.0/jakarta.jws-api-2.1.0.jar:/home/gabriel/.m2/repository/jakarta/annotation/jakarta.annotation-api/1.3.5/jakarta.annotation-api-1.3.5.jar:/home/gabriel/.m2/repository/org/apache/camel/camel-jaxb/3.16.0/camel-jaxb-3.16.0.jar:/home/gabriel/.m2/repository/org/hibernate/hibernate-core/5.6.7.Final/hibernate-core-5.6.7.Final.jar:/home/gabriel/.m2/repository/org/jboss/logging/jboss-logging/3.4.3.Final/jboss-logging-3.4.3.Final.jar:/home/gabriel/.m2/repository/javax/persistence/javax.persistence-api/2.2/javax.persistence-api-2.2.jar:/home/gabriel/.m2/repository/net/bytebuddy/byte-buddy/1.12.8/byte-buddy-1.12.8.jar:/home/gabriel/.m2/repository/antlr/antlr/2.7.7/antlr-2.7.7.jar:/home/gabriel/.m2/repository/org/jboss/spec/javax/transaction/jboss-transaction-api_1.2_spec/1.1.1.Final/jboss-transaction-api_1.2_spec-1.1.1.Final.jar:/home/gabriel/.m2/repository/org/jboss/jandex/2.4.2.Final/jandex-2.4.2.Final.jar:/home/gabriel/.m2/repository/com/fasterxml/classmate/1.5.1/classmate-1.5.1.jar:/home/gabriel/.m2/repository/javax/activation/javax.activation-api/1.2.0/javax.activation-api-1.2.0.jar:/home/gabriel/.m2/repository/org/hibernate/common/hibernate-commons-annotations/5.1.2.Final/hibernate-commons-annotations-5.1.2.Final.jar:/home/gabriel/.m2/repository/org/glassfish/jaxb/jaxb-runtime/2.3.1/jaxb-runtime-2.3.1.jar:/home/gabriel/.m2/repository/org/glassfish/jaxb/txw2/2.3.1/txw2-2.3.1.jar:/home/gabriel/.m2/repository/com/sun/istack/istack-commons-runtime/3.0.7/istack-commons-runtime-3.0.7.jar:/home/gabriel/.m2/repository/org/apache/camel/camel-cxf/3.15.0/camel-cxf-3.15.0.jar:/home/gabriel/.m2/repository/org/apache/camel/camel-support/3.15.0/camel-support-3.15.0.jar:/home/gabriel/.m2/repository/org/apache/camel/camel-attachments/3.15.0/camel-attachments-3.15.0.jar:/home/gabriel/.m2/repository/com/sun/activation/javax.activation/1.2.0/javax.activation-1.2.0.jar:/home/gabriel/.m2/repository/org/apache/camel/camel-spring-xml/3.15.0/camel-spring-xml-3.15.0.jar:/home/gabriel/.m2/repository/org/apache/camel/camel-spring/3.15.0/camel-spring-3.15.0.jar:/home/gabriel/.m2/repository/org/springframework/spring-tx/5.3.15/spring-tx-5.3.15.jar:/home/gabriel/.m2/repository/org/apache/camel/camel-core-xml/3.15.0/camel-core-xml-3.15.0.jar:/home/gabriel/.m2/repository/org/apache/camel/camel-cxf-transport/3.15.0/camel-cxf-transport-3.15.0.jar:/home/gabriel/.m2/repository/org/apache/camel/camel-http-base/3.15.0/camel-http-base-3.15.0.jar:/home/gabriel/.m2/repository/javax/servlet/javax.servlet-api/3.1.0/javax.servlet-api-3.1.0.jar:/home/gabriel/.m2/repository/org/apache/cxf/cxf-rt-frontend-jaxrs/3.5.0/cxf-rt-frontend-jaxrs-3.5.0.jar:/home/gabriel/.m2/repository/org/apache/cxf/cxf-core/3.5.0/cxf-core-3.5.0.jar:/home/gabriel/.m2/repository/org/apache/ws/xmlschema/xmlschema-core/2.3.0/xmlschema-core-2.3.0.jar:/home/gabriel/.m2/repository/jakarta/ws/rs/jakarta.ws.rs-api/2.1.6/jakarta.ws.rs-api-2.1.6.jar:/home/gabriel/.m2/repository/org/apache/cxf/cxf-rt-transports-http/3.5.0/cxf-rt-transports-http-3.5.0.jar:/home/gabriel/.m2/repository/org/apache/cxf/cxf-rt-security/3.5.0/cxf-rt-security-3.5.0.jar:/home/gabriel/.m2/repository/org/apache/geronimo/specs/geronimo-jta_1.1_spec/1.1.1/geronimo-jta_1.1_spec-1.1.1.jar:/home/gabriel/.m2/repository/org/apache/cxf/cxf-rt-frontend-jaxws/3.5.0/cxf-rt-frontend-jaxws-3.5.0.jar:/home/gabriel/.m2/repository/xml-resolver/xml-resolver/1.2/xml-resolver-1.2.jar:/home/gabriel/.m2/repository/org/ow2/asm/asm/9.2/asm-9.2.jar:/home/gabriel/.m2/repository/org/apache/cxf/cxf-rt-bindings-xml/3.5.0/cxf-rt-bindings-xml-3.5.0.jar:/home/gabriel/.m2/repository/org/apache/cxf/cxf-rt-frontend-simple/3.5.0/cxf-rt-frontend-simple-3.5.0.jar:/home/gabriel/.m2/repository/org/apache/cxf/cxf-rt-ws-addr/3.5.0/cxf-rt-ws-addr-3.5.0.jar:/home/gabriel/.m2/repository/org/apache/cxf/cxf-rt-ws-policy/3.5.0/cxf-rt-ws-policy-3.5.0.jar:/home/gabriel/.m2/repository/org/apache/neethi/neethi/3.2.0/neethi-3.2.0.jar:/home/gabriel/.m2/repository/org/apache/cxf/cxf-rt-rs-client/3.5.0/cxf-rt-rs-client-3.5.0.jar:/home/gabriel/.m2/repository/org/apache/cxf/cxf-rt-features-logging/3.5.0/cxf-rt-features-logging-3.5.0.jar:/home/gabriel/.m2/repository/org/springframework/spring-beans/5.3.15/spring-beans-5.3.15.jar:/home/gabriel/.m2/repository/org/springframework/spring-core/5.3.15/spring-core-5.3.15.jar:/home/gabriel/.m2/repository/org/springframework/spring-jcl/5.3.15/spring-jcl-5.3.15.jar:/home/gabriel/.m2/repository/org/springframework/spring-context/5.3.15/spring-context-5.3.15.jar:/home/gabriel/.m2/repository/org/springframework/spring-aop/5.3.15/spring-aop-5.3.15.jar:/home/gabriel/.m2/repository/org/springframework/spring-expression/5.3.15/spring-expression-5.3.15.jar:/home/gabriel/.m2/repository/org/apache/cxf/cxf-rt-bindings-soap/3.5.0/cxf-rt-bindings-soap-3.5.0.jar:/home/gabriel/.m2/repository/org/apache/cxf/cxf-rt-wsdl/3.5.0/cxf-rt-wsdl-3.5.0.jar:/home/gabriel/.m2/repository/wsdl4j/wsdl4j/1.6.3/wsdl4j-1.6.3.jar:/home/gabriel/.m2/repository/org/apache/cxf/cxf-rt-databinding-jaxb/3.5.0/cxf-rt-databinding-jaxb-3.5.0.jar:/home/gabriel/.m2/repository/org/mapstruct/mapstruct/1.4.2.Final/mapstruct-1.4.2.Final.jar:/home/gabriel/.m2/repository/com/mycompany/plexus-datastore/1.0.0-SNAPSHOT/plexus-datastore-1.0.0-SNAPSHOT.jar:/home/gabriel/.m2/repository/org/postgresql/postgresql/42.3.0/postgresql-42.3.0.jar:/home/gabriel/.m2/repository/org/checkerframework/checker-qual/3.5.0/checker-qual-3.5.0.jar:/home/gabriel/.m2/repository/org/qlrm/qlrm/3.0.4/qlrm-3.0.4.jar:/home/gabriel/.m2/repository/org/slf4j/slf4j-api/1.7.36/slf4j-api-1.7.36.jar:/home/gabriel/.m2/repository/org/slf4j/slf4j-reload4j/1.7.36/slf4j-reload4j-1.7.36.jar:/home/gabriel/.m2/repository/ch/qos/reload4j/reload4j/1.2.19/reload4j-1.2.19.jar:/home/gabriel/.m2/repository/junit/junit/4.13/junit-4.13.jar:/home/gabriel/.m2/repository/org/hamcrest/hamcrest-core/1.3/hamcrest-core-1.3.jar:/home/gabriel/.m2/repository/log4j/log4j/1.2.17/log4j-1.2.17.jar:, java.vm.vendor=Ubuntu, sun.arch.data.model=64, java.vendor.url=https://ubuntu.com/, user.timezone=, javax.persistence.jdbc.url=jdbc:postgresql://localhost:5432/gobcan_actions, javax.persistence.jdbc.user=****, os.name=Linux, java.vm.specification.version=11, jakarta.persistence.jdbc.password=****, sun.java.launcher=SUN_STANDARD, user.country=US, local.setting.IS_JTA_TXN_COORD=false, sun.boot.library.path=/usr/lib/jvm/java-11-openjdk-amd64/lib, sun.java.command=/home/gabriel/workspace/plexus-project/plexus-business/target/surefire/surefirebooter15547697368737914809.jar /home/gabriel/workspace/plexus-project/plexus-business/target/surefire 2022-04-28T13-19-43_780-jvmRun1 surefire12730016627587773368tmp surefire_03307945797052092651tmp, jdk.debug=release, surefire.test.class.path=/home/gabriel/workspace/plexus-project/plexus-business/target/test-classes:/home/gabriel/workspace/plexus-project/plexus-business/target/classes:/home/gabriel/.m2/repository/org/apache/camel/camel-core/3.15.0/camel-core-3.15.0.jar:/home/gabriel/.m2/repository/org/apache/camel/camel-core-engine/3.15.0/camel-core-engine-3.15.0.jar:/home/gabriel/.m2/repository/org/apache/camel/camel-api/3.15.0/camel-api-3.15.0.jar:/home/gabriel/.m2/repository/org/apache/camel/camel-base-engine/3.15.0/camel-base-engine-3.15.0.jar:/home/gabriel/.m2/repository/org/apache/camel/camel-base/3.15.0/camel-base-3.15.0.jar:/home/gabriel/.m2/repository/org/apache/camel/camel-core-reifier/3.15.0/camel-core-reifier-3.15.0.jar:/home/gabriel/.m2/repository/org/apache/camel/camel-core-processor/3.15.0/camel-core-processor-3.15.0.jar:/home/gabriel/.m2/repository/org/apache/camel/camel-management-api/3.15.0/camel-management-api-3.15.0.jar:/home/gabriel/.m2/repository/org/apache/camel/camel-util/3.15.0/camel-util-3.15.0.jar:/home/gabriel/.m2/repository/org/apache/camel/camel-core-languages/3.15.0/camel-core-languages-3.15.0.jar:/home/gabriel/.m2/repository/org/apache/camel/camel-core-model/3.15.0/camel-core-model-3.15.0.jar:/home/gabriel/.m2/repository/org/apache/camel/camel-bean/3.15.0/camel-bean-3.15.0.jar:/home/gabriel/.m2/repository/org/apache/camel/camel-browse/3.15.0/camel-browse-3.15.0.jar:/home/gabriel/.m2/repository/org/apache/camel/camel-cluster/3.15.0/camel-cluster-3.15.0.jar:/home/gabriel/.m2/repository/org/apache/camel/camel-controlbus/3.15.0/camel-controlbus-3.15.0.jar:/home/gabriel/.m2/repository/org/apache/camel/camel-dataformat/3.15.0/camel-dataformat-3.15.0.jar:/home/gabriel/.m2/repository/org/apache/camel/camel-dataset/3.15.0/camel-dataset-3.15.0.jar:/home/gabriel/.m2/repository/org/apache/camel/camel-direct/3.15.0/camel-direct-3.15.0.jar:/home/gabriel/.m2/repository/org/apache/camel/camel-directvm/3.15.0/camel-directvm-3.15.0.jar:/home/gabriel/.m2/repository/org/apache/camel/camel-file/3.15.0/camel-file-3.15.0.jar:/home/gabriel/.m2/repository/org/apache/camel/camel-health/3.15.0/camel-health-3.15.0.jar:/home/gabriel/.m2/repository/org/apache/camel/camel-language/3.15.0/camel-language-3.15.0.jar:/home/gabriel/.m2/repository/org/apache/camel/camel-log/3.15.0/camel-log-3.15.0.jar:/home/gabriel/.m2/repository/org/apache/camel/camel-mock/3.15.0/camel-mock-3.15.0.jar:/home/gabriel/.m2/repository/org/apache/camel/camel-ref/3.15.0/camel-ref-3.15.0.jar:/home/gabriel/.m2/repository/org/apache/camel/camel-rest/3.15.0/camel-rest-3.15.0.jar:/home/gabriel/.m2/repository/org/apache/camel/camel-tooling-model/3.15.0/camel-tooling-model-3.15.0.jar:/home/gabriel/.m2/repository/org/apache/camel/camel-util-json/3.15.0/camel-util-json-3.15.0.jar:/home/gabriel/.m2/repository/org/apache/camel/camel-saga/3.15.0/camel-saga-3.15.0.jar:/home/gabriel/.m2/repository/org/apache/camel/camel-scheduler/3.15.0/camel-scheduler-3.15.0.jar:/home/gabriel/.m2/repository/org/apache/camel/camel-seda/3.15.0/camel-seda-3.15.0.jar:/home/gabriel/.m2/repository/org/apache/camel/camel-stub/3.15.0/camel-stub-3.15.0.jar:/home/gabriel/.m2/repository/org/apache/camel/camel-timer/3.15.0/camel-timer-3.15.0.jar:/home/gabriel/.m2/repository/org/apache/camel/camel-validator/3.15.0/camel-validator-3.15.0.jar:/home/gabriel/.m2/repository/org/apache/camel/camel-vm/3.15.0/camel-vm-3.15.0.jar:/home/gabriel/.m2/repository/org/apache/camel/camel-xpath/3.15.0/camel-xpath-3.15.0.jar:/home/gabriel/.m2/repository/org/apache/camel/camel-xslt/3.15.0/camel-xslt-3.15.0.jar:/home/gabriel/.m2/repository/org/apache/camel/camel-xml-jaxb/3.15.0/camel-xml-jaxb-3.15.0.jar:/home/gabriel/.m2/repository/jakarta/xml/bind/jakarta.xml.bind-api/2.3.3/jakarta.xml.bind-api-2.3.3.jar:/home/gabriel/.m2/repository/jakarta/activation/jakarta.activation-api/1.2.2/jakarta.activation-api-1.2.2.jar:/home/gabriel/.m2/repository/com/sun/xml/bind/jaxb-core/2.3.0/jaxb-core-2.3.0.jar:/home/gabriel/.m2/repository/com/sun/xml/bind/jaxb-impl/2.3.3/jaxb-impl-2.3.3.jar:/home/gabriel/.m2/repository/org/apache/camel/camel-xml-jaxp/3.15.0/camel-xml-jaxp-3.15.0.jar:/home/gabriel/.m2/repository/org/apache/camel/camel-xml-io-util/3.15.0/camel-xml-io-util-3.15.0.jar:/home/gabriel/.m2/repository/org/apache/camel/camel-test/3.15.0/camel-test-3.15.0.jar:/home/gabriel/.m2/repository/org/assertj/assertj-core/3.22.0/assertj-core-3.22.0.jar:/home/gabriel/.m2/repository/com/mycompany/plexus-interface/1.0.0-SNAPSHOT/plexus-interface-1.0.0-SNAPSHOT.jar:/home/gabriel/.m2/repository/javax/xml/ws/jaxws-api/2.3.1/jaxws-api-2.3.1.jar:/home/gabriel/.m2/repository/javax/xml/bind/jaxb-api/2.3.1/jaxb-api-2.3.1.jar:/home/gabriel/.m2/repository/javax/xml/soap/javax.xml.soap-api/1.4.0/javax.xml.soap-api-1.4.0.jar:/home/gabriel/.m2/repository/javax/annotation/javax.annotation-api/1.3.2/javax.annotation-api-1.3.2.jar:/home/gabriel/.m2/repository/com/sun/xml/ws/jaxws-rt/2.3.5/jaxws-rt-2.3.5.jar:/home/gabriel/.m2/repository/com/sun/xml/ws/policy/2.7.10/policy-2.7.10.jar:/home/gabriel/.m2/repository/org/glassfish/ha/ha-api/3.1.13/ha-api-3.1.13.jar:/home/gabriel/.m2/repository/org/glassfish/external/management-api/3.2.3/management-api-3.2.3.jar:/home/gabriel/.m2/repository/org/glassfish/gmbal/gmbal-api-only/4.0.3/gmbal-api-only-4.0.3.jar:/home/gabriel/.m2/repository/org/jvnet/staxex/stax-ex/1.8.3/stax-ex-1.8.3.jar:/home/gabriel/.m2/repository/com/sun/xml/stream/buffer/streambuffer/1.5.10/streambuffer-1.5.10.jar:/home/gabriel/.m2/repository/org/jvnet/mimepull/mimepull/1.9.15/mimepull-1.9.15.jar:/home/gabriel/.m2/repository/com/sun/xml/fastinfoset/FastInfoset/1.2.18/FastInfoset-1.2.18.jar:/home/gabriel/.m2/repository/com/sun/activation/jakarta.activation/1.2.2/jakarta.activation-1.2.2.jar:/home/gabriel/.m2/repository/com/sun/mail/jakarta.mail/1.6.7/jakarta.mail-1.6.7.jar:/home/gabriel/.m2/repository/com/sun/xml/messaging/saaj/saaj-impl/1.5.3/saaj-impl-1.5.3.jar:/home/gabriel/.m2/repository/com/fasterxml/woodstox/woodstox-core/6.2.6/woodstox-core-6.2.6.jar:/home/gabriel/.m2/repository/org/codehaus/woodstox/stax2-api/4.2.1/stax2-api-4.2.1.jar:/home/gabriel/.m2/repository/jakarta/xml/ws/jakarta.xml.ws-api/2.3.3/jakarta.xml.ws-api-2.3.3.jar:/home/gabriel/.m2/repository/jakarta/xml/soap/jakarta.xml.soap-api/1.4.2/jakarta.xml.soap-api-1.4.2.jar:/home/gabriel/.m2/repository/jakarta/jws/jakarta.jws-api/2.1.0/jakarta.jws-api-2.1.0.jar:/home/gabriel/.m2/repository/jakarta/annotation/jakarta.annotation-api/1.3.5/jakarta.annotation-api-1.3.5.jar:/home/gabriel/.m2/repository/org/apache/camel/camel-jaxb/3.16.0/camel-jaxb-3.16.0.jar:/home/gabriel/.m2/repository/org/hibernate/hibernate-core/5.6.7.Final/hibernate-core-5.6.7.Final.jar:/home/gabriel/.m2/repository/org/jboss/logging/jboss-logging/3.4.3.Final/jboss-logging-3.4.3.Final.jar:/home/gabriel/.m2/repository/javax/persistence/javax.persistence-api/2.2/javax.persistence-api-2.2.jar:/home/gabriel/.m2/repository/net/bytebuddy/byte-buddy/1.12.8/byte-buddy-1.12.8.jar:/home/gabriel/.m2/repository/antlr/antlr/2.7.7/antlr-2.7.7.jar:/home/gabriel/.m2/repository/org/jboss/spec/javax/transaction/jboss-transaction-api_1.2_spec/1.1.1.Final/jboss-transaction-api_1.2_spec-1.1.1.Final.jar:/home/gabriel/.m2/repository/org/jboss/jandex/2.4.2.Final/jandex-2.4.2.Final.jar:/home/gabriel/.m2/repository/com/fasterxml/classmate/1.5.1/classmate-1.5.1.jar:/home/gabriel/.m2/repository/javax/activation/javax.activation-api/1.2.0/javax.activation-api-1.2.0.jar:/home/gabriel/.m2/repository/org/hibernate/common/hibernate-commons-annotations/5.1.2.Final/hibernate-commons-annotations-5.1.2.Final.jar:/home/gabriel/.m2/repository/org/glassfish/jaxb/jaxb-runtime/2.3.1/jaxb-runtime-2.3.1.jar:/home/gabriel/.m2/repository/org/glassfish/jaxb/txw2/2.3.1/txw2-2.3.1.jar:/home/gabriel/.m2/repository/com/sun/istack/istack-commons-runtime/3.0.7/istack-commons-runtime-3.0.7.jar:/home/gabriel/.m2/repository/org/apache/camel/camel-cxf/3.15.0/camel-cxf-3.15.0.jar:/home/gabriel/.m2/repository/org/apache/camel/camel-support/3.15.0/camel-support-3.15.0.jar:/home/gabriel/.m2/repository/org/apache/camel/camel-attachments/3.15.0/camel-attachments-3.15.0.jar:/home/gabriel/.m2/repository/com/sun/activation/javax.activation/1.2.0/javax.activation-1.2.0.jar:/home/gabriel/.m2/repository/org/apache/camel/camel-spring-xml/3.15.0/camel-spring-xml-3.15.0.jar:/home/gabriel/.m2/repository/org/apache/camel/camel-spring/3.15.0/camel-spring-3.15.0.jar:/home/gabriel/.m2/repository/org/springframework/spring-tx/5.3.15/spring-tx-5.3.15.jar:/home/gabriel/.m2/repository/org/apache/camel/camel-core-xml/3.15.0/camel-core-xml-3.15.0.jar:/home/gabriel/.m2/repository/org/apache/camel/camel-cxf-transport/3.15.0/camel-cxf-transport-3.15.0.jar:/home/gabriel/.m2/repository/org/apache/camel/camel-http-base/3.15.0/camel-http-base-3.15.0.jar:/home/gabriel/.m2/repository/javax/servlet/javax.servlet-api/3.1.0/javax.servlet-api-3.1.0.jar:/home/gabriel/.m2/repository/org/apache/cxf/cxf-rt-frontend-jaxrs/3.5.0/cxf-rt-frontend-jaxrs-3.5.0.jar:/home/gabriel/.m2/repository/org/apache/cxf/cxf-core/3.5.0/cxf-core-3.5.0.jar:/home/gabriel/.m2/repository/org/apache/ws/xmlschema/xmlschema-core/2.3.0/xmlschema-core-2.3.0.jar:/home/gabriel/.m2/repository/jakarta/ws/rs/jakarta.ws.rs-api/2.1.6/jakarta.ws.rs-api-2.1.6.jar:/home/gabriel/.m2/repository/org/apache/cxf/cxf-rt-transports-http/3.5.0/cxf-rt-transports-http-3.5.0.jar:/home/gabriel/.m2/repository/org/apache/cxf/cxf-rt-security/3.5.0/cxf-rt-security-3.5.0.jar:/home/gabriel/.m2/repository/org/apache/geronimo/specs/geronimo-jta_1.1_spec/1.1.1/geronimo-jta_1.1_spec-1.1.1.jar:/home/gabriel/.m2/repository/org/apache/cxf/cxf-rt-frontend-jaxws/3.5.0/cxf-rt-frontend-jaxws-3.5.0.jar:/home/gabriel/.m2/repository/xml-resolver/xml-resolver/1.2/xml-resolver-1.2.jar:/home/gabriel/.m2/repository/org/ow2/asm/asm/9.2/asm-9.2.jar:/home/gabriel/.m2/repository/org/apache/cxf/cxf-rt-bindings-xml/3.5.0/cxf-rt-bindings-xml-3.5.0.jar:/home/gabriel/.m2/repository/org/apache/cxf/cxf-rt-frontend-simple/3.5.0/cxf-rt-frontend-simple-3.5.0.jar:/home/gabriel/.m2/repository/org/apache/cxf/cxf-rt-ws-addr/3.5.0/cxf-rt-ws-addr-3.5.0.jar:/home/gabriel/.m2/repository/org/apache/cxf/cxf-rt-ws-policy/3.5.0/cxf-rt-ws-policy-3.5.0.jar:/home/gabriel/.m2/repository/org/apache/neethi/neethi/3.2.0/neethi-3.2.0.jar:/home/gabriel/.m2/repository/org/apache/cxf/cxf-rt-rs-client/3.5.0/cxf-rt-rs-client-3.5.0.jar:/home/gabriel/.m2/repository/org/apache/cxf/cxf-rt-features-logging/3.5.0/cxf-rt-features-logging-3.5.0.jar:/home/gabriel/.m2/repository/org/springframework/spring-beans/5.3.15/spring-beans-5.3.15.jar:/home/gabriel/.m2/repository/org/springframework/spring-core/5.3.15/spring-core-5.3.15.jar:/home/gabriel/.m2/repository/org/springframework/spring-jcl/5.3.15/spring-jcl-5.3.15.jar:/home/gabriel/.m2/repository/org/springframework/spring-context/5.3.15/spring-context-5.3.15.jar:/home/gabriel/.m2/repository/org/springframework/spring-aop/5.3.15/spring-aop-5.3.15.jar:/home/gabriel/.m2/repository/org/springframework/spring-expression/5.3.15/spring-expression-5.3.15.jar:/home/gabriel/.m2/repository/org/apache/cxf/cxf-rt-bindings-soap/3.5.0/cxf-rt-bindings-soap-3.5.0.jar:/home/gabriel/.m2/repository/org/apache/cxf/cxf-rt-wsdl/3.5.0/cxf-rt-wsdl-3.5.0.jar:/home/gabriel/.m2/repository/wsdl4j/wsdl4j/1.6.3/wsdl4j-1.6.3.jar:/home/gabriel/.m2/repository/org/apache/cxf/cxf-rt-databinding-jaxb/3.5.0/cxf-rt-databinding-jaxb-3.5.0.jar:/home/gabriel/.m2/repository/org/mapstruct/mapstruct/1.4.2.Final/mapstruct-1.4.2.Final.jar:/home/gabriel/.m2/repository/com/mycompany/plexus-datastore/1.0.0-SNAPSHOT/plexus-datastore-1.0.0-SNAPSHOT.jar:/home/gabriel/.m2/repository/org/postgresql/postgresql/42.3.0/postgresql-42.3.0.jar:/home/gabriel/.m2/repository/org/checkerframework/checker-qual/3.5.0/checker-qual-3.5.0.jar:/home/gabriel/.m2/repository/org/qlrm/qlrm/3.0.4/qlrm-3.0.4.jar:/home/gabriel/.m2/repository/org/slf4j/slf4j-api/1.7.36/slf4j-api-1.7.36.jar:/home/gabriel/.m2/repository/org/slf4j/slf4j-reload4j/1.7.36/slf4j-reload4j-1.7.36.jar:/home/gabriel/.m2/repository/ch/qos/reload4j/reload4j/1.2.19/reload4j-1.2.19.jar:/home/gabriel/.m2/repository/junit/junit/4.13/junit-4.13.jar:/home/gabriel/.m2/repository/org/hamcrest/hamcrest-core/1.3/hamcrest-core-1.3.jar:/home/gabriel/.m2/repository/log4j/log4j/1.2.17/log4j-1.2.17.jar:, jakarta.persistence.jdbc.driver=org.postgresql.Driver, sun.cpu.endian=little, user.home=/home/gabriel, user.language=en, java.specification.vendor=Oracle Corporation, hibernate.cache.provider_class=org.hibernate.cache.NoCacheProvider, java.version.date=2022-02-08, java.home=/usr/lib/jvm/java-11-openjdk-amd64, file.separator=/, basedir=/home/gabriel/workspace/plexus-project/plexus-business, java.vm.compressedOopsMode=32-bit, jakarta.persistence.jdbc.user=****, line.separator=
, hibernate.persistenceUnitName=entityManager, java.specification.name=Java Platform API Specification, java.vm.specification.vendor=Oracle Corporation, hibernate.transaction.coordinator_class=class org.hibernate.resource.transaction.backend.jdbc.internal.JdbcResourceLocalTransactionCoordinatorBuilderImpl, java.awt.graphicsenv=sun.awt.X11GraphicsEnvironment, javax.persistence.jdbc.driver=org.postgresql.Driver, surefire.real.class.path=/home/gabriel/workspace/plexus-project/plexus-business/target/surefire/surefirebooter15547697368737914809.jar, sun.management.compiler=HotSpot 64-Bit Tiered Compilers, java.runtime.version=11.0.14.1+1-Ubuntu-0ubuntu1.20.04, user.name=gabriel, path.separator=:, hibernate.connection.username=****, os.version=5.13.0-40-generic, java.runtime.name=OpenJDK Runtime Environment, hibernate.connection.url=jdbc:postgresql://localhost:5432/gobcan_actions, file.encoding=UTF-8, hibernate.ejb.persistenceUnitName=entityManager, java.vm.name=OpenJDK 64-Bit Server VM, localRepository=/home/gabriel/.m2/repository, hibernate.connection.driver_class=org.postgresql.Driver, java.vendor.url.bug=https://bugs.launchpad.net/ubuntu/+source/openjdk-lts, java.io.tmpdir=/tmp, java.version=11.0.14.1, user.dir=/home/gabriel/workspace/plexus-project/plexus-business, os.arch=amd64, java.vm.specification.name=Java Virtual Machine Specification, java.awt.printerjob=sun.print.PSPrinterJob, hibernate.connection.password=****, sun.os.patch.level=unknown, jakarta.persistence.jdbc.url=jdbc:postgresql://localhost:5432/gobcan_actions, hibernate.boot.CfgXmlAccessService.key=org.hibernate.boot.registry.StandardServiceRegistryBuilder$1@770b3be0, java.library.path=/usr/java/packages/lib:/usr/lib/x86_64-linux-gnu/jni:/lib/x86_64-linux-gnu:/usr/lib/x86_64-linux-gnu:/usr/lib/jni:/lib:/usr/lib, java.vendor=Ubuntu, java.vm.info=mixed mode, sharing, java.vm.version=11.0.14.1+1-Ubuntu-0ubuntu1.20.04, hibernate.bytecode.use_reflection_optimizer=false, sun.io.unicode.encoding=UnicodeLittle, javax.persistence.jdbc.password=****, java.class.version=55.0}
1394 [main] DEBUG org.hibernate.secure.spi.JaccIntegrator  - Skipping JACC integration as it was not enabled
1398 [main] DEBUG org.hibernate.type.EnumType  - Using ORDINAL-based conversion for Enum com.company.plexus.utils.ProcedureType
1399 [main] DEBUG org.hibernate.internal.SessionFactoryImpl  - Instantiated session factory
1399 [main] DEBUG org.hibernate.type.spi.TypeConfiguration$Scope  - Scoping TypeConfiguration [org.hibernate.type.spi.TypeConfiguration@62c5bbdc] to SessionFactoryImpl [org.hibernate.internal.SessionFactoryImpl@67403656]
1440 [main] DEBUG org.hibernate.boot.internal.ClassLoaderAccessImpl  - Not known whether passed class name [com.company.plexus.business.entity.ServiceEntity] is safe
1440 [main] DEBUG org.hibernate.boot.internal.ClassLoaderAccessImpl  - No temp ClassLoader provided; using live ClassLoader for loading potentially unsafe class : com.company.plexus.business.entity.ServiceEntity
1445 [main] DEBUG org.hibernate.boot.internal.ClassLoaderAccessImpl  - Not known whether passed class name [com.company.plexus.business.entity.ProcedureEntity] is safe
1445 [main] DEBUG org.hibernate.boot.internal.ClassLoaderAccessImpl  - No temp ClassLoader provided; using live ClassLoader for loading potentially unsafe class : com.company.plexus.business.entity.ProcedureEntity
1639 [main] DEBUG org.hibernate.persister.entity.AbstractEntityPersister  - Static SQL for entity: com.company.plexus.business.entity.ServiceEntity
1639 [main] DEBUG org.hibernate.persister.entity.AbstractEntityPersister  -  Version select: select CODE from SERVICES where CODE =?
1639 [main] DEBUG org.hibernate.persister.entity.AbstractEntityPersister  -  Snapshot select: select serviceent_.CODE, serviceent_.ACTION_TYPE as action_t3_0_, serviceent_.ADMIN_LEVEL as admin_le4_0_, serviceent_.AMBIT as ambit5_0_, serviceent_.DEPARTMENT as departme6_0_, serviceent_.FINISH_DATE as finish_d7_0_, serviceent_.LAST_MODIFICATION_DATE as last_mod8_0_, serviceent_.NAME as name9_0_, serviceent_.RELEASE_DATE as release10_0_, serviceent_.REMARKS as remarks11_0_, serviceent_.RESP_ADMIN_UNITY as resp_ad12_0_, serviceent_.ROUTE as route13_0_, serviceent_.SIA_CODE as sia_cod14_0_, serviceent_.SIA_UPDATE_DATE as sia_upd15_0_, serviceent_.SPECIFIC_NAME as specifi16_0_, serviceent_.START_DATE as start_d17_0_, serviceent_.START_OF_PROCEDURE as start_o18_0_ from SERVICES serviceent_ where serviceent_.CODE=?
1639 [main] DEBUG org.hibernate.persister.entity.AbstractEntityPersister  -  Insert 0: insert into SERVICES (ACTION_TYPE, ADMIN_LEVEL, AMBIT, DEPARTMENT, FINISH_DATE, LAST_MODIFICATION_DATE, NAME, RELEASE_DATE, REMARKS, RESP_ADMIN_UNITY, ROUTE, SIA_CODE, SIA_UPDATE_DATE, SPECIFIC_NAME, START_DATE, START_OF_PROCEDURE, DTYPE, CODE) values (?, ?, ?, ?, ?, ?, ?, ?, ?, ?, ?, ?, ?, ?, ?, ?, 'ServiceEntity', ?)
1639 [main] DEBUG org.hibernate.persister.entity.AbstractEntityPersister  -  Update 0: update SERVICES set ACTION_TYPE=?, ADMIN_LEVEL=?, AMBIT=?, DEPARTMENT=?, FINISH_DATE=?, LAST_MODIFICATION_DATE=?, NAME=?, RELEASE_DATE=?, REMARKS=?, RESP_ADMIN_UNITY=?, ROUTE=?, SIA_CODE=?, SIA_UPDATE_DATE=?, SPECIFIC_NAME=?, START_DATE=?, START_OF_PROCEDURE=? where CODE=?
1639 [main] DEBUG org.hibernate.persister.entity.AbstractEntityPersister  -  Delete 0: delete from SERVICES where CODE=?
1654 [main] DEBUG org.hibernate.loader.plan.build.internal.spaces.QuerySpacesImpl  - Adding QuerySpace : uid = <gen:0> -> org.hibernate.loader.plan.build.internal.spaces.EntityQuerySpaceImpl@26cb5207]
1654 [main] DEBUG org.hibernate.persister.walking.spi.MetamodelGraphWalker  - Visiting attribute path : action_type
1655 [main] DEBUG org.hibernate.persister.walking.spi.MetamodelGraphWalker  - Visiting attribute path : admin_level
1655 [main] DEBUG org.hibernate.persister.walking.spi.MetamodelGraphWalker  - Visiting attribute path : ambit
1655 [main] DEBUG org.hibernate.persister.walking.spi.MetamodelGraphWalker  - Visiting attribute path : department
1655 [main] DEBUG org.hibernate.persister.walking.spi.MetamodelGraphWalker  - Visiting attribute path : finish_date
1655 [main] DEBUG org.hibernate.persister.walking.spi.MetamodelGraphWalker  - Visiting attribute path : last_modification_date
1655 [main] DEBUG org.hibernate.persister.walking.spi.MetamodelGraphWalker  - Visiting attribute path : name
1655 [main] DEBUG org.hibernate.persister.walking.spi.MetamodelGraphWalker  - Visiting attribute path : release_date
1655 [main] DEBUG org.hibernate.persister.walking.spi.MetamodelGraphWalker  - Visiting attribute path : remarks
1655 [main] DEBUG org.hibernate.persister.walking.spi.MetamodelGraphWalker  - Visiting attribute path : resp_admin_uni
1655 [main] DEBUG org.hibernate.persister.walking.spi.MetamodelGraphWalker  - Visiting attribute path : route
1655 [main] DEBUG org.hibernate.persister.walking.spi.MetamodelGraphWalker  - Visiting attribute path : sia_code
1655 [main] DEBUG org.hibernate.persister.walking.spi.MetamodelGraphWalker  - Visiting attribute path : sia_update_date
1655 [main] DEBUG org.hibernate.persister.walking.spi.MetamodelGraphWalker  - Visiting attribute path : specific_name
1655 [main] DEBUG org.hibernate.persister.walking.spi.MetamodelGraphWalker  - Visiting attribute path : start_date
1655 [main] DEBUG org.hibernate.persister.walking.spi.MetamodelGraphWalker  - Visiting attribute path : start_of_procedure
1655 [main] DEBUG org.hibernate.persister.walking.spi.MetamodelGraphWalker  - Visiting attribute path : family
1655 [main] DEBUG org.hibernate.persister.walking.spi.MetamodelGraphWalker  - Visiting attribute path : id
1655 [main] DEBUG org.hibernate.persister.walking.spi.MetamodelGraphWalker  - Visiting attribute path : procedure_type
1655 [main] DEBUG org.hibernate.loader.plan.build.internal.FetchStyleLoadPlanBuildingAssociationVisitationStrategy  - Building LoadPlan...
1664 [main] DEBUG org.hibernate.loader.plan.exec.internal.LoadQueryJoinAndFetchProcessor  - processing queryspace <gen:0>
1666 [main] DEBUG org.hibernate.loader.plan.build.spi.LoadPlanTreePrinter  - LoadPlan(entity=com.company.plexus.business.entity.ServiceEntity)
    - Returns
       - EntityReturnImpl(entity=com.company.plexus.business.entity.ServiceEntity, querySpaceUid=<gen:0>, path=com.company.plexus.business.entity.ServiceEntity)
    - QuerySpaces
       - EntityQuerySpaceImpl(uid=<gen:0>, entity=com.company.plexus.business.entity.ServiceEntity)
          - SQL table alias mapping - serviceent0_
          - alias suffix - 0_
          - suffixed key columns - {code2_0_0_}

1668 [main] DEBUG org.hibernate.loader.entity.plan.EntityLoader  - Static select for entity com.company.plexus.business.entity.ServiceEntity [NONE]: select serviceent0_.CODE as code2_0_0_, serviceent0_.ACTION_TYPE as action_t3_0_0_, serviceent0_.ADMIN_LEVEL as admin_le4_0_0_, serviceent0_.AMBIT as ambit5_0_0_, serviceent0_.DEPARTMENT as departme6_0_0_, serviceent0_.FINISH_DATE as finish_d7_0_0_, serviceent0_.LAST_MODIFICATION_DATE as last_mod8_0_0_, serviceent0_.NAME as name9_0_0_, serviceent0_.RELEASE_DATE as release10_0_0_, serviceent0_.REMARKS as remarks11_0_0_, serviceent0_.RESP_ADMIN_UNITY as resp_ad12_0_0_, serviceent0_.ROUTE as route13_0_0_, serviceent0_.SIA_CODE as sia_cod14_0_0_, serviceent0_.SIA_UPDATE_DATE as sia_upd15_0_0_, serviceent0_.SPECIFIC_NAME as specifi16_0_0_, serviceent0_.START_DATE as start_d17_0_0_, serviceent0_.START_OF_PROCEDURE as start_o18_0_0_, serviceent0_.family as family19_0_0_, serviceent0_.id as id20_0_0_, serviceent0_.procedure_type as procedu21_0_0_, serviceent0_.DTYPE as dtype1_0_0_ from SERVICES serviceent0_ where serviceent0_.CODE=?
1668 [main] DEBUG org.hibernate.persister.entity.AbstractEntityPersister  - Static SQL for entity: com.company.plexus.business.entity.ProcedureEntity
1668 [main] DEBUG org.hibernate.persister.entity.AbstractEntityPersister  -  Version select: select CODE from SERVICES where CODE =?
1668 [main] DEBUG org.hibernate.persister.entity.AbstractEntityPersister  -  Snapshot select: select proceduree_.CODE, proceduree_.ACTION_TYPE as action_t3_0_, proceduree_.ADMIN_LEVEL as admin_le4_0_, proceduree_.AMBIT as ambit5_0_, proceduree_.DEPARTMENT as departme6_0_, proceduree_.FINISH_DATE as finish_d7_0_, proceduree_.LAST_MODIFICATION_DATE as last_mod8_0_, proceduree_.NAME as name9_0_, proceduree_.RELEASE_DATE as release10_0_, proceduree_.REMARKS as remarks11_0_, proceduree_.RESP_ADMIN_UNITY as resp_ad12_0_, proceduree_.ROUTE as route13_0_, proceduree_.SIA_CODE as sia_cod14_0_, proceduree_.SIA_UPDATE_DATE as sia_upd15_0_, proceduree_.SPECIFIC_NAME as specifi16_0_, proceduree_.START_DATE as start_d17_0_, proceduree_.START_OF_PROCEDURE as start_o18_0_, proceduree_.family as family19_0_, proceduree_.id as id20_0_, proceduree_.procedure_type as procedu21_0_ from SERVICES proceduree_ where proceduree_.CODE=?
1668 [main] DEBUG org.hibernate.persister.entity.AbstractEntityPersister  -  Insert 0: insert into SERVICES (ACTION_TYPE, ADMIN_LEVEL, AMBIT, DEPARTMENT, FINISH_DATE, LAST_MODIFICATION_DATE, NAME, RELEASE_DATE, REMARKS, RESP_ADMIN_UNITY, ROUTE, SIA_CODE, SIA_UPDATE_DATE, SPECIFIC_NAME, START_DATE, START_OF_PROCEDURE, family, id, procedure_type, DTYPE, CODE) values (?, ?, ?, ?, ?, ?, ?, ?, ?, ?, ?, ?, ?, ?, ?, ?, ?, ?, ?, 'ProcedureEntity', ?)
1668 [main] DEBUG org.hibernate.persister.entity.AbstractEntityPersister  -  Update 0: update SERVICES set ACTION_TYPE=?, ADMIN_LEVEL=?, AMBIT=?, DEPARTMENT=?, FINISH_DATE=?, LAST_MODIFICATION_DATE=?, NAME=?, RELEASE_DATE=?, REMARKS=?, RESP_ADMIN_UNITY=?, ROUTE=?, SIA_CODE=?, SIA_UPDATE_DATE=?, SPECIFIC_NAME=?, START_DATE=?, START_OF_PROCEDURE=?, family=?, id=?, procedure_type=? where CODE=?
1668 [main] DEBUG org.hibernate.persister.entity.AbstractEntityPersister  -  Delete 0: delete from SERVICES where CODE=?
1668 [main] DEBUG org.hibernate.loader.plan.build.internal.spaces.QuerySpacesImpl  - Adding QuerySpace : uid = <gen:0> -> org.hibernate.loader.plan.build.internal.spaces.EntityQuerySpaceImpl@ec8f4b9]
1669 [main] DEBUG org.hibernate.persister.walking.spi.MetamodelGraphWalker  - Visiting attribute path : action_type
1669 [main] DEBUG org.hibernate.persister.walking.spi.MetamodelGraphWalker  - Visiting attribute path : admin_level
1669 [main] DEBUG org.hibernate.persister.walking.spi.MetamodelGraphWalker  - Visiting attribute path : ambit
1669 [main] DEBUG org.hibernate.persister.walking.spi.MetamodelGraphWalker  - Visiting attribute path : department
1669 [main] DEBUG org.hibernate.persister.walking.spi.MetamodelGraphWalker  - Visiting attribute path : finish_date
1669 [main] DEBUG org.hibernate.persister.walking.spi.MetamodelGraphWalker  - Visiting attribute path : last_modification_date
1669 [main] DEBUG org.hibernate.persister.walking.spi.MetamodelGraphWalker  - Visiting attribute path : name
1669 [main] DEBUG org.hibernate.persister.walking.spi.MetamodelGraphWalker  - Visiting attribute path : release_date
1669 [main] DEBUG org.hibernate.persister.walking.spi.MetamodelGraphWalker  - Visiting attribute path : remarks
1669 [main] DEBUG org.hibernate.persister.walking.spi.MetamodelGraphWalker  - Visiting attribute path : resp_admin_uni
1669 [main] DEBUG org.hibernate.persister.walking.spi.MetamodelGraphWalker  - Visiting attribute path : route
1669 [main] DEBUG org.hibernate.persister.walking.spi.MetamodelGraphWalker  - Visiting attribute path : sia_code
1669 [main] DEBUG org.hibernate.persister.walking.spi.MetamodelGraphWalker  - Visiting attribute path : sia_update_date
1669 [main] DEBUG org.hibernate.persister.walking.spi.MetamodelGraphWalker  - Visiting attribute path : specific_name
1669 [main] DEBUG org.hibernate.persister.walking.spi.MetamodelGraphWalker  - Visiting attribute path : start_date
1669 [main] DEBUG org.hibernate.persister.walking.spi.MetamodelGraphWalker  - Visiting attribute path : start_of_procedure
1669 [main] DEBUG org.hibernate.persister.walking.spi.MetamodelGraphWalker  - Visiting attribute path : family
1669 [main] DEBUG org.hibernate.persister.walking.spi.MetamodelGraphWalker  - Visiting attribute path : id
1669 [main] DEBUG org.hibernate.persister.walking.spi.MetamodelGraphWalker  - Visiting attribute path : procedure_type
1669 [main] DEBUG org.hibernate.loader.plan.build.internal.FetchStyleLoadPlanBuildingAssociationVisitationStrategy  - Building LoadPlan...
1669 [main] DEBUG org.hibernate.loader.plan.exec.internal.LoadQueryJoinAndFetchProcessor  - processing queryspace <gen:0>
1670 [main] DEBUG org.hibernate.loader.plan.build.spi.LoadPlanTreePrinter  - LoadPlan(entity=com.company.plexus.business.entity.ProcedureEntity)
    - Returns
       - EntityReturnImpl(entity=com.company.plexus.business.entity.ProcedureEntity, querySpaceUid=<gen:0>, path=com.company.plexus.business.entity.ProcedureEntity)
    - QuerySpaces
       - EntityQuerySpaceImpl(uid=<gen:0>, entity=com.company.plexus.business.entity.ProcedureEntity)
          - SQL table alias mapping - proceduree0_
          - alias suffix - 0_
          - suffixed key columns - {code2_0_0_}

1670 [main] DEBUG org.hibernate.loader.entity.plan.EntityLoader  - Static select for entity com.company.plexus.business.entity.ProcedureEntity [NONE]: select proceduree0_.CODE as code2_0_0_, proceduree0_.ACTION_TYPE as action_t3_0_0_, proceduree0_.ADMIN_LEVEL as admin_le4_0_0_, proceduree0_.AMBIT as ambit5_0_0_, proceduree0_.DEPARTMENT as departme6_0_0_, proceduree0_.FINISH_DATE as finish_d7_0_0_, proceduree0_.LAST_MODIFICATION_DATE as last_mod8_0_0_, proceduree0_.NAME as name9_0_0_, proceduree0_.RELEASE_DATE as release10_0_0_, proceduree0_.REMARKS as remarks11_0_0_, proceduree0_.RESP_ADMIN_UNITY as resp_ad12_0_0_, proceduree0_.ROUTE as route13_0_0_, proceduree0_.SIA_CODE as sia_cod14_0_0_, proceduree0_.SIA_UPDATE_DATE as sia_upd15_0_0_, proceduree0_.SPECIFIC_NAME as specifi16_0_0_, proceduree0_.START_DATE as start_d17_0_0_, proceduree0_.START_OF_PROCEDURE as start_o18_0_0_, proceduree0_.family as family19_0_0_, proceduree0_.id as id20_0_0_, proceduree0_.procedure_type as procedu21_0_0_ from SERVICES proceduree0_ where proceduree0_.CODE=? and proceduree0_.DTYPE='ProcedureEntity'
1688 [main] DEBUG org.hibernate.tool.schema.spi.SchemaManagementToolCoordinator  - No schema actions specified
1688 [main] DEBUG org.hibernate.tool.schema.spi.SchemaManagementToolCoordinator  - No actions specified; doing nothing
1689 [main] DEBUG org.hibernate.engine.transaction.jta.platform.internal.JtaPlatformInitiator  - No JtaPlatform was specified, checking resolver
1689 [main] DEBUG org.hibernate.engine.transaction.jta.platform.internal.JtaPlatformResolverInitiator  - No JtaPlatformResolver was specified, using default [org.hibernate.engine.transaction.jta.platform.internal.StandardJtaPlatformResolver]
1693 [main] DEBUG org.hibernate.engine.transaction.jta.platform.internal.StandardJtaPlatformResolver  - Could not resolve JtaPlatform, using default [org.hibernate.engine.transaction.jta.platform.internal.NoJtaPlatform]
1693 [main] INFO  org.hibernate.engine.transaction.jta.platform.internal.JtaPlatformInitiator  - HHH000490: Using JtaPlatform implementation: [org.hibernate.engine.transaction.jta.platform.internal.NoJtaPlatform]
1694 [main] DEBUG org.hibernate.query.spi.NamedQueryRepository  - Checking 0 named HQL queries
1694 [main] DEBUG org.hibernate.query.spi.NamedQueryRepository  - Checking 0 named SQL queries
1698 [main] DEBUG org.hibernate.service.internal.SessionFactoryServiceRegistryImpl  - EventListenerRegistry access via ServiceRegistry is deprecated.  Use `sessionFactory.getEventEngine().getListenerRegistry()` instead
1702 [main] DEBUG org.hibernate.internal.SessionFactoryRegistry  - Initializing SessionFactoryRegistry : org.hibernate.internal.SessionFactoryRegistry@37b52340
1703 [main] DEBUG org.hibernate.internal.SessionFactoryRegistry  - Registering SessionFactory: adc58620-196c-41d3-a25f-766480a5ef40 (<unnamed>)
1704 [main] DEBUG org.hibernate.internal.SessionFactoryRegistry  - Not binding SessionFactory to JNDI, no JNDI name configured
1748 [main] DEBUG org.hibernate.stat.internal.StatisticsInitiator  - Statistics initialized [enabled=false]
1752 [main] DEBUG org.hibernate.engine.transaction.internal.TransactionImpl  - On TransactionImpl creation, JpaCompliance#isJpaTransactionComplianceEnabled == false
1752 [main] DEBUG org.hibernate.engine.transaction.internal.TransactionImpl  - begin
1757 [main] DEBUG org.hibernate.event.internal.AbstractSaveEventListener  - Generated identifier: 0, using strategy: org.hibernate.id.Assigned
1767 [main] DEBUG org.hibernate.event.internal.AbstractFlushingEventListener  - Processing flush-time cascades
1767 [main] DEBUG org.hibernate.event.internal.AbstractFlushingEventListener  - Dirty checking collections
1770 [main] DEBUG org.hibernate.event.internal.AbstractFlushingEventListener  - Flushed: 1 insertions, 0 updates, 0 deletions to 1 objects
1771 [main] DEBUG org.hibernate.event.internal.AbstractFlushingEventListener  - Flushed: 0 (re)creations, 0 updates, 0 removals to 0 collections
1771 [main] DEBUG org.hibernate.internal.util.EntityPrinter  - Listing entities:
1771 [main] DEBUG org.hibernate.internal.util.EntityPrinter  - com.company.plexus.business.entity.ServiceEntity{code=0, action_type=test, sia_code=test, ambit=test, start_of_procedure=test, route=test, specific_name=test, sia_update_date=test, finish_date=test, release_date=test, resp_admin_uni=test, admin_level=test, last_modification_date=test, name=Test, department=test, remarks=test, start_date=test}
1777 [main] DEBUG org.hibernate.SQL  - insert into SERVICES (ACTION_TYPE, ADMIN_LEVEL, AMBIT, DEPARTMENT, FINISH_DATE, LAST_MODIFICATION_DATE, NAME, RELEASE_DATE, REMARKS, RESP_ADMIN_UNITY, ROUTE, SIA_CODE, SIA_UPDATE_DATE, SPECIFIC_NAME, START_DATE, START_OF_PROCEDURE, DTYPE, CODE) values (?, ?, ?, ?, ?, ?, ?, ?, ?, ?, ?, ?, ?, ?, ?, ?, 'ServiceEntity', ?)
1787 [main] DEBUG org.hibernate.engine.jdbc.spi.SqlExceptionHelper  - could not execute statement [n/a]
org.postgresql.util.PSQLException: ERROR: column "dtype" of relation "services" does not exist
  Position: 233
	at org.postgresql.core.v3.QueryExecutorImpl.receiveErrorResponse(QueryExecutorImpl.java:2657)
	at org.postgresql.core.v3.QueryExecutorImpl.processResults(QueryExecutorImpl.java:2347)
	at org.postgresql.core.v3.QueryExecutorImpl.execute(QueryExecutorImpl.java:337)
	at org.postgresql.jdbc.PgStatement.executeInternal(PgStatement.java:484)
	at org.postgresql.jdbc.PgStatement.execute(PgStatement.java:404)
	at org.postgresql.jdbc.PgPreparedStatement.executeWithFlags(PgPreparedStatement.java:162)
	at org.postgresql.jdbc.PgPreparedStatement.executeUpdate(PgPreparedStatement.java:130)
	at org.hibernate.engine.jdbc.internal.ResultSetReturnImpl.executeUpdate(ResultSetReturnImpl.java:197)
	at org.hibernate.engine.jdbc.batch.internal.NonBatchingBatch.addToBatch(NonBatchingBatch.java:46)
	at org.hibernate.persister.entity.AbstractEntityPersister.insert(AbstractEntityPersister.java:3375)
	at org.hibernate.persister.entity.AbstractEntityPersister.insert(AbstractEntityPersister.java:3908)
	at org.hibernate.action.internal.EntityInsertAction.execute(EntityInsertAction.java:107)
	at org.hibernate.engine.spi.ActionQueue.executeActions(ActionQueue.java:604)
	at org.hibernate.engine.spi.ActionQueue.lambda$executeActions$1(ActionQueue.java:478)
	at java.base/java.util.LinkedHashMap.forEach(LinkedHashMap.java:684)
	at org.hibernate.engine.spi.ActionQueue.executeActions(ActionQueue.java:475)
	at org.hibernate.event.internal.AbstractFlushingEventListener.performExecutions(AbstractFlushingEventListener.java:344)
	at org.hibernate.event.internal.DefaultFlushEventListener.onFlush(DefaultFlushEventListener.java:40)
	at org.hibernate.event.service.internal.EventListenerGroupImpl.fireEventOnEachListener(EventListenerGroupImpl.java:107)
	at org.hibernate.internal.SessionImpl.doFlush(SessionImpl.java:1407)
	at org.hibernate.internal.SessionImpl.flush(SessionImpl.java:1394)
	at com.company.plexus.business.daoImpl.GenericDaoImpl.create(GenericDaoImpl.java:26)
	at business.test.TestCreate.testCreate(TestCreate.java:57)
	at java.base/jdk.internal.reflect.NativeMethodAccessorImpl.invoke0(Native Method)
	at java.base/jdk.internal.reflect.NativeMethodAccessorImpl.invoke(NativeMethodAccessorImpl.java:62)
	at java.base/jdk.internal.reflect.DelegatingMethodAccessorImpl.invoke(DelegatingMethodAccessorImpl.java:43)
	at java.base/java.lang.reflect.Method.invoke(Method.java:566)
	at org.junit.runners.model.FrameworkMethod$1.runReflectiveCall(FrameworkMethod.java:59)
	at org.junit.internal.runners.model.ReflectiveCallable.run(ReflectiveCallable.java:12)
	at org.junit.runners.model.FrameworkMethod.invokeExplosively(FrameworkMethod.java:56)
	at org.junit.internal.runners.statements.InvokeMethod.evaluate(InvokeMethod.java:17)
	at org.junit.internal.runners.statements.RunBefores.evaluate(RunBefores.java:26)
	at org.junit.internal.runners.statements.RunAfters.evaluate(RunAfters.java:27)
	at org.junit.runners.ParentRunner$3.evaluate(ParentRunner.java:306)
	at org.junit.runners.BlockJUnit4ClassRunner$1.evaluate(BlockJUnit4ClassRunner.java:100)
	at org.junit.runners.ParentRunner.runLeaf(ParentRunner.java:366)
	at org.junit.runners.BlockJUnit4ClassRunner.runChild(BlockJUnit4ClassRunner.java:103)
	at org.junit.runners.BlockJUnit4ClassRunner.runChild(BlockJUnit4ClassRunner.java:63)
	at org.junit.runners.ParentRunner$4.run(ParentRunner.java:331)
	at org.junit.runners.ParentRunner$1.schedule(ParentRunner.java:79)
	at org.junit.runners.ParentRunner.runChildren(ParentRunner.java:329)
	at org.junit.runners.ParentRunner.access$100(ParentRunner.java:66)
	at org.junit.runners.ParentRunner$2.evaluate(ParentRunner.java:293)
	at org.junit.runners.ParentRunner$3.evaluate(ParentRunner.java:306)
	at org.junit.runners.ParentRunner.run(ParentRunner.java:413)
	at org.apache.maven.surefire.junit4.JUnit4Provider.execute(JUnit4Provider.java:365)
	at org.apache.maven.surefire.junit4.JUnit4Provider.executeWithRerun(JUnit4Provider.java:273)
	at org.apache.maven.surefire.junit4.JUnit4Provider.executeTestSet(JUnit4Provider.java:238)
	at org.apache.maven.surefire.junit4.JUnit4Provider.invoke(JUnit4Provider.java:159)
	at org.apache.maven.surefire.booter.ForkedBooter.invokeProviderInSameClassLoader(ForkedBooter.java:384)
	at org.apache.maven.surefire.booter.ForkedBooter.runSuitesInProcess(ForkedBooter.java:345)
	at org.apache.maven.surefire.booter.ForkedBooter.execute(ForkedBooter.java:126)
	at org.apache.maven.surefire.booter.ForkedBooter.main(ForkedBooter.java:418)
1791 [main] WARN  org.hibernate.engine.jdbc.spi.SqlExceptionHelper  - SQL Error: 0, SQLState: 42703
1791 [main] ERROR org.hibernate.engine.jdbc.spi.SqlExceptionHelper  - ERROR: column "dtype" of relation "services" does not exist
  Position: 233
1792 [main] INFO  org.hibernate.engine.jdbc.batch.internal.AbstractBatchImpl  - HHH000010: On release of batch it still contained JDBC statements
1795 [main] DEBUG org.hibernate.resource.transaction.backend.jdbc.internal.JdbcResourceLocalTransactionCoordinatorImpl  - JDBC transaction marked for rollback-only (exception provided for stack trace)
java.lang.Exception: exception just for purpose of providing stack trace
	at org.hibernate.resource.transaction.backend.jdbc.internal.JdbcResourceLocalTransactionCoordinatorImpl$TransactionDriverControlImpl.markRollbackOnly(JdbcResourceLocalTransactionCoordinatorImpl.java:324)
	at org.hibernate.engine.transaction.internal.TransactionImpl.markRollbackOnly(TransactionImpl.java:203)
	at org.hibernate.internal.AbstractSharedSessionContract.markForRollbackOnly(AbstractSharedSessionContract.java:428)
	at org.hibernate.internal.ExceptionConverterImpl.handlePersistenceException(ExceptionConverterImpl.java:297)
	at org.hibernate.internal.ExceptionConverterImpl.convert(ExceptionConverterImpl.java:155)
	at org.hibernate.internal.ExceptionConverterImpl.convert(ExceptionConverterImpl.java:181)
	at org.hibernate.internal.ExceptionConverterImpl.convert(ExceptionConverterImpl.java:188)
	at org.hibernate.internal.SessionImpl.doFlush(SessionImpl.java:1411)
	at org.hibernate.internal.SessionImpl.flush(SessionImpl.java:1394)
	at com.company.plexus.business.daoImpl.GenericDaoImpl.create(GenericDaoImpl.java:26)
	at business.test.TestCreate.testCreate(TestCreate.java:57)
	at java.base/jdk.internal.reflect.NativeMethodAccessorImpl.invoke0(Native Method)
	at java.base/jdk.internal.reflect.NativeMethodAccessorImpl.invoke(NativeMethodAccessorImpl.java:62)
	at java.base/jdk.internal.reflect.DelegatingMethodAccessorImpl.invoke(DelegatingMethodAccessorImpl.java:43)
	at java.base/java.lang.reflect.Method.invoke(Method.java:566)
	at org.junit.runners.model.FrameworkMethod$1.runReflectiveCall(FrameworkMethod.java:59)
	at org.junit.internal.runners.model.ReflectiveCallable.run(ReflectiveCallable.java:12)
	at org.junit.runners.model.FrameworkMethod.invokeExplosively(FrameworkMethod.java:56)
	at org.junit.internal.runners.statements.InvokeMethod.evaluate(InvokeMethod.java:17)
	at org.junit.internal.runners.statements.RunBefores.evaluate(RunBefores.java:26)
	at org.junit.internal.runners.statements.RunAfters.evaluate(RunAfters.java:27)
	at org.junit.runners.ParentRunner$3.evaluate(ParentRunner.java:306)
	at org.junit.runners.BlockJUnit4ClassRunner$1.evaluate(BlockJUnit4ClassRunner.java:100)
	at org.junit.runners.ParentRunner.runLeaf(ParentRunner.java:366)
	at org.junit.runners.BlockJUnit4ClassRunner.runChild(BlockJUnit4ClassRunner.java:103)
	at org.junit.runners.BlockJUnit4ClassRunner.runChild(BlockJUnit4ClassRunner.java:63)
	at org.junit.runners.ParentRunner$4.run(ParentRunner.java:331)
	at org.junit.runners.ParentRunner$1.schedule(ParentRunner.java:79)
	at org.junit.runners.ParentRunner.runChildren(ParentRunner.java:329)
	at org.junit.runners.ParentRunner.access$100(ParentRunner.java:66)
	at org.junit.runners.ParentRunner$2.evaluate(ParentRunner.java:293)
	at org.junit.runners.ParentRunner$3.evaluate(ParentRunner.java:306)
	at org.junit.runners.ParentRunner.run(ParentRunner.java:413)
	at org.apache.maven.surefire.junit4.JUnit4Provider.execute(JUnit4Provider.java:365)
	at org.apache.maven.surefire.junit4.JUnit4Provider.executeWithRerun(JUnit4Provider.java:273)
	at org.apache.maven.surefire.junit4.JUnit4Provider.executeTestSet(JUnit4Provider.java:238)
	at org.apache.maven.surefire.junit4.JUnit4Provider.invoke(JUnit4Provider.java:159)
	at org.apache.maven.surefire.booter.ForkedBooter.invokeProviderInSameClassLoader(ForkedBooter.java:384)
	at org.apache.maven.surefire.booter.ForkedBooter.runSuitesInProcess(ForkedBooter.java:345)
	at org.apache.maven.surefire.booter.ForkedBooter.execute(ForkedBooter.java:126)
	at org.apache.maven.surefire.booter.ForkedBooter.main(ForkedBooter.java:418)
All test run succesfully
]]></system-out>
  </testcase>
</testsuite>