<?xml version="1.0" encoding="UTF-8"?>
<testsuite xmlns:xsi="http://www.w3.org/2001/XMLSchema-instance" xsi:noNamespaceSchemaLocation="https://maven.apache.org/surefire/maven-surefire-plugin/xsd/surefire-test-report.xsd" name="business.test.TestCreate" time="1.266" tests="1" errors="1" skipped="0" failures="0">
  <properties>
    <property name="sun.desktop" value="gnome"/>
    <property name="awt.toolkit" value="sun.awt.X11.XToolkit"/>
    <property name="java.specification.version" value="11"/>
    <property name="sun.cpu.isalist" value=""/>
    <property name="sun.jnu.encoding" value="UTF-8"/>
    <property name="java.class.path" value="/home/gabriel/workspace/plexus-project/plexus-business/target/test-classes:/home/gabriel/workspace/plexus-project/plexus-business/target/classes:/home/gabriel/.m2/repository/org/hibernate/hibernate-osgi/5.6.8.Final/hibernate-osgi-5.6.8.Final.jar:/home/gabriel/.m2/repository/javax/interceptor/javax.interceptor-api/1.2.2/javax.interceptor-api-1.2.2.jar:/home/gabriel/.m2/repository/org/jboss/logging/jboss-logging/3.4.1.Final-redhat-00002/jboss-logging-3.4.1.Final-redhat-00002.jar:/home/gabriel/.m2/repository/org/hibernate/hibernate-core/5.3.23.Final-redhat-00001/hibernate-core-5.3.23.Final-redhat-00001.jar:/home/gabriel/.m2/repository/javax/persistence/javax.persistence-api/2.2.0.redhat-1/javax.persistence-api-2.2.0.redhat-1.jar:/home/gabriel/.m2/repository/org/javassist/javassist/3.27.0.GA-redhat-00001/javassist-3.27.0.GA-redhat-00001.jar:/home/gabriel/.m2/repository/antlr/antlr/2.7.7.redhat-7/antlr-2.7.7.redhat-7.jar:/home/gabriel/.m2/repository/org/jboss/spec/javax/transaction/jboss-transaction-api_1.2_spec/1.1.1.Final/jboss-transaction-api_1.2_spec-1.1.1.Final.jar:/home/gabriel/.m2/repository/org/jboss/jandex/2.0.5.Final/jandex-2.0.5.Final.jar:/home/gabriel/.m2/repository/com/fasterxml/classmate/1.5.1/classmate-1.5.1.jar:/home/gabriel/.m2/repository/org/dom4j/dom4j/2.1.3/dom4j-2.1.3.jar:/home/gabriel/.m2/repository/org/hibernate/common/hibernate-commons-annotations/5.0.5.Final/hibernate-commons-annotations-5.0.5.Final.jar:/home/gabriel/.m2/repository/net/bytebuddy/byte-buddy/1.12.9/byte-buddy-1.12.9.jar:/home/gabriel/.m2/repository/org/osgi/org.osgi.core/6.0.0/org.osgi.core-6.0.0.jar:/home/gabriel/.m2/repository/org/apache/camel/camel-spring/3.14.3/camel-spring-3.14.3.jar:/home/gabriel/.m2/repository/org/apache/camel/camel-core-engine/3.14.3/camel-core-engine-3.14.3.jar:/home/gabriel/.m2/repository/org/apache/camel/camel-api/3.14.3/camel-api-3.14.3.jar:/home/gabriel/.m2/repository/org/apache/camel/camel-base-engine/3.14.3/camel-base-engine-3.14.3.jar:/home/gabriel/.m2/repository/org/apache/camel/camel-base/3.14.3/camel-base-3.14.3.jar:/home/gabriel/.m2/repository/org/apache/camel/camel-core-reifier/3.14.3/camel-core-reifier-3.14.3.jar:/home/gabriel/.m2/repository/org/apache/camel/camel-core-processor/3.14.3/camel-core-processor-3.14.3.jar:/home/gabriel/.m2/repository/org/apache/camel/camel-util/3.14.3/camel-util-3.14.3.jar:/home/gabriel/.m2/repository/org/apache/camel/camel-management-api/3.14.3/camel-management-api-3.14.3.jar:/home/gabriel/.m2/repository/org/springframework/spring-core/5.2.15.RELEASE/spring-core-5.2.15.RELEASE.jar:/home/gabriel/.m2/repository/org/springframework/spring-jcl/5.2.15.RELEASE/spring-jcl-5.2.15.RELEASE.jar:/home/gabriel/.m2/repository/org/springframework/spring-aop/5.2.15.RELEASE/spring-aop-5.2.15.RELEASE.jar:/home/gabriel/.m2/repository/org/springframework/spring-context/5.2.15.RELEASE/spring-context-5.2.15.RELEASE.jar:/home/gabriel/.m2/repository/org/springframework/spring-beans/5.2.15.RELEASE/spring-beans-5.2.15.RELEASE.jar:/home/gabriel/.m2/repository/org/springframework/spring-expression/5.2.15.RELEASE/spring-expression-5.2.15.RELEASE.jar:/home/gabriel/.m2/repository/org/springframework/spring-tx/5.2.15.RELEASE/spring-tx-5.2.15.RELEASE.jar:/home/gabriel/.m2/repository/org/apache/camel/camel-core/3.15.0/camel-core-3.15.0.jar:/home/gabriel/.m2/repository/org/apache/camel/camel-core-languages/3.15.0/camel-core-languages-3.15.0.jar:/home/gabriel/.m2/repository/org/apache/camel/camel-core-model/3.15.0/camel-core-model-3.15.0.jar:/home/gabriel/.m2/repository/org/apache/camel/camel-bean/3.15.0/camel-bean-3.15.0.jar:/home/gabriel/.m2/repository/org/apache/camel/camel-browse/3.15.0/camel-browse-3.15.0.jar:/home/gabriel/.m2/repository/org/apache/camel/camel-cluster/3.15.0/camel-cluster-3.15.0.jar:/home/gabriel/.m2/repository/org/apache/camel/camel-controlbus/3.15.0/camel-controlbus-3.15.0.jar:/home/gabriel/.m2/repository/org/apache/camel/camel-dataformat/3.15.0/camel-dataformat-3.15.0.jar:/home/gabriel/.m2/repository/org/apache/camel/camel-dataset/3.15.0/camel-dataset-3.15.0.jar:/home/gabriel/.m2/repository/org/apache/camel/camel-direct/3.15.0/camel-direct-3.15.0.jar:/home/gabriel/.m2/repository/org/apache/camel/camel-directvm/3.15.0/camel-directvm-3.15.0.jar:/home/gabriel/.m2/repository/org/apache/camel/camel-file/3.15.0/camel-file-3.15.0.jar:/home/gabriel/.m2/repository/org/apache/camel/camel-health/3.15.0/camel-health-3.15.0.jar:/home/gabriel/.m2/repository/org/apache/camel/camel-language/3.15.0/camel-language-3.15.0.jar:/home/gabriel/.m2/repository/org/apache/camel/camel-log/3.15.0/camel-log-3.15.0.jar:/home/gabriel/.m2/repository/org/apache/camel/camel-mock/3.15.0/camel-mock-3.15.0.jar:/home/gabriel/.m2/repository/org/apache/camel/camel-ref/3.15.0/camel-ref-3.15.0.jar:/home/gabriel/.m2/repository/org/apache/camel/camel-rest/3.15.0/camel-rest-3.15.0.jar:/home/gabriel/.m2/repository/org/apache/camel/camel-tooling-model/3.15.0/camel-tooling-model-3.15.0.jar:/home/gabriel/.m2/repository/org/apache/camel/camel-util-json/3.15.0/camel-util-json-3.15.0.jar:/home/gabriel/.m2/repository/org/apache/camel/camel-saga/3.15.0/camel-saga-3.15.0.jar:/home/gabriel/.m2/repository/org/apache/camel/camel-scheduler/3.15.0/camel-scheduler-3.15.0.jar:/home/gabriel/.m2/repository/org/apache/camel/camel-seda/3.15.0/camel-seda-3.15.0.jar:/home/gabriel/.m2/repository/org/apache/camel/camel-stub/3.15.0/camel-stub-3.15.0.jar:/home/gabriel/.m2/repository/org/apache/camel/camel-timer/3.15.0/camel-timer-3.15.0.jar:/home/gabriel/.m2/repository/org/apache/camel/camel-validator/3.15.0/camel-validator-3.15.0.jar:/home/gabriel/.m2/repository/org/apache/camel/camel-vm/3.15.0/camel-vm-3.15.0.jar:/home/gabriel/.m2/repository/org/apache/camel/camel-xpath/3.15.0/camel-xpath-3.15.0.jar:/home/gabriel/.m2/repository/org/apache/camel/camel-xslt/3.15.0/camel-xslt-3.15.0.jar:/home/gabriel/.m2/repository/org/apache/camel/camel-xml-jaxb/3.15.0/camel-xml-jaxb-3.15.0.jar:/home/gabriel/.m2/repository/jakarta/xml/bind/jakarta.xml.bind-api/2.3.3.redhat-00001/jakarta.xml.bind-api-2.3.3.redhat-00001.jar:/home/gabriel/.m2/repository/jakarta/activation/jakarta.activation-api/1.2.2.redhat-00001/jakarta.activation-api-1.2.2.redhat-00001.jar:/home/gabriel/.m2/repository/com/sun/xml/bind/jaxb-core/2.3.0/jaxb-core-2.3.0.jar:/home/gabriel/.m2/repository/com/sun/xml/bind/jaxb-impl/2.3.0/jaxb-impl-2.3.0.jar:/home/gabriel/.m2/repository/org/apache/camel/camel-xml-jaxp/3.15.0/camel-xml-jaxp-3.15.0.jar:/home/gabriel/.m2/repository/org/apache/camel/camel-xml-io-util/3.15.0/camel-xml-io-util-3.15.0.jar:/home/gabriel/.m2/repository/org/apache/camel/camel-test/3.15.0/camel-test-3.15.0.jar:/home/gabriel/.m2/repository/org/assertj/assertj-core/3.8.0/assertj-core-3.8.0.jar:/home/gabriel/.m2/repository/com/mycompany/plexus-interface/1.0.0-SNAPSHOT/plexus-interface-1.0.0-SNAPSHOT.jar:/home/gabriel/.m2/repository/javax/xml/ws/jaxws-api/2.3.1/jaxws-api-2.3.1.jar:/home/gabriel/.m2/repository/javax/xml/bind/jaxb-api/2.3.0.redhat-00003/jaxb-api-2.3.0.redhat-00003.jar:/home/gabriel/.m2/repository/javax/xml/soap/javax.xml.soap-api/1.4.0/javax.xml.soap-api-1.4.0.jar:/home/gabriel/.m2/repository/javax/annotation/javax.annotation-api/1.3.2/javax.annotation-api-1.3.2.jar:/home/gabriel/.m2/repository/com/sun/xml/ws/jaxws-rt/2.3.5/jaxws-rt-2.3.5.jar:/home/gabriel/.m2/repository/com/sun/xml/ws/policy/2.7.10/policy-2.7.10.jar:/home/gabriel/.m2/repository/org/glassfish/ha/ha-api/3.1.13/ha-api-3.1.13.jar:/home/gabriel/.m2/repository/org/glassfish/external/management-api/3.2.3/management-api-3.2.3.jar:/home/gabriel/.m2/repository/org/glassfish/gmbal/gmbal-api-only/4.0.3/gmbal-api-only-4.0.3.jar:/home/gabriel/.m2/repository/org/jvnet/staxex/stax-ex/1.8.3/stax-ex-1.8.3.jar:/home/gabriel/.m2/repository/com/sun/xml/stream/buffer/streambuffer/1.5.10/streambuffer-1.5.10.jar:/home/gabriel/.m2/repository/org/jvnet/mimepull/mimepull/1.9.15/mimepull-1.9.15.jar:/home/gabriel/.m2/repository/com/sun/xml/fastinfoset/FastInfoset/1.2.16/FastInfoset-1.2.16.jar:/home/gabriel/.m2/repository/com/sun/activation/jakarta.activation/1.2.2/jakarta.activation-1.2.2.jar:/home/gabriel/.m2/repository/com/sun/mail/jakarta.mail/1.6.7/jakarta.mail-1.6.7.jar:/home/gabriel/.m2/repository/com/sun/xml/messaging/saaj/saaj-impl/1.5.3/saaj-impl-1.5.3.jar:/home/gabriel/.m2/repository/com/fasterxml/woodstox/woodstox-core/5.2.1/woodstox-core-5.2.1.jar:/home/gabriel/.m2/repository/org/codehaus/woodstox/stax2-api/4.2.1/stax2-api-4.2.1.jar:/home/gabriel/.m2/repository/jakarta/xml/ws/jakarta.xml.ws-api/2.3.3/jakarta.xml.ws-api-2.3.3.jar:/home/gabriel/.m2/repository/jakarta/xml/soap/jakarta.xml.soap-api/1.4.2/jakarta.xml.soap-api-1.4.2.jar:/home/gabriel/.m2/repository/jakarta/jws/jakarta.jws-api/2.1.0/jakarta.jws-api-2.1.0.jar:/home/gabriel/.m2/repository/jakarta/annotation/jakarta.annotation-api/1.3.5.redhat-00003/jakarta.annotation-api-1.3.5.redhat-00003.jar:/home/gabriel/.m2/repository/org/apache/camel/camel-jaxb/2.23.2.fuse-7_10_0-00020-redhat-00001/camel-jaxb-2.23.2.fuse-7_10_0-00020-redhat-00001.jar:/home/gabriel/.m2/repository/javax/activation/javax.activation-api/1.2.0/javax.activation-api-1.2.0.jar:/home/gabriel/.m2/repository/net/java/dev/msv/msv-core/2013.6.1/msv-core-2013.6.1.jar:/home/gabriel/.m2/repository/net/java/dev/msv/xsdlib/2013.6.1/xsdlib-2013.6.1.jar:/home/gabriel/.m2/repository/relaxngDatatype/relaxngDatatype/20020414/relaxngDatatype-20020414.jar:/home/gabriel/.m2/repository/com/sun/xml/bind/jaxb/isorelax/20090621/isorelax-20090621.jar:/home/gabriel/.m2/repository/org/glassfish/jaxb/jaxb-runtime/2.3.2/jaxb-runtime-2.3.2.jar:/home/gabriel/.m2/repository/org/glassfish/jaxb/txw2/2.3.2/txw2-2.3.2.jar:/home/gabriel/.m2/repository/com/sun/istack/istack-commons-runtime/3.0.10.redhat-00001/istack-commons-runtime-3.0.10.redhat-00001.jar:/home/gabriel/.m2/repository/org/apache/camel/camel-cxf/3.15.0/camel-cxf-3.15.0.jar:/home/gabriel/.m2/repository/org/apache/camel/camel-support/3.15.0/camel-support-3.15.0.jar:/home/gabriel/.m2/repository/org/apache/camel/camel-attachments/3.15.0/camel-attachments-3.15.0.jar:/home/gabriel/.m2/repository/com/sun/activation/javax.activation/1.2.0/javax.activation-1.2.0.jar:/home/gabriel/.m2/repository/org/apache/camel/camel-spring-xml/3.15.0/camel-spring-xml-3.15.0.jar:/home/gabriel/.m2/repository/org/apache/camel/camel-core-xml/2.23.2.fuse-7_10_0-00020-redhat-00001/camel-core-xml-2.23.2.fuse-7_10_0-00020-redhat-00001.jar:/home/gabriel/.m2/repository/org/apache/camel/camel-cxf-transport/2.23.2.fuse-7_10_0-00020-redhat-00001/camel-cxf-transport-2.23.2.fuse-7_10_0-00020-redhat-00001.jar:/home/gabriel/.m2/repository/org/apache/camel/camel-http-base/3.15.0/camel-http-base-3.15.0.jar:/home/gabriel/.m2/repository/javax/servlet/javax.servlet-api/4.0.1/javax.servlet-api-4.0.1.jar:/home/gabriel/.m2/repository/org/apache/cxf/cxf-rt-frontend-jaxrs/3.3.6.fuse-7_10_0-00022-redhat-00001/cxf-rt-frontend-jaxrs-3.3.6.fuse-7_10_0-00022-redhat-00001.jar:/home/gabriel/.m2/repository/org/apache/cxf/cxf-core/3.3.6.fuse-7_10_0-00022-redhat-00001/cxf-core-3.3.6.fuse-7_10_0-00022-redhat-00001.jar:/home/gabriel/.m2/repository/org/apache/ws/xmlschema/xmlschema-core/2.2.5.redhat-00001/xmlschema-core-2.2.5.redhat-00001.jar:/home/gabriel/.m2/repository/jakarta/ws/rs/jakarta.ws.rs-api/2.1.6/jakarta.ws.rs-api-2.1.6.jar:/home/gabriel/.m2/repository/org/apache/cxf/cxf-rt-transports-http/3.3.6.fuse-7_10_0-00022-redhat-00001/cxf-rt-transports-http-3.3.6.fuse-7_10_0-00022-redhat-00001.jar:/home/gabriel/.m2/repository/org/apache/cxf/cxf-rt-security/3.3.6.fuse-7_10_0-00022-redhat-00001/cxf-rt-security-3.3.6.fuse-7_10_0-00022-redhat-00001.jar:/home/gabriel/.m2/repository/org/apache/geronimo/specs/geronimo-ws-metadata_2.0_spec/1.1.3/geronimo-ws-metadata_2.0_spec-1.1.3.jar:/home/gabriel/.m2/repository/org/jacorb/jacorb-omgapi/3.9/jacorb-omgapi-3.9.jar:/home/gabriel/.m2/repository/org/apache/geronimo/specs/geronimo-jta_1.1_spec/1.1.1.redhat-00005/geronimo-jta_1.1_spec-1.1.1.redhat-00005.jar:/home/gabriel/.m2/repository/org/jboss/spec/javax/rmi/jboss-rmi-api_1.0_spec/1.0.6.Final-redhat-1/jboss-rmi-api_1.0_spec-1.0.6.Final-redhat-1.jar:/home/gabriel/.m2/repository/org/apache/cxf/cxf-rt-frontend-jaxws/3.3.6.fuse-7_10_0-00022-redhat-00001/cxf-rt-frontend-jaxws-3.3.6.fuse-7_10_0-00022-redhat-00001.jar:/home/gabriel/.m2/repository/xml-resolver/xml-resolver/1.2.0.redhat-12/xml-resolver-1.2.0.redhat-12.jar:/home/gabriel/.m2/repository/org/ow2/asm/asm/9.2.0.redhat-00001/asm-9.2.0.redhat-00001.jar:/home/gabriel/.m2/repository/org/apache/cxf/cxf-rt-bindings-xml/3.3.6.fuse-7_10_0-00022-redhat-00001/cxf-rt-bindings-xml-3.3.6.fuse-7_10_0-00022-redhat-00001.jar:/home/gabriel/.m2/repository/org/apache/cxf/cxf-rt-frontend-simple/3.3.6.fuse-7_10_0-00022-redhat-00001/cxf-rt-frontend-simple-3.3.6.fuse-7_10_0-00022-redhat-00001.jar:/home/gabriel/.m2/repository/org/apache/cxf/cxf-rt-ws-addr/3.3.6.fuse-7_10_0-00022-redhat-00001/cxf-rt-ws-addr-3.3.6.fuse-7_10_0-00022-redhat-00001.jar:/home/gabriel/.m2/repository/org/apache/cxf/cxf-rt-ws-policy/3.3.6.fuse-7_10_0-00022-redhat-00001/cxf-rt-ws-policy-3.3.6.fuse-7_10_0-00022-redhat-00001.jar:/home/gabriel/.m2/repository/org/apache/neethi/neethi/3.1.1.redhat-1/neethi-3.1.1.redhat-1.jar:/home/gabriel/.m2/repository/org/apache/cxf/cxf-rt-rs-client/3.3.6.fuse-7_10_0-00022-redhat-00001/cxf-rt-rs-client-3.3.6.fuse-7_10_0-00022-redhat-00001.jar:/home/gabriel/.m2/repository/org/apache/cxf/cxf-rt-features-logging/3.3.6.fuse-7_10_0-00022-redhat-00001/cxf-rt-features-logging-3.3.6.fuse-7_10_0-00022-redhat-00001.jar:/home/gabriel/.m2/repository/org/apache/cxf/cxf-rt-bindings-soap/3.3.6.fuse-7_10_0-00022-redhat-00001/cxf-rt-bindings-soap-3.3.6.fuse-7_10_0-00022-redhat-00001.jar:/home/gabriel/.m2/repository/org/apache/cxf/cxf-rt-wsdl/3.3.6.fuse-7_10_0-00022-redhat-00001/cxf-rt-wsdl-3.3.6.fuse-7_10_0-00022-redhat-00001.jar:/home/gabriel/.m2/repository/wsdl4j/wsdl4j/1.6.3.redhat-2/wsdl4j-1.6.3.redhat-2.jar:/home/gabriel/.m2/repository/org/apache/cxf/cxf-rt-databinding-jaxb/3.3.6.fuse-7_10_0-00022-redhat-00001/cxf-rt-databinding-jaxb-3.3.6.fuse-7_10_0-00022-redhat-00001.jar:/home/gabriel/.m2/repository/org/mapstruct/mapstruct/1.4.2.Final/mapstruct-1.4.2.Final.jar:/home/gabriel/.m2/repository/com/mycompany/plexus-datastore/1.0.0-SNAPSHOT/plexus-datastore-1.0.0-SNAPSHOT.jar:/home/gabriel/.m2/repository/org/postgresql/postgresql/42.3.0/postgresql-42.3.0.jar:/home/gabriel/.m2/repository/org/checkerframework/checker-qual/3.5.0/checker-qual-3.5.0.jar:/home/gabriel/.m2/repository/org/qlrm/qlrm/3.0.4/qlrm-3.0.4.jar:/home/gabriel/.m2/repository/org/slf4j/slf4j-api/1.7.36/slf4j-api-1.7.36.jar:/home/gabriel/.m2/repository/org/slf4j/slf4j-reload4j/1.7.36/slf4j-reload4j-1.7.36.jar:/home/gabriel/.m2/repository/ch/qos/reload4j/reload4j/1.2.19/reload4j-1.2.19.jar:/home/gabriel/.m2/repository/junit/junit/4.13/junit-4.13.jar:/home/gabriel/.m2/repository/org/hamcrest/hamcrest-core/1.3/hamcrest-core-1.3.jar:/home/gabriel/.m2/repository/log4j/log4j/1.2.17/log4j-1.2.17.jar:"/>
    <property name="java.vm.vendor" value="Private Build"/>
    <property name="sun.arch.data.model" value="64"/>
    <property name="java.vendor.url" value="Unknown"/>
    <property name="user.timezone" value=""/>
    <property name="java.vm.specification.version" value="11"/>
    <property name="os.name" value="Linux"/>
    <property name="sun.java.launcher" value="SUN_STANDARD"/>
    <property name="user.country" value="US"/>
    <property name="sun.boot.library.path" value="/usr/lib/jvm/java-11-openjdk-amd64/lib"/>
    <property name="sun.java.command" value="/home/gabriel/workspace/plexus-project/plexus-business/target/surefire/surefirebooter6745273857243574123.jar /home/gabriel/workspace/plexus-project/plexus-business/target/surefire 2022-05-10T12-55-18_820-jvmRun1 surefire2131454059790096018tmp surefire_08974675049442358913tmp"/>
    <property name="jdk.debug" value="release"/>
    <property name="surefire.test.class.path" value="/home/gabriel/workspace/plexus-project/plexus-business/target/test-classes:/home/gabriel/workspace/plexus-project/plexus-business/target/classes:/home/gabriel/.m2/repository/org/hibernate/hibernate-osgi/5.6.8.Final/hibernate-osgi-5.6.8.Final.jar:/home/gabriel/.m2/repository/javax/interceptor/javax.interceptor-api/1.2.2/javax.interceptor-api-1.2.2.jar:/home/gabriel/.m2/repository/org/jboss/logging/jboss-logging/3.4.1.Final-redhat-00002/jboss-logging-3.4.1.Final-redhat-00002.jar:/home/gabriel/.m2/repository/org/hibernate/hibernate-core/5.3.23.Final-redhat-00001/hibernate-core-5.3.23.Final-redhat-00001.jar:/home/gabriel/.m2/repository/javax/persistence/javax.persistence-api/2.2.0.redhat-1/javax.persistence-api-2.2.0.redhat-1.jar:/home/gabriel/.m2/repository/org/javassist/javassist/3.27.0.GA-redhat-00001/javassist-3.27.0.GA-redhat-00001.jar:/home/gabriel/.m2/repository/antlr/antlr/2.7.7.redhat-7/antlr-2.7.7.redhat-7.jar:/home/gabriel/.m2/repository/org/jboss/spec/javax/transaction/jboss-transaction-api_1.2_spec/1.1.1.Final/jboss-transaction-api_1.2_spec-1.1.1.Final.jar:/home/gabriel/.m2/repository/org/jboss/jandex/2.0.5.Final/jandex-2.0.5.Final.jar:/home/gabriel/.m2/repository/com/fasterxml/classmate/1.5.1/classmate-1.5.1.jar:/home/gabriel/.m2/repository/org/dom4j/dom4j/2.1.3/dom4j-2.1.3.jar:/home/gabriel/.m2/repository/org/hibernate/common/hibernate-commons-annotations/5.0.5.Final/hibernate-commons-annotations-5.0.5.Final.jar:/home/gabriel/.m2/repository/net/bytebuddy/byte-buddy/1.12.9/byte-buddy-1.12.9.jar:/home/gabriel/.m2/repository/org/osgi/org.osgi.core/6.0.0/org.osgi.core-6.0.0.jar:/home/gabriel/.m2/repository/org/apache/camel/camel-spring/3.14.3/camel-spring-3.14.3.jar:/home/gabriel/.m2/repository/org/apache/camel/camel-core-engine/3.14.3/camel-core-engine-3.14.3.jar:/home/gabriel/.m2/repository/org/apache/camel/camel-api/3.14.3/camel-api-3.14.3.jar:/home/gabriel/.m2/repository/org/apache/camel/camel-base-engine/3.14.3/camel-base-engine-3.14.3.jar:/home/gabriel/.m2/repository/org/apache/camel/camel-base/3.14.3/camel-base-3.14.3.jar:/home/gabriel/.m2/repository/org/apache/camel/camel-core-reifier/3.14.3/camel-core-reifier-3.14.3.jar:/home/gabriel/.m2/repository/org/apache/camel/camel-core-processor/3.14.3/camel-core-processor-3.14.3.jar:/home/gabriel/.m2/repository/org/apache/camel/camel-util/3.14.3/camel-util-3.14.3.jar:/home/gabriel/.m2/repository/org/apache/camel/camel-management-api/3.14.3/camel-management-api-3.14.3.jar:/home/gabriel/.m2/repository/org/springframework/spring-core/5.2.15.RELEASE/spring-core-5.2.15.RELEASE.jar:/home/gabriel/.m2/repository/org/springframework/spring-jcl/5.2.15.RELEASE/spring-jcl-5.2.15.RELEASE.jar:/home/gabriel/.m2/repository/org/springframework/spring-aop/5.2.15.RELEASE/spring-aop-5.2.15.RELEASE.jar:/home/gabriel/.m2/repository/org/springframework/spring-context/5.2.15.RELEASE/spring-context-5.2.15.RELEASE.jar:/home/gabriel/.m2/repository/org/springframework/spring-beans/5.2.15.RELEASE/spring-beans-5.2.15.RELEASE.jar:/home/gabriel/.m2/repository/org/springframework/spring-expression/5.2.15.RELEASE/spring-expression-5.2.15.RELEASE.jar:/home/gabriel/.m2/repository/org/springframework/spring-tx/5.2.15.RELEASE/spring-tx-5.2.15.RELEASE.jar:/home/gabriel/.m2/repository/org/apache/camel/camel-core/3.15.0/camel-core-3.15.0.jar:/home/gabriel/.m2/repository/org/apache/camel/camel-core-languages/3.15.0/camel-core-languages-3.15.0.jar:/home/gabriel/.m2/repository/org/apache/camel/camel-core-model/3.15.0/camel-core-model-3.15.0.jar:/home/gabriel/.m2/repository/org/apache/camel/camel-bean/3.15.0/camel-bean-3.15.0.jar:/home/gabriel/.m2/repository/org/apache/camel/camel-browse/3.15.0/camel-browse-3.15.0.jar:/home/gabriel/.m2/repository/org/apache/camel/camel-cluster/3.15.0/camel-cluster-3.15.0.jar:/home/gabriel/.m2/repository/org/apache/camel/camel-controlbus/3.15.0/camel-controlbus-3.15.0.jar:/home/gabriel/.m2/repository/org/apache/camel/camel-dataformat/3.15.0/camel-dataformat-3.15.0.jar:/home/gabriel/.m2/repository/org/apache/camel/camel-dataset/3.15.0/camel-dataset-3.15.0.jar:/home/gabriel/.m2/repository/org/apache/camel/camel-direct/3.15.0/camel-direct-3.15.0.jar:/home/gabriel/.m2/repository/org/apache/camel/camel-directvm/3.15.0/camel-directvm-3.15.0.jar:/home/gabriel/.m2/repository/org/apache/camel/camel-file/3.15.0/camel-file-3.15.0.jar:/home/gabriel/.m2/repository/org/apache/camel/camel-health/3.15.0/camel-health-3.15.0.jar:/home/gabriel/.m2/repository/org/apache/camel/camel-language/3.15.0/camel-language-3.15.0.jar:/home/gabriel/.m2/repository/org/apache/camel/camel-log/3.15.0/camel-log-3.15.0.jar:/home/gabriel/.m2/repository/org/apache/camel/camel-mock/3.15.0/camel-mock-3.15.0.jar:/home/gabriel/.m2/repository/org/apache/camel/camel-ref/3.15.0/camel-ref-3.15.0.jar:/home/gabriel/.m2/repository/org/apache/camel/camel-rest/3.15.0/camel-rest-3.15.0.jar:/home/gabriel/.m2/repository/org/apache/camel/camel-tooling-model/3.15.0/camel-tooling-model-3.15.0.jar:/home/gabriel/.m2/repository/org/apache/camel/camel-util-json/3.15.0/camel-util-json-3.15.0.jar:/home/gabriel/.m2/repository/org/apache/camel/camel-saga/3.15.0/camel-saga-3.15.0.jar:/home/gabriel/.m2/repository/org/apache/camel/camel-scheduler/3.15.0/camel-scheduler-3.15.0.jar:/home/gabriel/.m2/repository/org/apache/camel/camel-seda/3.15.0/camel-seda-3.15.0.jar:/home/gabriel/.m2/repository/org/apache/camel/camel-stub/3.15.0/camel-stub-3.15.0.jar:/home/gabriel/.m2/repository/org/apache/camel/camel-timer/3.15.0/camel-timer-3.15.0.jar:/home/gabriel/.m2/repository/org/apache/camel/camel-validator/3.15.0/camel-validator-3.15.0.jar:/home/gabriel/.m2/repository/org/apache/camel/camel-vm/3.15.0/camel-vm-3.15.0.jar:/home/gabriel/.m2/repository/org/apache/camel/camel-xpath/3.15.0/camel-xpath-3.15.0.jar:/home/gabriel/.m2/repository/org/apache/camel/camel-xslt/3.15.0/camel-xslt-3.15.0.jar:/home/gabriel/.m2/repository/org/apache/camel/camel-xml-jaxb/3.15.0/camel-xml-jaxb-3.15.0.jar:/home/gabriel/.m2/repository/jakarta/xml/bind/jakarta.xml.bind-api/2.3.3.redhat-00001/jakarta.xml.bind-api-2.3.3.redhat-00001.jar:/home/gabriel/.m2/repository/jakarta/activation/jakarta.activation-api/1.2.2.redhat-00001/jakarta.activation-api-1.2.2.redhat-00001.jar:/home/gabriel/.m2/repository/com/sun/xml/bind/jaxb-core/2.3.0/jaxb-core-2.3.0.jar:/home/gabriel/.m2/repository/com/sun/xml/bind/jaxb-impl/2.3.0/jaxb-impl-2.3.0.jar:/home/gabriel/.m2/repository/org/apache/camel/camel-xml-jaxp/3.15.0/camel-xml-jaxp-3.15.0.jar:/home/gabriel/.m2/repository/org/apache/camel/camel-xml-io-util/3.15.0/camel-xml-io-util-3.15.0.jar:/home/gabriel/.m2/repository/org/apache/camel/camel-test/3.15.0/camel-test-3.15.0.jar:/home/gabriel/.m2/repository/org/assertj/assertj-core/3.8.0/assertj-core-3.8.0.jar:/home/gabriel/.m2/repository/com/mycompany/plexus-interface/1.0.0-SNAPSHOT/plexus-interface-1.0.0-SNAPSHOT.jar:/home/gabriel/.m2/repository/javax/xml/ws/jaxws-api/2.3.1/jaxws-api-2.3.1.jar:/home/gabriel/.m2/repository/javax/xml/bind/jaxb-api/2.3.0.redhat-00003/jaxb-api-2.3.0.redhat-00003.jar:/home/gabriel/.m2/repository/javax/xml/soap/javax.xml.soap-api/1.4.0/javax.xml.soap-api-1.4.0.jar:/home/gabriel/.m2/repository/javax/annotation/javax.annotation-api/1.3.2/javax.annotation-api-1.3.2.jar:/home/gabriel/.m2/repository/com/sun/xml/ws/jaxws-rt/2.3.5/jaxws-rt-2.3.5.jar:/home/gabriel/.m2/repository/com/sun/xml/ws/policy/2.7.10/policy-2.7.10.jar:/home/gabriel/.m2/repository/org/glassfish/ha/ha-api/3.1.13/ha-api-3.1.13.jar:/home/gabriel/.m2/repository/org/glassfish/external/management-api/3.2.3/management-api-3.2.3.jar:/home/gabriel/.m2/repository/org/glassfish/gmbal/gmbal-api-only/4.0.3/gmbal-api-only-4.0.3.jar:/home/gabriel/.m2/repository/org/jvnet/staxex/stax-ex/1.8.3/stax-ex-1.8.3.jar:/home/gabriel/.m2/repository/com/sun/xml/stream/buffer/streambuffer/1.5.10/streambuffer-1.5.10.jar:/home/gabriel/.m2/repository/org/jvnet/mimepull/mimepull/1.9.15/mimepull-1.9.15.jar:/home/gabriel/.m2/repository/com/sun/xml/fastinfoset/FastInfoset/1.2.16/FastInfoset-1.2.16.jar:/home/gabriel/.m2/repository/com/sun/activation/jakarta.activation/1.2.2/jakarta.activation-1.2.2.jar:/home/gabriel/.m2/repository/com/sun/mail/jakarta.mail/1.6.7/jakarta.mail-1.6.7.jar:/home/gabriel/.m2/repository/com/sun/xml/messaging/saaj/saaj-impl/1.5.3/saaj-impl-1.5.3.jar:/home/gabriel/.m2/repository/com/fasterxml/woodstox/woodstox-core/5.2.1/woodstox-core-5.2.1.jar:/home/gabriel/.m2/repository/org/codehaus/woodstox/stax2-api/4.2.1/stax2-api-4.2.1.jar:/home/gabriel/.m2/repository/jakarta/xml/ws/jakarta.xml.ws-api/2.3.3/jakarta.xml.ws-api-2.3.3.jar:/home/gabriel/.m2/repository/jakarta/xml/soap/jakarta.xml.soap-api/1.4.2/jakarta.xml.soap-api-1.4.2.jar:/home/gabriel/.m2/repository/jakarta/jws/jakarta.jws-api/2.1.0/jakarta.jws-api-2.1.0.jar:/home/gabriel/.m2/repository/jakarta/annotation/jakarta.annotation-api/1.3.5.redhat-00003/jakarta.annotation-api-1.3.5.redhat-00003.jar:/home/gabriel/.m2/repository/org/apache/camel/camel-jaxb/2.23.2.fuse-7_10_0-00020-redhat-00001/camel-jaxb-2.23.2.fuse-7_10_0-00020-redhat-00001.jar:/home/gabriel/.m2/repository/javax/activation/javax.activation-api/1.2.0/javax.activation-api-1.2.0.jar:/home/gabriel/.m2/repository/net/java/dev/msv/msv-core/2013.6.1/msv-core-2013.6.1.jar:/home/gabriel/.m2/repository/net/java/dev/msv/xsdlib/2013.6.1/xsdlib-2013.6.1.jar:/home/gabriel/.m2/repository/relaxngDatatype/relaxngDatatype/20020414/relaxngDatatype-20020414.jar:/home/gabriel/.m2/repository/com/sun/xml/bind/jaxb/isorelax/20090621/isorelax-20090621.jar:/home/gabriel/.m2/repository/org/glassfish/jaxb/jaxb-runtime/2.3.2/jaxb-runtime-2.3.2.jar:/home/gabriel/.m2/repository/org/glassfish/jaxb/txw2/2.3.2/txw2-2.3.2.jar:/home/gabriel/.m2/repository/com/sun/istack/istack-commons-runtime/3.0.10.redhat-00001/istack-commons-runtime-3.0.10.redhat-00001.jar:/home/gabriel/.m2/repository/org/apache/camel/camel-cxf/3.15.0/camel-cxf-3.15.0.jar:/home/gabriel/.m2/repository/org/apache/camel/camel-support/3.15.0/camel-support-3.15.0.jar:/home/gabriel/.m2/repository/org/apache/camel/camel-attachments/3.15.0/camel-attachments-3.15.0.jar:/home/gabriel/.m2/repository/com/sun/activation/javax.activation/1.2.0/javax.activation-1.2.0.jar:/home/gabriel/.m2/repository/org/apache/camel/camel-spring-xml/3.15.0/camel-spring-xml-3.15.0.jar:/home/gabriel/.m2/repository/org/apache/camel/camel-core-xml/2.23.2.fuse-7_10_0-00020-redhat-00001/camel-core-xml-2.23.2.fuse-7_10_0-00020-redhat-00001.jar:/home/gabriel/.m2/repository/org/apache/camel/camel-cxf-transport/2.23.2.fuse-7_10_0-00020-redhat-00001/camel-cxf-transport-2.23.2.fuse-7_10_0-00020-redhat-00001.jar:/home/gabriel/.m2/repository/org/apache/camel/camel-http-base/3.15.0/camel-http-base-3.15.0.jar:/home/gabriel/.m2/repository/javax/servlet/javax.servlet-api/4.0.1/javax.servlet-api-4.0.1.jar:/home/gabriel/.m2/repository/org/apache/cxf/cxf-rt-frontend-jaxrs/3.3.6.fuse-7_10_0-00022-redhat-00001/cxf-rt-frontend-jaxrs-3.3.6.fuse-7_10_0-00022-redhat-00001.jar:/home/gabriel/.m2/repository/org/apache/cxf/cxf-core/3.3.6.fuse-7_10_0-00022-redhat-00001/cxf-core-3.3.6.fuse-7_10_0-00022-redhat-00001.jar:/home/gabriel/.m2/repository/org/apache/ws/xmlschema/xmlschema-core/2.2.5.redhat-00001/xmlschema-core-2.2.5.redhat-00001.jar:/home/gabriel/.m2/repository/jakarta/ws/rs/jakarta.ws.rs-api/2.1.6/jakarta.ws.rs-api-2.1.6.jar:/home/gabriel/.m2/repository/org/apache/cxf/cxf-rt-transports-http/3.3.6.fuse-7_10_0-00022-redhat-00001/cxf-rt-transports-http-3.3.6.fuse-7_10_0-00022-redhat-00001.jar:/home/gabriel/.m2/repository/org/apache/cxf/cxf-rt-security/3.3.6.fuse-7_10_0-00022-redhat-00001/cxf-rt-security-3.3.6.fuse-7_10_0-00022-redhat-00001.jar:/home/gabriel/.m2/repository/org/apache/geronimo/specs/geronimo-ws-metadata_2.0_spec/1.1.3/geronimo-ws-metadata_2.0_spec-1.1.3.jar:/home/gabriel/.m2/repository/org/jacorb/jacorb-omgapi/3.9/jacorb-omgapi-3.9.jar:/home/gabriel/.m2/repository/org/apache/geronimo/specs/geronimo-jta_1.1_spec/1.1.1.redhat-00005/geronimo-jta_1.1_spec-1.1.1.redhat-00005.jar:/home/gabriel/.m2/repository/org/jboss/spec/javax/rmi/jboss-rmi-api_1.0_spec/1.0.6.Final-redhat-1/jboss-rmi-api_1.0_spec-1.0.6.Final-redhat-1.jar:/home/gabriel/.m2/repository/org/apache/cxf/cxf-rt-frontend-jaxws/3.3.6.fuse-7_10_0-00022-redhat-00001/cxf-rt-frontend-jaxws-3.3.6.fuse-7_10_0-00022-redhat-00001.jar:/home/gabriel/.m2/repository/xml-resolver/xml-resolver/1.2.0.redhat-12/xml-resolver-1.2.0.redhat-12.jar:/home/gabriel/.m2/repository/org/ow2/asm/asm/9.2.0.redhat-00001/asm-9.2.0.redhat-00001.jar:/home/gabriel/.m2/repository/org/apache/cxf/cxf-rt-bindings-xml/3.3.6.fuse-7_10_0-00022-redhat-00001/cxf-rt-bindings-xml-3.3.6.fuse-7_10_0-00022-redhat-00001.jar:/home/gabriel/.m2/repository/org/apache/cxf/cxf-rt-frontend-simple/3.3.6.fuse-7_10_0-00022-redhat-00001/cxf-rt-frontend-simple-3.3.6.fuse-7_10_0-00022-redhat-00001.jar:/home/gabriel/.m2/repository/org/apache/cxf/cxf-rt-ws-addr/3.3.6.fuse-7_10_0-00022-redhat-00001/cxf-rt-ws-addr-3.3.6.fuse-7_10_0-00022-redhat-00001.jar:/home/gabriel/.m2/repository/org/apache/cxf/cxf-rt-ws-policy/3.3.6.fuse-7_10_0-00022-redhat-00001/cxf-rt-ws-policy-3.3.6.fuse-7_10_0-00022-redhat-00001.jar:/home/gabriel/.m2/repository/org/apache/neethi/neethi/3.1.1.redhat-1/neethi-3.1.1.redhat-1.jar:/home/gabriel/.m2/repository/org/apache/cxf/cxf-rt-rs-client/3.3.6.fuse-7_10_0-00022-redhat-00001/cxf-rt-rs-client-3.3.6.fuse-7_10_0-00022-redhat-00001.jar:/home/gabriel/.m2/repository/org/apache/cxf/cxf-rt-features-logging/3.3.6.fuse-7_10_0-00022-redhat-00001/cxf-rt-features-logging-3.3.6.fuse-7_10_0-00022-redhat-00001.jar:/home/gabriel/.m2/repository/org/apache/cxf/cxf-rt-bindings-soap/3.3.6.fuse-7_10_0-00022-redhat-00001/cxf-rt-bindings-soap-3.3.6.fuse-7_10_0-00022-redhat-00001.jar:/home/gabriel/.m2/repository/org/apache/cxf/cxf-rt-wsdl/3.3.6.fuse-7_10_0-00022-redhat-00001/cxf-rt-wsdl-3.3.6.fuse-7_10_0-00022-redhat-00001.jar:/home/gabriel/.m2/repository/wsdl4j/wsdl4j/1.6.3.redhat-2/wsdl4j-1.6.3.redhat-2.jar:/home/gabriel/.m2/repository/org/apache/cxf/cxf-rt-databinding-jaxb/3.3.6.fuse-7_10_0-00022-redhat-00001/cxf-rt-databinding-jaxb-3.3.6.fuse-7_10_0-00022-redhat-00001.jar:/home/gabriel/.m2/repository/org/mapstruct/mapstruct/1.4.2.Final/mapstruct-1.4.2.Final.jar:/home/gabriel/.m2/repository/com/mycompany/plexus-datastore/1.0.0-SNAPSHOT/plexus-datastore-1.0.0-SNAPSHOT.jar:/home/gabriel/.m2/repository/org/postgresql/postgresql/42.3.0/postgresql-42.3.0.jar:/home/gabriel/.m2/repository/org/checkerframework/checker-qual/3.5.0/checker-qual-3.5.0.jar:/home/gabriel/.m2/repository/org/qlrm/qlrm/3.0.4/qlrm-3.0.4.jar:/home/gabriel/.m2/repository/org/slf4j/slf4j-api/1.7.36/slf4j-api-1.7.36.jar:/home/gabriel/.m2/repository/org/slf4j/slf4j-reload4j/1.7.36/slf4j-reload4j-1.7.36.jar:/home/gabriel/.m2/repository/ch/qos/reload4j/reload4j/1.2.19/reload4j-1.2.19.jar:/home/gabriel/.m2/repository/junit/junit/4.13/junit-4.13.jar:/home/gabriel/.m2/repository/org/hamcrest/hamcrest-core/1.3/hamcrest-core-1.3.jar:/home/gabriel/.m2/repository/log4j/log4j/1.2.17/log4j-1.2.17.jar:"/>
    <property name="sun.cpu.endian" value="little"/>
    <property name="user.home" value="/home/gabriel"/>
    <property name="user.language" value="en"/>
    <property name="java.specification.vendor" value="Oracle Corporation"/>
    <property name="java.version.date" value="2022-04-19"/>
    <property name="java.home" value="/usr/lib/jvm/java-11-openjdk-amd64"/>
    <property name="file.separator" value="/"/>
    <property name="basedir" value="/home/gabriel/workspace/plexus-project/plexus-business"/>
    <property name="java.vm.compressedOopsMode" value="32-bit"/>
    <property name="line.separator" value="&#10;"/>
    <property name="java.specification.name" value="Java Platform API Specification"/>
    <property name="java.vm.specification.vendor" value="Oracle Corporation"/>
    <property name="java.awt.graphicsenv" value="sun.awt.X11GraphicsEnvironment"/>
    <property name="surefire.real.class.path" value="/home/gabriel/workspace/plexus-project/plexus-business/target/surefire/surefirebooter6745273857243574123.jar"/>
    <property name="sun.management.compiler" value="HotSpot 64-Bit Tiered Compilers"/>
    <property name="java.runtime.version" value="11.0.15+10-Ubuntu-0ubuntu0.20.04.1"/>
    <property name="user.name" value="gabriel"/>
    <property name="path.separator" value=":"/>
    <property name="os.version" value="5.13.0-40-generic"/>
    <property name="java.runtime.name" value="OpenJDK Runtime Environment"/>
    <property name="file.encoding" value="UTF-8"/>
    <property name="java.vm.name" value="OpenJDK 64-Bit Server VM"/>
    <property name="localRepository" value="/home/gabriel/.m2/repository"/>
    <property name="java.vendor.url.bug" value="Unknown"/>
    <property name="java.io.tmpdir" value="/tmp"/>
    <property name="java.version" value="11.0.15"/>
    <property name="user.dir" value="/home/gabriel/workspace/plexus-project/plexus-business"/>
    <property name="os.arch" value="amd64"/>
    <property name="java.vm.specification.name" value="Java Virtual Machine Specification"/>
    <property name="java.awt.printerjob" value="sun.print.PSPrinterJob"/>
    <property name="sun.os.patch.level" value="unknown"/>
    <property name="java.library.path" value="/usr/java/packages/lib:/usr/lib/x86_64-linux-gnu/jni:/lib/x86_64-linux-gnu:/usr/lib/x86_64-linux-gnu:/usr/lib/jni:/lib:/usr/lib"/>
    <property name="java.vm.info" value="mixed mode, sharing"/>
    <property name="java.vendor" value="Private Build"/>
    <property name="java.vm.version" value="11.0.15+10-Ubuntu-0ubuntu0.20.04.1"/>
    <property name="sun.io.unicode.encoding" value="UnicodeLittle"/>
    <property name="java.class.version" value="55.0"/>
  </properties>
  <testcase name="testCreate" classname="business.test.TestCreate" time="1.2">
    <error message="Unable to create requested service [org.hibernate.engine.jdbc.env.spi.JdbcEnvironment]" type="org.hibernate.service.spi.ServiceException">org.hibernate.service.spi.ServiceException: Unable to create requested service [org.hibernate.engine.jdbc.env.spi.JdbcEnvironment]
	at business.test.TestCreate.testCreate(TestCreate.java:50)
Caused by: org.hibernate.engine.jndi.JndiException: Error parsing JNDI name [osgi:service/javax.sql.DataSource/(osgi.jndi.service.name=jdbc/practicas)]
	at business.test.TestCreate.testCreate(TestCreate.java:50)
Caused by: javax.naming.NoInitialContextException: Need to specify class name in environment or system property, or in an application resource file: java.naming.factory.initial
	at business.test.TestCreate.testCreate(TestCreate.java:50)
</error>
    <system-out><![CDATA[0    [main] DEBUG org.jboss.logging  - Logging Provider: org.jboss.logging.Log4jLoggerProvider
282  [main] DEBUG org.hibernate.jpa.HibernatePersistenceProvider  - Located and parsed 1 persistence units; checking each
283  [main] DEBUG org.hibernate.jpa.HibernatePersistenceProvider  - Checking persistence-unit [name=dataSourceManager, explicit-provider=org.hibernate.ejb.HibernatePersistence] against incoming persistence unit name [dataSourceManager]
284  [main] DEBUG org.hibernate.jpa.boot.spi.ProviderChecker  - Persistence-unit [dataSourceManager] requested PersistenceProvider [org.hibernate.ejb.HibernatePersistence]
285  [main] WARN  org.hibernate.jpa.boot.spi.ProviderChecker  - HHH015016: Encountered a deprecated javax.persistence.spi.PersistenceProvider [org.hibernate.ejb.HibernatePersistence]; [org.hibernate.jpa.HibernatePersistenceProvider] will be used instead.
294  [main] DEBUG org.hibernate.jpa.internal.util.LogHelper  - PersistenceUnitInfo [
	name: dataSourceManager
	persistence provider classname: org.hibernate.ejb.HibernatePersistence
	classloader: null
	excludeUnlistedClasses: false
	JTA datasource: null
	Non JTA datasource: osgi:service/javax.sql.DataSource/(osgi.jndi.service.name=jdbc/practicas)
	Transaction type: RESOURCE_LOCAL
	PU root URL: file:/home/gabriel/workspace/plexus-project/plexus-business/target/classes/
	Shared Cache Mode: null
	Validation Mode: null
	Jar files URLs []
	Managed classes names [
		com.company.plexus.business.entity.ServiceEntity]
	Mapping files names []
	Properties [
		hibernate.dialect: org.hibernate.dialect.PostgreSQLDialect
		hibernate.cache.region.factory_class: org.hibernate.cache.ehcache.SingletonEhCacheRegionFactory
		hibernate.cache.use_second_level_cache: false
		hibernate.cache.use_query_cache: false
		hibernate.hbm2ddl.auto: validate]
301  [main] DEBUG org.hibernate.integrator.internal.IntegratorServiceImpl  - Adding Integrator [org.hibernate.cfg.beanvalidation.BeanValidationIntegrator].
305  [main] DEBUG org.hibernate.integrator.internal.IntegratorServiceImpl  - Adding Integrator [org.hibernate.secure.spi.JaccIntegrator].
314  [main] DEBUG org.hibernate.integrator.internal.IntegratorServiceImpl  - Adding Integrator [org.hibernate.cache.internal.CollectionCacheInvalidator].
399  [main] INFO  org.hibernate.Version  - HHH000412: Hibernate Core {5.3.23.Final-redhat-00001}
400  [main] INFO  org.hibernate.cfg.Environment  - HHH000206: hibernate.properties not found
670  [main] DEBUG org.hibernate.service.spi.ServiceBinding  - Overriding existing service binding [org.hibernate.secure.spi.JaccService]
697  [main] DEBUG org.hibernate.cache.internal.RegionFactoryInitiator  - Cache region factory : org.hibernate.cache.internal.NoCachingRegionFactory
720  [main] INFO  org.hibernate.annotations.common.Version  - HCANN000001: Hibernate Commons Annotations {5.0.5.Final}
775  [main] DEBUG org.hibernate.type.BasicTypeRegistry  - Adding type registration boolean -> org.hibernate.type.BooleanType@41d426b5
776  [main] DEBUG org.hibernate.type.BasicTypeRegistry  - Adding type registration boolean -> org.hibernate.type.BooleanType@41d426b5
776  [main] DEBUG org.hibernate.type.BasicTypeRegistry  - Adding type registration java.lang.Boolean -> org.hibernate.type.BooleanType@41d426b5
776  [main] DEBUG org.hibernate.type.BasicTypeRegistry  - Adding type registration numeric_boolean -> org.hibernate.type.NumericBooleanType@a22cb6a
777  [main] DEBUG org.hibernate.type.BasicTypeRegistry  - Adding type registration true_false -> org.hibernate.type.TrueFalseType@324a0017
777  [main] DEBUG org.hibernate.type.BasicTypeRegistry  - Adding type registration yes_no -> org.hibernate.type.YesNoType@17aad511
778  [main] DEBUG org.hibernate.type.BasicTypeRegistry  - Adding type registration byte -> org.hibernate.type.ByteType@79c7532f
778  [main] DEBUG org.hibernate.type.BasicTypeRegistry  - Adding type registration byte -> org.hibernate.type.ByteType@79c7532f
778  [main] DEBUG org.hibernate.type.BasicTypeRegistry  - Adding type registration java.lang.Byte -> org.hibernate.type.ByteType@79c7532f
779  [main] DEBUG org.hibernate.type.BasicTypeRegistry  - Adding type registration character -> org.hibernate.type.CharacterType@2f40e5db
779  [main] DEBUG org.hibernate.type.BasicTypeRegistry  - Adding type registration char -> org.hibernate.type.CharacterType@2f40e5db
779  [main] DEBUG org.hibernate.type.BasicTypeRegistry  - Adding type registration java.lang.Character -> org.hibernate.type.CharacterType@2f40e5db
780  [main] DEBUG org.hibernate.type.BasicTypeRegistry  - Adding type registration short -> org.hibernate.type.ShortType@49cb9cb5
780  [main] DEBUG org.hibernate.type.BasicTypeRegistry  - Adding type registration short -> org.hibernate.type.ShortType@49cb9cb5
780  [main] DEBUG org.hibernate.type.BasicTypeRegistry  - Adding type registration java.lang.Short -> org.hibernate.type.ShortType@49cb9cb5
781  [main] DEBUG org.hibernate.type.BasicTypeRegistry  - Adding type registration integer -> org.hibernate.type.IntegerType@76884e4b
781  [main] DEBUG org.hibernate.type.BasicTypeRegistry  - Adding type registration int -> org.hibernate.type.IntegerType@76884e4b
781  [main] DEBUG org.hibernate.type.BasicTypeRegistry  - Adding type registration java.lang.Integer -> org.hibernate.type.IntegerType@76884e4b
782  [main] DEBUG org.hibernate.type.BasicTypeRegistry  - Adding type registration long -> org.hibernate.type.LongType@6986bbaf
782  [main] DEBUG org.hibernate.type.BasicTypeRegistry  - Adding type registration long -> org.hibernate.type.LongType@6986bbaf
782  [main] DEBUG org.hibernate.type.BasicTypeRegistry  - Adding type registration java.lang.Long -> org.hibernate.type.LongType@6986bbaf
783  [main] DEBUG org.hibernate.type.BasicTypeRegistry  - Adding type registration float -> org.hibernate.type.FloatType@5629510
783  [main] DEBUG org.hibernate.type.BasicTypeRegistry  - Adding type registration float -> org.hibernate.type.FloatType@5629510
784  [main] DEBUG org.hibernate.type.BasicTypeRegistry  - Adding type registration java.lang.Float -> org.hibernate.type.FloatType@5629510
784  [main] DEBUG org.hibernate.type.BasicTypeRegistry  - Adding type registration double -> org.hibernate.type.DoubleType@130dca52
784  [main] DEBUG org.hibernate.type.BasicTypeRegistry  - Adding type registration double -> org.hibernate.type.DoubleType@130dca52
784  [main] DEBUG org.hibernate.type.BasicTypeRegistry  - Adding type registration java.lang.Double -> org.hibernate.type.DoubleType@130dca52
785  [main] DEBUG org.hibernate.type.BasicTypeRegistry  - Adding type registration big_decimal -> org.hibernate.type.BigDecimalType@115667d
785  [main] DEBUG org.hibernate.type.BasicTypeRegistry  - Adding type registration java.math.BigDecimal -> org.hibernate.type.BigDecimalType@115667d
786  [main] DEBUG org.hibernate.type.BasicTypeRegistry  - Adding type registration big_integer -> org.hibernate.type.BigIntegerType@6bbe2511
786  [main] DEBUG org.hibernate.type.BasicTypeRegistry  - Adding type registration java.math.BigInteger -> org.hibernate.type.BigIntegerType@6bbe2511
787  [main] DEBUG org.hibernate.type.BasicTypeRegistry  - Adding type registration string -> org.hibernate.type.StringType@7a1a3478
787  [main] DEBUG org.hibernate.type.BasicTypeRegistry  - Adding type registration java.lang.String -> org.hibernate.type.StringType@7a1a3478
787  [main] DEBUG org.hibernate.type.BasicTypeRegistry  - Adding type registration nstring -> org.hibernate.type.StringNVarcharType@93cf163
788  [main] DEBUG org.hibernate.type.BasicTypeRegistry  - Adding type registration ncharacter -> org.hibernate.type.CharacterNCharType@4b6690c0
788  [main] DEBUG org.hibernate.type.BasicTypeRegistry  - Adding type registration url -> org.hibernate.type.UrlType@39fcbef6
788  [main] DEBUG org.hibernate.type.BasicTypeRegistry  - Adding type registration java.net.URL -> org.hibernate.type.UrlType@39fcbef6
789  [main] DEBUG org.hibernate.type.BasicTypeRegistry  - Adding type registration Duration -> org.hibernate.type.DurationType@67304a40
789  [main] DEBUG org.hibernate.type.BasicTypeRegistry  - Adding type registration java.time.Duration -> org.hibernate.type.DurationType@67304a40
793  [main] DEBUG org.hibernate.type.BasicTypeRegistry  - Adding type registration Instant -> org.hibernate.type.InstantType@53bd8fca
793  [main] DEBUG org.hibernate.type.BasicTypeRegistry  - Adding type registration java.time.Instant -> org.hibernate.type.InstantType@53bd8fca
807  [main] DEBUG org.hibernate.type.BasicTypeRegistry  - Adding type registration LocalDateTime -> org.hibernate.type.LocalDateTimeType@1199fe66
807  [main] DEBUG org.hibernate.type.BasicTypeRegistry  - Adding type registration java.time.LocalDateTime -> org.hibernate.type.LocalDateTimeType@1199fe66
808  [main] DEBUG org.hibernate.type.BasicTypeRegistry  - Adding type registration LocalDate -> org.hibernate.type.LocalDateType@cd1d761
808  [main] DEBUG org.hibernate.type.BasicTypeRegistry  - Adding type registration java.time.LocalDate -> org.hibernate.type.LocalDateType@cd1d761
809  [main] DEBUG org.hibernate.type.BasicTypeRegistry  - Adding type registration LocalTime -> org.hibernate.type.LocalTimeType@906d29b
809  [main] DEBUG org.hibernate.type.BasicTypeRegistry  - Adding type registration java.time.LocalTime -> org.hibernate.type.LocalTimeType@906d29b
812  [main] DEBUG org.hibernate.type.BasicTypeRegistry  - Adding type registration OffsetDateTime -> org.hibernate.type.OffsetDateTimeType@57abad67
812  [main] DEBUG org.hibernate.type.BasicTypeRegistry  - Adding type registration java.time.OffsetDateTime -> org.hibernate.type.OffsetDateTimeType@57abad67
814  [main] DEBUG org.hibernate.type.BasicTypeRegistry  - Adding type registration OffsetTime -> org.hibernate.type.OffsetTimeType@2dca0d64
814  [main] DEBUG org.hibernate.type.BasicTypeRegistry  - Adding type registration java.time.OffsetTime -> org.hibernate.type.OffsetTimeType@2dca0d64
815  [main] DEBUG org.hibernate.type.BasicTypeRegistry  - Adding type registration ZonedDateTime -> org.hibernate.type.ZonedDateTimeType@1cdc4c27
815  [main] DEBUG org.hibernate.type.BasicTypeRegistry  - Adding type registration java.time.ZonedDateTime -> org.hibernate.type.ZonedDateTimeType@1cdc4c27
817  [main] DEBUG org.hibernate.type.BasicTypeRegistry  - Adding type registration date -> org.hibernate.type.DateType@366ac49b
817  [main] DEBUG org.hibernate.type.BasicTypeRegistry  - Adding type registration java.sql.Date -> org.hibernate.type.DateType@366ac49b
818  [main] DEBUG org.hibernate.type.BasicTypeRegistry  - Adding type registration time -> org.hibernate.type.TimeType@63dd899
818  [main] DEBUG org.hibernate.type.BasicTypeRegistry  - Adding type registration java.sql.Time -> org.hibernate.type.TimeType@63dd899
819  [main] DEBUG org.hibernate.type.BasicTypeRegistry  - Adding type registration timestamp -> org.hibernate.type.TimestampType@6ee660fb
819  [main] DEBUG org.hibernate.type.BasicTypeRegistry  - Adding type registration java.sql.Timestamp -> org.hibernate.type.TimestampType@6ee660fb
819  [main] DEBUG org.hibernate.type.BasicTypeRegistry  - Adding type registration java.util.Date -> org.hibernate.type.TimestampType@6ee660fb
821  [main] DEBUG org.hibernate.type.BasicTypeRegistry  - Adding type registration dbtimestamp -> org.hibernate.type.DbTimestampType@4372b9b6
822  [main] DEBUG org.hibernate.type.BasicTypeRegistry  - Adding type registration calendar -> org.hibernate.type.CalendarType@5b619d14
822  [main] DEBUG org.hibernate.type.BasicTypeRegistry  - Adding type registration java.util.Calendar -> org.hibernate.type.CalendarType@5b619d14
822  [main] DEBUG org.hibernate.type.BasicTypeRegistry  - Adding type registration java.util.GregorianCalendar -> org.hibernate.type.CalendarType@5b619d14
822  [main] DEBUG org.hibernate.type.BasicTypeRegistry  - Adding type registration calendar_date -> org.hibernate.type.CalendarDateType@6d23017e
823  [main] DEBUG org.hibernate.type.BasicTypeRegistry  - Adding type registration locale -> org.hibernate.type.LocaleType@10ded6a9
823  [main] DEBUG org.hibernate.type.BasicTypeRegistry  - Adding type registration java.util.Locale -> org.hibernate.type.LocaleType@10ded6a9
826  [main] DEBUG org.hibernate.type.BasicTypeRegistry  - Adding type registration currency -> org.hibernate.type.CurrencyType@373ebf74
826  [main] DEBUG org.hibernate.type.BasicTypeRegistry  - Adding type registration java.util.Currency -> org.hibernate.type.CurrencyType@373ebf74
826  [main] DEBUG org.hibernate.type.BasicTypeRegistry  - Adding type registration timezone -> org.hibernate.type.TimeZoneType@5ccbeb64
827  [main] DEBUG org.hibernate.type.BasicTypeRegistry  - Adding type registration java.util.TimeZone -> org.hibernate.type.TimeZoneType@5ccbeb64
827  [main] DEBUG org.hibernate.type.BasicTypeRegistry  - Adding type registration class -> org.hibernate.type.ClassType@626c44e7
827  [main] DEBUG org.hibernate.type.BasicTypeRegistry  - Adding type registration java.lang.Class -> org.hibernate.type.ClassType@626c44e7
828  [main] DEBUG org.hibernate.type.BasicTypeRegistry  - Adding type registration uuid-binary -> org.hibernate.type.UUIDBinaryType@53d102a2
828  [main] DEBUG org.hibernate.type.BasicTypeRegistry  - Adding type registration java.util.UUID -> org.hibernate.type.UUIDBinaryType@53d102a2
828  [main] DEBUG org.hibernate.type.BasicTypeRegistry  - Adding type registration uuid-char -> org.hibernate.type.UUIDCharType@1338fb5
829  [main] DEBUG org.hibernate.type.BasicTypeRegistry  - Adding type registration binary -> org.hibernate.type.BinaryType@613a8ee1
829  [main] DEBUG org.hibernate.type.BasicTypeRegistry  - Adding type registration byte[] -> org.hibernate.type.BinaryType@613a8ee1
829  [main] DEBUG org.hibernate.type.BasicTypeRegistry  - Adding type registration [B -> org.hibernate.type.BinaryType@613a8ee1
830  [main] DEBUG org.hibernate.type.BasicTypeRegistry  - Adding type registration wrapper-binary -> org.hibernate.type.WrapperBinaryType@2807bdeb
830  [main] DEBUG org.hibernate.type.BasicTypeRegistry  - Adding type registration Byte[] -> org.hibernate.type.WrapperBinaryType@2807bdeb
830  [main] DEBUG org.hibernate.type.BasicTypeRegistry  - Adding type registration [Ljava.lang.Byte; -> org.hibernate.type.WrapperBinaryType@2807bdeb
833  [main] DEBUG org.hibernate.type.BasicTypeRegistry  - Adding type registration row_version -> org.hibernate.type.RowVersionType@294e5088
833  [main] DEBUG org.hibernate.type.BasicTypeRegistry  - Adding type registration image -> org.hibernate.type.ImageType@5911e990
834  [main] DEBUG org.hibernate.type.BasicTypeRegistry  - Adding type registration characters -> org.hibernate.type.CharArrayType@2d1dee39
834  [main] DEBUG org.hibernate.type.BasicTypeRegistry  - Adding type registration char[] -> org.hibernate.type.CharArrayType@2d1dee39
834  [main] DEBUG org.hibernate.type.BasicTypeRegistry  - Adding type registration [C -> org.hibernate.type.CharArrayType@2d1dee39
836  [main] DEBUG org.hibernate.type.BasicTypeRegistry  - Adding type registration wrapper-characters -> org.hibernate.type.CharacterArrayType@acdb094
836  [main] DEBUG org.hibernate.type.BasicTypeRegistry  - Adding type registration [Ljava.lang.Character; -> org.hibernate.type.CharacterArrayType@acdb094
836  [main] DEBUG org.hibernate.type.BasicTypeRegistry  - Adding type registration Character[] -> org.hibernate.type.CharacterArrayType@acdb094
836  [main] DEBUG org.hibernate.type.BasicTypeRegistry  - Adding type registration text -> org.hibernate.type.TextType@4b45dcb8
837  [main] DEBUG org.hibernate.type.BasicTypeRegistry  - Adding type registration ntext -> org.hibernate.type.NTextType@35a9782c
839  [main] DEBUG org.hibernate.type.BasicTypeRegistry  - Adding type registration blob -> org.hibernate.type.BlobType@25a6944c
839  [main] DEBUG org.hibernate.type.BasicTypeRegistry  - Adding type registration java.sql.Blob -> org.hibernate.type.BlobType@25a6944c
839  [main] DEBUG org.hibernate.type.BasicTypeRegistry  - Adding type registration materialized_blob -> org.hibernate.type.MaterializedBlobType@3e821657
841  [main] DEBUG org.hibernate.type.BasicTypeRegistry  - Adding type registration clob -> org.hibernate.type.ClobType@61e94def
841  [main] DEBUG org.hibernate.type.BasicTypeRegistry  - Adding type registration java.sql.Clob -> org.hibernate.type.ClobType@61e94def
842  [main] DEBUG org.hibernate.type.BasicTypeRegistry  - Adding type registration nclob -> org.hibernate.type.NClobType@49872d67
842  [main] DEBUG org.hibernate.type.BasicTypeRegistry  - Adding type registration java.sql.NClob -> org.hibernate.type.NClobType@49872d67
842  [main] DEBUG org.hibernate.type.BasicTypeRegistry  - Adding type registration materialized_clob -> org.hibernate.type.MaterializedClobType@78f5c518
843  [main] DEBUG org.hibernate.type.BasicTypeRegistry  - Adding type registration materialized_nclob -> org.hibernate.type.MaterializedNClobType@23bff419
844  [main] DEBUG org.hibernate.type.BasicTypeRegistry  - Adding type registration serializable -> org.hibernate.type.SerializableType@26bab2f1
847  [main] DEBUG org.hibernate.type.BasicTypeRegistry  - Adding type registration object -> org.hibernate.type.ObjectType@293a5f75
847  [main] DEBUG org.hibernate.type.BasicTypeRegistry  - Adding type registration java.lang.Object -> org.hibernate.type.ObjectType@293a5f75
847  [main] DEBUG org.hibernate.type.BasicTypeRegistry  - Adding type registration imm_date -> org.hibernate.type.AdaptedImmutableType@2dd29a59
847  [main] DEBUG org.hibernate.type.BasicTypeRegistry  - Adding type registration imm_time -> org.hibernate.type.AdaptedImmutableType@784c3487
847  [main] DEBUG org.hibernate.type.BasicTypeRegistry  - Adding type registration imm_timestamp -> org.hibernate.type.AdaptedImmutableType@53142455
847  [main] DEBUG org.hibernate.type.BasicTypeRegistry  - Adding type registration imm_dbtimestamp -> org.hibernate.type.AdaptedImmutableType@40dff0b7
847  [main] DEBUG org.hibernate.type.BasicTypeRegistry  - Adding type registration imm_calendar -> org.hibernate.type.AdaptedImmutableType@7966baa7
848  [main] DEBUG org.hibernate.type.BasicTypeRegistry  - Adding type registration imm_calendar_date -> org.hibernate.type.AdaptedImmutableType@60975100
848  [main] DEBUG org.hibernate.type.BasicTypeRegistry  - Adding type registration imm_binary -> org.hibernate.type.AdaptedImmutableType@1253e7cb
848  [main] DEBUG org.hibernate.type.BasicTypeRegistry  - Adding type registration imm_serializable -> org.hibernate.type.AdaptedImmutableType@2d36e77e
856  [main] DEBUG org.hibernate.boot.internal.BootstrapContextImpl  - Injecting ScanEnvironment [org.hibernate.jpa.boot.internal.StandardJpaScanEnvironmentImpl@6b98a075] into BootstrapContext; was [null]
856  [main] DEBUG org.hibernate.boot.internal.BootstrapContextImpl  - Injecting ScanOptions [org.hibernate.boot.archive.scan.internal.StandardScanOptions@2e61d218] into BootstrapContext; was [org.hibernate.boot.archive.scan.internal.StandardScanOptions@3569fc08]
906  [main] DEBUG org.hibernate.boot.internal.BootstrapContextImpl  - Injecting JPA temp ClassLoader [null] into BootstrapContext; was [null]
906  [main] DEBUG org.hibernate.boot.internal.ClassLoaderAccessImpl  - ClassLoaderAccessImpl#injectTempClassLoader(null) [was null]
914  [main] DEBUG org.hibernate.id.factory.internal.DefaultIdentifierGeneratorFactory  - Registering IdentifierGenerator strategy [uuid2] -> [org.hibernate.id.UUIDGenerator]
915  [main] DEBUG org.hibernate.id.factory.internal.DefaultIdentifierGeneratorFactory  - Registering IdentifierGenerator strategy [guid] -> [org.hibernate.id.GUIDGenerator]
916  [main] DEBUG org.hibernate.id.factory.internal.DefaultIdentifierGeneratorFactory  - Registering IdentifierGenerator strategy [uuid] -> [org.hibernate.id.UUIDHexGenerator]
916  [main] DEBUG org.hibernate.id.factory.internal.DefaultIdentifierGeneratorFactory  - Registering IdentifierGenerator strategy [uuid.hex] -> [org.hibernate.id.UUIDHexGenerator]
916  [main] DEBUG org.hibernate.id.factory.internal.DefaultIdentifierGeneratorFactory  - Registering IdentifierGenerator strategy [assigned] -> [org.hibernate.id.Assigned]
917  [main] DEBUG org.hibernate.id.factory.internal.DefaultIdentifierGeneratorFactory  - Registering IdentifierGenerator strategy [identity] -> [org.hibernate.id.IdentityGenerator]
917  [main] DEBUG org.hibernate.id.factory.internal.DefaultIdentifierGeneratorFactory  - Registering IdentifierGenerator strategy [select] -> [org.hibernate.id.SelectGenerator]
919  [main] DEBUG org.hibernate.id.factory.internal.DefaultIdentifierGeneratorFactory  - Registering IdentifierGenerator strategy [sequence] -> [org.hibernate.id.enhanced.SequenceStyleGenerator]
919  [main] DEBUG org.hibernate.id.factory.internal.DefaultIdentifierGeneratorFactory  - Registering IdentifierGenerator strategy [seqhilo] -> [org.hibernate.id.SequenceHiLoGenerator]
920  [main] DEBUG org.hibernate.id.factory.internal.DefaultIdentifierGeneratorFactory  - Registering IdentifierGenerator strategy [increment] -> [org.hibernate.id.IncrementGenerator]
920  [main] DEBUG org.hibernate.id.factory.internal.DefaultIdentifierGeneratorFactory  - Registering IdentifierGenerator strategy [foreign] -> [org.hibernate.id.ForeignGenerator]
922  [main] DEBUG org.hibernate.id.factory.internal.DefaultIdentifierGeneratorFactory  - Registering IdentifierGenerator strategy [sequence-identity] -> [org.hibernate.id.SequenceIdentityGenerator]
922  [main] DEBUG org.hibernate.id.factory.internal.DefaultIdentifierGeneratorFactory  - Registering IdentifierGenerator strategy [enhanced-sequence] -> [org.hibernate.id.enhanced.SequenceStyleGenerator]
923  [main] DEBUG org.hibernate.id.factory.internal.DefaultIdentifierGeneratorFactory  - Registering IdentifierGenerator strategy [enhanced-table] -> [org.hibernate.id.enhanced.TableGenerator]
All test run succesfully
]]></system-out>
  </testcase>
</testsuite>