<?xml version="1.0" encoding="UTF-8"?>
<testsuite xmlns:xsi="http://www.w3.org/2001/XMLSchema-instance" xsi:noNamespaceSchemaLocation="https://maven.apache.org/surefire/maven-surefire-plugin/xsd/surefire-test-report.xsd" name="business.test.TestCreate" time="1.524" tests="1" errors="0" skipped="0" failures="0">
  <properties>
    <property name="sun.desktop" value="gnome"/>
    <property name="awt.toolkit" value="sun.awt.X11.XToolkit"/>
    <property name="java.specification.version" value="11"/>
    <property name="sun.cpu.isalist" value=""/>
    <property name="sun.jnu.encoding" value="UTF-8"/>
    <property name="java.class.path" value="/home/gabriel/workspace/plexus-project/plexus-business/target/test-classes:/home/gabriel/workspace/plexus-project/plexus-business/target/classes:/home/gabriel/.m2/repository/org/apache/camel/camel-core/3.15.0/camel-core-3.15.0.jar:/home/gabriel/.m2/repository/org/apache/camel/camel-core-engine/3.15.0/camel-core-engine-3.15.0.jar:/home/gabriel/.m2/repository/org/apache/camel/camel-api/3.15.0/camel-api-3.15.0.jar:/home/gabriel/.m2/repository/org/apache/camel/camel-base-engine/3.15.0/camel-base-engine-3.15.0.jar:/home/gabriel/.m2/repository/org/apache/camel/camel-base/3.15.0/camel-base-3.15.0.jar:/home/gabriel/.m2/repository/org/apache/camel/camel-core-reifier/3.15.0/camel-core-reifier-3.15.0.jar:/home/gabriel/.m2/repository/org/apache/camel/camel-core-processor/3.15.0/camel-core-processor-3.15.0.jar:/home/gabriel/.m2/repository/org/apache/camel/camel-management-api/3.15.0/camel-management-api-3.15.0.jar:/home/gabriel/.m2/repository/org/apache/camel/camel-util/3.15.0/camel-util-3.15.0.jar:/home/gabriel/.m2/repository/org/apache/camel/camel-core-languages/3.15.0/camel-core-languages-3.15.0.jar:/home/gabriel/.m2/repository/org/apache/camel/camel-core-model/3.15.0/camel-core-model-3.15.0.jar:/home/gabriel/.m2/repository/org/apache/camel/camel-bean/3.15.0/camel-bean-3.15.0.jar:/home/gabriel/.m2/repository/org/apache/camel/camel-browse/3.15.0/camel-browse-3.15.0.jar:/home/gabriel/.m2/repository/org/apache/camel/camel-cluster/3.15.0/camel-cluster-3.15.0.jar:/home/gabriel/.m2/repository/org/apache/camel/camel-controlbus/3.15.0/camel-controlbus-3.15.0.jar:/home/gabriel/.m2/repository/org/apache/camel/camel-dataformat/3.15.0/camel-dataformat-3.15.0.jar:/home/gabriel/.m2/repository/org/apache/camel/camel-dataset/3.15.0/camel-dataset-3.15.0.jar:/home/gabriel/.m2/repository/org/apache/camel/camel-direct/3.15.0/camel-direct-3.15.0.jar:/home/gabriel/.m2/repository/org/apache/camel/camel-directvm/3.15.0/camel-directvm-3.15.0.jar:/home/gabriel/.m2/repository/org/apache/camel/camel-file/3.15.0/camel-file-3.15.0.jar:/home/gabriel/.m2/repository/org/apache/camel/camel-health/3.15.0/camel-health-3.15.0.jar:/home/gabriel/.m2/repository/org/apache/camel/camel-language/3.15.0/camel-language-3.15.0.jar:/home/gabriel/.m2/repository/org/apache/camel/camel-log/3.15.0/camel-log-3.15.0.jar:/home/gabriel/.m2/repository/org/apache/camel/camel-mock/3.15.0/camel-mock-3.15.0.jar:/home/gabriel/.m2/repository/org/apache/camel/camel-ref/3.15.0/camel-ref-3.15.0.jar:/home/gabriel/.m2/repository/org/apache/camel/camel-rest/3.15.0/camel-rest-3.15.0.jar:/home/gabriel/.m2/repository/org/apache/camel/camel-tooling-model/3.15.0/camel-tooling-model-3.15.0.jar:/home/gabriel/.m2/repository/org/apache/camel/camel-util-json/3.15.0/camel-util-json-3.15.0.jar:/home/gabriel/.m2/repository/org/apache/camel/camel-saga/3.15.0/camel-saga-3.15.0.jar:/home/gabriel/.m2/repository/org/apache/camel/camel-scheduler/3.15.0/camel-scheduler-3.15.0.jar:/home/gabriel/.m2/repository/org/apache/camel/camel-seda/3.15.0/camel-seda-3.15.0.jar:/home/gabriel/.m2/repository/org/apache/camel/camel-stub/3.15.0/camel-stub-3.15.0.jar:/home/gabriel/.m2/repository/org/apache/camel/camel-timer/3.15.0/camel-timer-3.15.0.jar:/home/gabriel/.m2/repository/org/apache/camel/camel-validator/3.15.0/camel-validator-3.15.0.jar:/home/gabriel/.m2/repository/org/apache/camel/camel-vm/3.15.0/camel-vm-3.15.0.jar:/home/gabriel/.m2/repository/org/apache/camel/camel-xpath/3.15.0/camel-xpath-3.15.0.jar:/home/gabriel/.m2/repository/org/apache/camel/camel-xslt/3.15.0/camel-xslt-3.15.0.jar:/home/gabriel/.m2/repository/org/apache/camel/camel-xml-jaxb/3.15.0/camel-xml-jaxb-3.15.0.jar:/home/gabriel/.m2/repository/jakarta/xml/bind/jakarta.xml.bind-api/2.3.3/jakarta.xml.bind-api-2.3.3.jar:/home/gabriel/.m2/repository/jakarta/activation/jakarta.activation-api/1.2.2/jakarta.activation-api-1.2.2.jar:/home/gabriel/.m2/repository/com/sun/xml/bind/jaxb-core/2.3.0/jaxb-core-2.3.0.jar:/home/gabriel/.m2/repository/com/sun/xml/bind/jaxb-impl/2.3.3/jaxb-impl-2.3.3.jar:/home/gabriel/.m2/repository/org/apache/camel/camel-xml-jaxp/3.15.0/camel-xml-jaxp-3.15.0.jar:/home/gabriel/.m2/repository/org/apache/camel/camel-xml-io-util/3.15.0/camel-xml-io-util-3.15.0.jar:/home/gabriel/.m2/repository/org/apache/camel/camel-test/3.15.0/camel-test-3.15.0.jar:/home/gabriel/.m2/repository/org/assertj/assertj-core/3.22.0/assertj-core-3.22.0.jar:/home/gabriel/.m2/repository/com/mycompany/plexus-interface/1.0.0-SNAPSHOT/plexus-interface-1.0.0-SNAPSHOT.jar:/home/gabriel/.m2/repository/javax/xml/ws/jaxws-api/2.3.1/jaxws-api-2.3.1.jar:/home/gabriel/.m2/repository/javax/xml/bind/jaxb-api/2.3.1/jaxb-api-2.3.1.jar:/home/gabriel/.m2/repository/javax/xml/soap/javax.xml.soap-api/1.4.0/javax.xml.soap-api-1.4.0.jar:/home/gabriel/.m2/repository/javax/annotation/javax.annotation-api/1.3.2/javax.annotation-api-1.3.2.jar:/home/gabriel/.m2/repository/com/sun/xml/ws/jaxws-rt/2.3.5/jaxws-rt-2.3.5.jar:/home/gabriel/.m2/repository/com/sun/xml/ws/policy/2.7.10/policy-2.7.10.jar:/home/gabriel/.m2/repository/org/glassfish/ha/ha-api/3.1.13/ha-api-3.1.13.jar:/home/gabriel/.m2/repository/org/glassfish/external/management-api/3.2.3/management-api-3.2.3.jar:/home/gabriel/.m2/repository/org/glassfish/gmbal/gmbal-api-only/4.0.3/gmbal-api-only-4.0.3.jar:/home/gabriel/.m2/repository/org/jvnet/staxex/stax-ex/1.8.3/stax-ex-1.8.3.jar:/home/gabriel/.m2/repository/com/sun/xml/stream/buffer/streambuffer/1.5.10/streambuffer-1.5.10.jar:/home/gabriel/.m2/repository/org/jvnet/mimepull/mimepull/1.9.15/mimepull-1.9.15.jar:/home/gabriel/.m2/repository/com/sun/xml/fastinfoset/FastInfoset/1.2.18/FastInfoset-1.2.18.jar:/home/gabriel/.m2/repository/com/sun/activation/jakarta.activation/1.2.2/jakarta.activation-1.2.2.jar:/home/gabriel/.m2/repository/com/sun/mail/jakarta.mail/1.6.7/jakarta.mail-1.6.7.jar:/home/gabriel/.m2/repository/com/sun/xml/messaging/saaj/saaj-impl/1.5.3/saaj-impl-1.5.3.jar:/home/gabriel/.m2/repository/com/fasterxml/woodstox/woodstox-core/6.2.6/woodstox-core-6.2.6.jar:/home/gabriel/.m2/repository/org/codehaus/woodstox/stax2-api/4.2.1/stax2-api-4.2.1.jar:/home/gabriel/.m2/repository/jakarta/xml/ws/jakarta.xml.ws-api/2.3.3/jakarta.xml.ws-api-2.3.3.jar:/home/gabriel/.m2/repository/jakarta/xml/soap/jakarta.xml.soap-api/1.4.2/jakarta.xml.soap-api-1.4.2.jar:/home/gabriel/.m2/repository/jakarta/jws/jakarta.jws-api/2.1.0/jakarta.jws-api-2.1.0.jar:/home/gabriel/.m2/repository/jakarta/annotation/jakarta.annotation-api/1.3.5/jakarta.annotation-api-1.3.5.jar:/home/gabriel/.m2/repository/org/apache/camel/camel-jaxb/3.16.0/camel-jaxb-3.16.0.jar:/home/gabriel/.m2/repository/org/hibernate/hibernate-core/5.6.7.Final/hibernate-core-5.6.7.Final.jar:/home/gabriel/.m2/repository/org/jboss/logging/jboss-logging/3.4.3.Final/jboss-logging-3.4.3.Final.jar:/home/gabriel/.m2/repository/javax/persistence/javax.persistence-api/2.2/javax.persistence-api-2.2.jar:/home/gabriel/.m2/repository/net/bytebuddy/byte-buddy/1.12.8/byte-buddy-1.12.8.jar:/home/gabriel/.m2/repository/antlr/antlr/2.7.7/antlr-2.7.7.jar:/home/gabriel/.m2/repository/org/jboss/spec/javax/transaction/jboss-transaction-api_1.2_spec/1.1.1.Final/jboss-transaction-api_1.2_spec-1.1.1.Final.jar:/home/gabriel/.m2/repository/org/jboss/jandex/2.4.2.Final/jandex-2.4.2.Final.jar:/home/gabriel/.m2/repository/com/fasterxml/classmate/1.5.1/classmate-1.5.1.jar:/home/gabriel/.m2/repository/javax/activation/javax.activation-api/1.2.0/javax.activation-api-1.2.0.jar:/home/gabriel/.m2/repository/org/hibernate/common/hibernate-commons-annotations/5.1.2.Final/hibernate-commons-annotations-5.1.2.Final.jar:/home/gabriel/.m2/repository/org/glassfish/jaxb/jaxb-runtime/2.3.1/jaxb-runtime-2.3.1.jar:/home/gabriel/.m2/repository/org/glassfish/jaxb/txw2/2.3.1/txw2-2.3.1.jar:/home/gabriel/.m2/repository/com/sun/istack/istack-commons-runtime/3.0.7/istack-commons-runtime-3.0.7.jar:/home/gabriel/.m2/repository/org/apache/camel/camel-cxf/3.15.0/camel-cxf-3.15.0.jar:/home/gabriel/.m2/repository/org/apache/camel/camel-support/3.15.0/camel-support-3.15.0.jar:/home/gabriel/.m2/repository/org/apache/camel/camel-attachments/3.15.0/camel-attachments-3.15.0.jar:/home/gabriel/.m2/repository/com/sun/activation/javax.activation/1.2.0/javax.activation-1.2.0.jar:/home/gabriel/.m2/repository/org/apache/camel/camel-spring-xml/3.15.0/camel-spring-xml-3.15.0.jar:/home/gabriel/.m2/repository/org/apache/camel/camel-spring/3.15.0/camel-spring-3.15.0.jar:/home/gabriel/.m2/repository/org/springframework/spring-tx/5.3.15/spring-tx-5.3.15.jar:/home/gabriel/.m2/repository/org/apache/camel/camel-core-xml/3.15.0/camel-core-xml-3.15.0.jar:/home/gabriel/.m2/repository/org/apache/camel/camel-cxf-transport/3.15.0/camel-cxf-transport-3.15.0.jar:/home/gabriel/.m2/repository/org/apache/camel/camel-http-base/3.15.0/camel-http-base-3.15.0.jar:/home/gabriel/.m2/repository/javax/servlet/javax.servlet-api/3.1.0/javax.servlet-api-3.1.0.jar:/home/gabriel/.m2/repository/org/apache/cxf/cxf-rt-frontend-jaxrs/3.5.0/cxf-rt-frontend-jaxrs-3.5.0.jar:/home/gabriel/.m2/repository/org/apache/cxf/cxf-core/3.5.0/cxf-core-3.5.0.jar:/home/gabriel/.m2/repository/org/apache/ws/xmlschema/xmlschema-core/2.3.0/xmlschema-core-2.3.0.jar:/home/gabriel/.m2/repository/jakarta/ws/rs/jakarta.ws.rs-api/2.1.6/jakarta.ws.rs-api-2.1.6.jar:/home/gabriel/.m2/repository/org/apache/cxf/cxf-rt-transports-http/3.5.0/cxf-rt-transports-http-3.5.0.jar:/home/gabriel/.m2/repository/org/apache/cxf/cxf-rt-security/3.5.0/cxf-rt-security-3.5.0.jar:/home/gabriel/.m2/repository/org/apache/geronimo/specs/geronimo-jta_1.1_spec/1.1.1/geronimo-jta_1.1_spec-1.1.1.jar:/home/gabriel/.m2/repository/org/apache/cxf/cxf-rt-frontend-jaxws/3.5.0/cxf-rt-frontend-jaxws-3.5.0.jar:/home/gabriel/.m2/repository/xml-resolver/xml-resolver/1.2/xml-resolver-1.2.jar:/home/gabriel/.m2/repository/org/ow2/asm/asm/9.2/asm-9.2.jar:/home/gabriel/.m2/repository/org/apache/cxf/cxf-rt-bindings-xml/3.5.0/cxf-rt-bindings-xml-3.5.0.jar:/home/gabriel/.m2/repository/org/apache/cxf/cxf-rt-frontend-simple/3.5.0/cxf-rt-frontend-simple-3.5.0.jar:/home/gabriel/.m2/repository/org/apache/cxf/cxf-rt-ws-addr/3.5.0/cxf-rt-ws-addr-3.5.0.jar:/home/gabriel/.m2/repository/org/apache/cxf/cxf-rt-ws-policy/3.5.0/cxf-rt-ws-policy-3.5.0.jar:/home/gabriel/.m2/repository/org/apache/neethi/neethi/3.2.0/neethi-3.2.0.jar:/home/gabriel/.m2/repository/org/apache/cxf/cxf-rt-rs-client/3.5.0/cxf-rt-rs-client-3.5.0.jar:/home/gabriel/.m2/repository/org/apache/cxf/cxf-rt-features-logging/3.5.0/cxf-rt-features-logging-3.5.0.jar:/home/gabriel/.m2/repository/org/springframework/spring-beans/5.3.15/spring-beans-5.3.15.jar:/home/gabriel/.m2/repository/org/springframework/spring-core/5.3.15/spring-core-5.3.15.jar:/home/gabriel/.m2/repository/org/springframework/spring-jcl/5.3.15/spring-jcl-5.3.15.jar:/home/gabriel/.m2/repository/org/springframework/spring-context/5.3.15/spring-context-5.3.15.jar:/home/gabriel/.m2/repository/org/springframework/spring-aop/5.3.15/spring-aop-5.3.15.jar:/home/gabriel/.m2/repository/org/springframework/spring-expression/5.3.15/spring-expression-5.3.15.jar:/home/gabriel/.m2/repository/org/apache/cxf/cxf-rt-bindings-soap/3.5.0/cxf-rt-bindings-soap-3.5.0.jar:/home/gabriel/.m2/repository/org/apache/cxf/cxf-rt-wsdl/3.5.0/cxf-rt-wsdl-3.5.0.jar:/home/gabriel/.m2/repository/wsdl4j/wsdl4j/1.6.3/wsdl4j-1.6.3.jar:/home/gabriel/.m2/repository/org/apache/cxf/cxf-rt-databinding-jaxb/3.5.0/cxf-rt-databinding-jaxb-3.5.0.jar:/home/gabriel/.m2/repository/org/mapstruct/mapstruct/1.4.2.Final/mapstruct-1.4.2.Final.jar:/home/gabriel/.m2/repository/com/mycompany/plexus-datastore/1.0.0-SNAPSHOT/plexus-datastore-1.0.0-SNAPSHOT.jar:/home/gabriel/.m2/repository/org/postgresql/postgresql/42.3.0/postgresql-42.3.0.jar:/home/gabriel/.m2/repository/org/checkerframework/checker-qual/3.5.0/checker-qual-3.5.0.jar:/home/gabriel/.m2/repository/org/qlrm/qlrm/3.0.4/qlrm-3.0.4.jar:/home/gabriel/.m2/repository/org/slf4j/slf4j-api/1.7.36/slf4j-api-1.7.36.jar:/home/gabriel/.m2/repository/org/slf4j/slf4j-reload4j/1.7.36/slf4j-reload4j-1.7.36.jar:/home/gabriel/.m2/repository/ch/qos/reload4j/reload4j/1.2.19/reload4j-1.2.19.jar:/home/gabriel/.m2/repository/junit/junit/4.13/junit-4.13.jar:/home/gabriel/.m2/repository/org/hamcrest/hamcrest-core/1.3/hamcrest-core-1.3.jar:/home/gabriel/.m2/repository/log4j/log4j/1.2.17/log4j-1.2.17.jar:"/>
    <property name="java.vm.vendor" value="Private Build"/>
    <property name="sun.arch.data.model" value="64"/>
    <property name="java.vendor.url" value="Unknown"/>
    <property name="user.timezone" value=""/>
    <property name="java.vm.specification.version" value="11"/>
    <property name="os.name" value="Linux"/>
    <property name="sun.java.launcher" value="SUN_STANDARD"/>
    <property name="user.country" value="US"/>
    <property name="sun.boot.library.path" value="/usr/lib/jvm/java-11-openjdk-amd64/lib"/>
    <property name="sun.java.command" value="/home/gabriel/workspace/plexus-project/plexus-business/target/surefire/surefirebooter16715114922614820613.jar /home/gabriel/workspace/plexus-project/plexus-business/target/surefire 2022-05-09T09-29-37_829-jvmRun1 surefire14742033886794634520tmp surefire_01264613200836335859tmp"/>
    <property name="jdk.debug" value="release"/>
    <property name="surefire.test.class.path" value="/home/gabriel/workspace/plexus-project/plexus-business/target/test-classes:/home/gabriel/workspace/plexus-project/plexus-business/target/classes:/home/gabriel/.m2/repository/org/apache/camel/camel-core/3.15.0/camel-core-3.15.0.jar:/home/gabriel/.m2/repository/org/apache/camel/camel-core-engine/3.15.0/camel-core-engine-3.15.0.jar:/home/gabriel/.m2/repository/org/apache/camel/camel-api/3.15.0/camel-api-3.15.0.jar:/home/gabriel/.m2/repository/org/apache/camel/camel-base-engine/3.15.0/camel-base-engine-3.15.0.jar:/home/gabriel/.m2/repository/org/apache/camel/camel-base/3.15.0/camel-base-3.15.0.jar:/home/gabriel/.m2/repository/org/apache/camel/camel-core-reifier/3.15.0/camel-core-reifier-3.15.0.jar:/home/gabriel/.m2/repository/org/apache/camel/camel-core-processor/3.15.0/camel-core-processor-3.15.0.jar:/home/gabriel/.m2/repository/org/apache/camel/camel-management-api/3.15.0/camel-management-api-3.15.0.jar:/home/gabriel/.m2/repository/org/apache/camel/camel-util/3.15.0/camel-util-3.15.0.jar:/home/gabriel/.m2/repository/org/apache/camel/camel-core-languages/3.15.0/camel-core-languages-3.15.0.jar:/home/gabriel/.m2/repository/org/apache/camel/camel-core-model/3.15.0/camel-core-model-3.15.0.jar:/home/gabriel/.m2/repository/org/apache/camel/camel-bean/3.15.0/camel-bean-3.15.0.jar:/home/gabriel/.m2/repository/org/apache/camel/camel-browse/3.15.0/camel-browse-3.15.0.jar:/home/gabriel/.m2/repository/org/apache/camel/camel-cluster/3.15.0/camel-cluster-3.15.0.jar:/home/gabriel/.m2/repository/org/apache/camel/camel-controlbus/3.15.0/camel-controlbus-3.15.0.jar:/home/gabriel/.m2/repository/org/apache/camel/camel-dataformat/3.15.0/camel-dataformat-3.15.0.jar:/home/gabriel/.m2/repository/org/apache/camel/camel-dataset/3.15.0/camel-dataset-3.15.0.jar:/home/gabriel/.m2/repository/org/apache/camel/camel-direct/3.15.0/camel-direct-3.15.0.jar:/home/gabriel/.m2/repository/org/apache/camel/camel-directvm/3.15.0/camel-directvm-3.15.0.jar:/home/gabriel/.m2/repository/org/apache/camel/camel-file/3.15.0/camel-file-3.15.0.jar:/home/gabriel/.m2/repository/org/apache/camel/camel-health/3.15.0/camel-health-3.15.0.jar:/home/gabriel/.m2/repository/org/apache/camel/camel-language/3.15.0/camel-language-3.15.0.jar:/home/gabriel/.m2/repository/org/apache/camel/camel-log/3.15.0/camel-log-3.15.0.jar:/home/gabriel/.m2/repository/org/apache/camel/camel-mock/3.15.0/camel-mock-3.15.0.jar:/home/gabriel/.m2/repository/org/apache/camel/camel-ref/3.15.0/camel-ref-3.15.0.jar:/home/gabriel/.m2/repository/org/apache/camel/camel-rest/3.15.0/camel-rest-3.15.0.jar:/home/gabriel/.m2/repository/org/apache/camel/camel-tooling-model/3.15.0/camel-tooling-model-3.15.0.jar:/home/gabriel/.m2/repository/org/apache/camel/camel-util-json/3.15.0/camel-util-json-3.15.0.jar:/home/gabriel/.m2/repository/org/apache/camel/camel-saga/3.15.0/camel-saga-3.15.0.jar:/home/gabriel/.m2/repository/org/apache/camel/camel-scheduler/3.15.0/camel-scheduler-3.15.0.jar:/home/gabriel/.m2/repository/org/apache/camel/camel-seda/3.15.0/camel-seda-3.15.0.jar:/home/gabriel/.m2/repository/org/apache/camel/camel-stub/3.15.0/camel-stub-3.15.0.jar:/home/gabriel/.m2/repository/org/apache/camel/camel-timer/3.15.0/camel-timer-3.15.0.jar:/home/gabriel/.m2/repository/org/apache/camel/camel-validator/3.15.0/camel-validator-3.15.0.jar:/home/gabriel/.m2/repository/org/apache/camel/camel-vm/3.15.0/camel-vm-3.15.0.jar:/home/gabriel/.m2/repository/org/apache/camel/camel-xpath/3.15.0/camel-xpath-3.15.0.jar:/home/gabriel/.m2/repository/org/apache/camel/camel-xslt/3.15.0/camel-xslt-3.15.0.jar:/home/gabriel/.m2/repository/org/apache/camel/camel-xml-jaxb/3.15.0/camel-xml-jaxb-3.15.0.jar:/home/gabriel/.m2/repository/jakarta/xml/bind/jakarta.xml.bind-api/2.3.3/jakarta.xml.bind-api-2.3.3.jar:/home/gabriel/.m2/repository/jakarta/activation/jakarta.activation-api/1.2.2/jakarta.activation-api-1.2.2.jar:/home/gabriel/.m2/repository/com/sun/xml/bind/jaxb-core/2.3.0/jaxb-core-2.3.0.jar:/home/gabriel/.m2/repository/com/sun/xml/bind/jaxb-impl/2.3.3/jaxb-impl-2.3.3.jar:/home/gabriel/.m2/repository/org/apache/camel/camel-xml-jaxp/3.15.0/camel-xml-jaxp-3.15.0.jar:/home/gabriel/.m2/repository/org/apache/camel/camel-xml-io-util/3.15.0/camel-xml-io-util-3.15.0.jar:/home/gabriel/.m2/repository/org/apache/camel/camel-test/3.15.0/camel-test-3.15.0.jar:/home/gabriel/.m2/repository/org/assertj/assertj-core/3.22.0/assertj-core-3.22.0.jar:/home/gabriel/.m2/repository/com/mycompany/plexus-interface/1.0.0-SNAPSHOT/plexus-interface-1.0.0-SNAPSHOT.jar:/home/gabriel/.m2/repository/javax/xml/ws/jaxws-api/2.3.1/jaxws-api-2.3.1.jar:/home/gabriel/.m2/repository/javax/xml/bind/jaxb-api/2.3.1/jaxb-api-2.3.1.jar:/home/gabriel/.m2/repository/javax/xml/soap/javax.xml.soap-api/1.4.0/javax.xml.soap-api-1.4.0.jar:/home/gabriel/.m2/repository/javax/annotation/javax.annotation-api/1.3.2/javax.annotation-api-1.3.2.jar:/home/gabriel/.m2/repository/com/sun/xml/ws/jaxws-rt/2.3.5/jaxws-rt-2.3.5.jar:/home/gabriel/.m2/repository/com/sun/xml/ws/policy/2.7.10/policy-2.7.10.jar:/home/gabriel/.m2/repository/org/glassfish/ha/ha-api/3.1.13/ha-api-3.1.13.jar:/home/gabriel/.m2/repository/org/glassfish/external/management-api/3.2.3/management-api-3.2.3.jar:/home/gabriel/.m2/repository/org/glassfish/gmbal/gmbal-api-only/4.0.3/gmbal-api-only-4.0.3.jar:/home/gabriel/.m2/repository/org/jvnet/staxex/stax-ex/1.8.3/stax-ex-1.8.3.jar:/home/gabriel/.m2/repository/com/sun/xml/stream/buffer/streambuffer/1.5.10/streambuffer-1.5.10.jar:/home/gabriel/.m2/repository/org/jvnet/mimepull/mimepull/1.9.15/mimepull-1.9.15.jar:/home/gabriel/.m2/repository/com/sun/xml/fastinfoset/FastInfoset/1.2.18/FastInfoset-1.2.18.jar:/home/gabriel/.m2/repository/com/sun/activation/jakarta.activation/1.2.2/jakarta.activation-1.2.2.jar:/home/gabriel/.m2/repository/com/sun/mail/jakarta.mail/1.6.7/jakarta.mail-1.6.7.jar:/home/gabriel/.m2/repository/com/sun/xml/messaging/saaj/saaj-impl/1.5.3/saaj-impl-1.5.3.jar:/home/gabriel/.m2/repository/com/fasterxml/woodstox/woodstox-core/6.2.6/woodstox-core-6.2.6.jar:/home/gabriel/.m2/repository/org/codehaus/woodstox/stax2-api/4.2.1/stax2-api-4.2.1.jar:/home/gabriel/.m2/repository/jakarta/xml/ws/jakarta.xml.ws-api/2.3.3/jakarta.xml.ws-api-2.3.3.jar:/home/gabriel/.m2/repository/jakarta/xml/soap/jakarta.xml.soap-api/1.4.2/jakarta.xml.soap-api-1.4.2.jar:/home/gabriel/.m2/repository/jakarta/jws/jakarta.jws-api/2.1.0/jakarta.jws-api-2.1.0.jar:/home/gabriel/.m2/repository/jakarta/annotation/jakarta.annotation-api/1.3.5/jakarta.annotation-api-1.3.5.jar:/home/gabriel/.m2/repository/org/apache/camel/camel-jaxb/3.16.0/camel-jaxb-3.16.0.jar:/home/gabriel/.m2/repository/org/hibernate/hibernate-core/5.6.7.Final/hibernate-core-5.6.7.Final.jar:/home/gabriel/.m2/repository/org/jboss/logging/jboss-logging/3.4.3.Final/jboss-logging-3.4.3.Final.jar:/home/gabriel/.m2/repository/javax/persistence/javax.persistence-api/2.2/javax.persistence-api-2.2.jar:/home/gabriel/.m2/repository/net/bytebuddy/byte-buddy/1.12.8/byte-buddy-1.12.8.jar:/home/gabriel/.m2/repository/antlr/antlr/2.7.7/antlr-2.7.7.jar:/home/gabriel/.m2/repository/org/jboss/spec/javax/transaction/jboss-transaction-api_1.2_spec/1.1.1.Final/jboss-transaction-api_1.2_spec-1.1.1.Final.jar:/home/gabriel/.m2/repository/org/jboss/jandex/2.4.2.Final/jandex-2.4.2.Final.jar:/home/gabriel/.m2/repository/com/fasterxml/classmate/1.5.1/classmate-1.5.1.jar:/home/gabriel/.m2/repository/javax/activation/javax.activation-api/1.2.0/javax.activation-api-1.2.0.jar:/home/gabriel/.m2/repository/org/hibernate/common/hibernate-commons-annotations/5.1.2.Final/hibernate-commons-annotations-5.1.2.Final.jar:/home/gabriel/.m2/repository/org/glassfish/jaxb/jaxb-runtime/2.3.1/jaxb-runtime-2.3.1.jar:/home/gabriel/.m2/repository/org/glassfish/jaxb/txw2/2.3.1/txw2-2.3.1.jar:/home/gabriel/.m2/repository/com/sun/istack/istack-commons-runtime/3.0.7/istack-commons-runtime-3.0.7.jar:/home/gabriel/.m2/repository/org/apache/camel/camel-cxf/3.15.0/camel-cxf-3.15.0.jar:/home/gabriel/.m2/repository/org/apache/camel/camel-support/3.15.0/camel-support-3.15.0.jar:/home/gabriel/.m2/repository/org/apache/camel/camel-attachments/3.15.0/camel-attachments-3.15.0.jar:/home/gabriel/.m2/repository/com/sun/activation/javax.activation/1.2.0/javax.activation-1.2.0.jar:/home/gabriel/.m2/repository/org/apache/camel/camel-spring-xml/3.15.0/camel-spring-xml-3.15.0.jar:/home/gabriel/.m2/repository/org/apache/camel/camel-spring/3.15.0/camel-spring-3.15.0.jar:/home/gabriel/.m2/repository/org/springframework/spring-tx/5.3.15/spring-tx-5.3.15.jar:/home/gabriel/.m2/repository/org/apache/camel/camel-core-xml/3.15.0/camel-core-xml-3.15.0.jar:/home/gabriel/.m2/repository/org/apache/camel/camel-cxf-transport/3.15.0/camel-cxf-transport-3.15.0.jar:/home/gabriel/.m2/repository/org/apache/camel/camel-http-base/3.15.0/camel-http-base-3.15.0.jar:/home/gabriel/.m2/repository/javax/servlet/javax.servlet-api/3.1.0/javax.servlet-api-3.1.0.jar:/home/gabriel/.m2/repository/org/apache/cxf/cxf-rt-frontend-jaxrs/3.5.0/cxf-rt-frontend-jaxrs-3.5.0.jar:/home/gabriel/.m2/repository/org/apache/cxf/cxf-core/3.5.0/cxf-core-3.5.0.jar:/home/gabriel/.m2/repository/org/apache/ws/xmlschema/xmlschema-core/2.3.0/xmlschema-core-2.3.0.jar:/home/gabriel/.m2/repository/jakarta/ws/rs/jakarta.ws.rs-api/2.1.6/jakarta.ws.rs-api-2.1.6.jar:/home/gabriel/.m2/repository/org/apache/cxf/cxf-rt-transports-http/3.5.0/cxf-rt-transports-http-3.5.0.jar:/home/gabriel/.m2/repository/org/apache/cxf/cxf-rt-security/3.5.0/cxf-rt-security-3.5.0.jar:/home/gabriel/.m2/repository/org/apache/geronimo/specs/geronimo-jta_1.1_spec/1.1.1/geronimo-jta_1.1_spec-1.1.1.jar:/home/gabriel/.m2/repository/org/apache/cxf/cxf-rt-frontend-jaxws/3.5.0/cxf-rt-frontend-jaxws-3.5.0.jar:/home/gabriel/.m2/repository/xml-resolver/xml-resolver/1.2/xml-resolver-1.2.jar:/home/gabriel/.m2/repository/org/ow2/asm/asm/9.2/asm-9.2.jar:/home/gabriel/.m2/repository/org/apache/cxf/cxf-rt-bindings-xml/3.5.0/cxf-rt-bindings-xml-3.5.0.jar:/home/gabriel/.m2/repository/org/apache/cxf/cxf-rt-frontend-simple/3.5.0/cxf-rt-frontend-simple-3.5.0.jar:/home/gabriel/.m2/repository/org/apache/cxf/cxf-rt-ws-addr/3.5.0/cxf-rt-ws-addr-3.5.0.jar:/home/gabriel/.m2/repository/org/apache/cxf/cxf-rt-ws-policy/3.5.0/cxf-rt-ws-policy-3.5.0.jar:/home/gabriel/.m2/repository/org/apache/neethi/neethi/3.2.0/neethi-3.2.0.jar:/home/gabriel/.m2/repository/org/apache/cxf/cxf-rt-rs-client/3.5.0/cxf-rt-rs-client-3.5.0.jar:/home/gabriel/.m2/repository/org/apache/cxf/cxf-rt-features-logging/3.5.0/cxf-rt-features-logging-3.5.0.jar:/home/gabriel/.m2/repository/org/springframework/spring-beans/5.3.15/spring-beans-5.3.15.jar:/home/gabriel/.m2/repository/org/springframework/spring-core/5.3.15/spring-core-5.3.15.jar:/home/gabriel/.m2/repository/org/springframework/spring-jcl/5.3.15/spring-jcl-5.3.15.jar:/home/gabriel/.m2/repository/org/springframework/spring-context/5.3.15/spring-context-5.3.15.jar:/home/gabriel/.m2/repository/org/springframework/spring-aop/5.3.15/spring-aop-5.3.15.jar:/home/gabriel/.m2/repository/org/springframework/spring-expression/5.3.15/spring-expression-5.3.15.jar:/home/gabriel/.m2/repository/org/apache/cxf/cxf-rt-bindings-soap/3.5.0/cxf-rt-bindings-soap-3.5.0.jar:/home/gabriel/.m2/repository/org/apache/cxf/cxf-rt-wsdl/3.5.0/cxf-rt-wsdl-3.5.0.jar:/home/gabriel/.m2/repository/wsdl4j/wsdl4j/1.6.3/wsdl4j-1.6.3.jar:/home/gabriel/.m2/repository/org/apache/cxf/cxf-rt-databinding-jaxb/3.5.0/cxf-rt-databinding-jaxb-3.5.0.jar:/home/gabriel/.m2/repository/org/mapstruct/mapstruct/1.4.2.Final/mapstruct-1.4.2.Final.jar:/home/gabriel/.m2/repository/com/mycompany/plexus-datastore/1.0.0-SNAPSHOT/plexus-datastore-1.0.0-SNAPSHOT.jar:/home/gabriel/.m2/repository/org/postgresql/postgresql/42.3.0/postgresql-42.3.0.jar:/home/gabriel/.m2/repository/org/checkerframework/checker-qual/3.5.0/checker-qual-3.5.0.jar:/home/gabriel/.m2/repository/org/qlrm/qlrm/3.0.4/qlrm-3.0.4.jar:/home/gabriel/.m2/repository/org/slf4j/slf4j-api/1.7.36/slf4j-api-1.7.36.jar:/home/gabriel/.m2/repository/org/slf4j/slf4j-reload4j/1.7.36/slf4j-reload4j-1.7.36.jar:/home/gabriel/.m2/repository/ch/qos/reload4j/reload4j/1.2.19/reload4j-1.2.19.jar:/home/gabriel/.m2/repository/junit/junit/4.13/junit-4.13.jar:/home/gabriel/.m2/repository/org/hamcrest/hamcrest-core/1.3/hamcrest-core-1.3.jar:/home/gabriel/.m2/repository/log4j/log4j/1.2.17/log4j-1.2.17.jar:"/>
    <property name="sun.cpu.endian" value="little"/>
    <property name="user.home" value="/home/gabriel"/>
    <property name="user.language" value="en"/>
    <property name="java.specification.vendor" value="Oracle Corporation"/>
    <property name="java.version.date" value="2022-04-19"/>
    <property name="java.home" value="/usr/lib/jvm/java-11-openjdk-amd64"/>
    <property name="file.separator" value="/"/>
    <property name="basedir" value="/home/gabriel/workspace/plexus-project/plexus-business"/>
    <property name="java.vm.compressedOopsMode" value="32-bit"/>
    <property name="line.separator" value="&#10;"/>
    <property name="java.specification.name" value="Java Platform API Specification"/>
    <property name="java.vm.specification.vendor" value="Oracle Corporation"/>
    <property name="java.awt.graphicsenv" value="sun.awt.X11GraphicsEnvironment"/>
    <property name="surefire.real.class.path" value="/home/gabriel/workspace/plexus-project/plexus-business/target/surefire/surefirebooter16715114922614820613.jar"/>
    <property name="sun.management.compiler" value="HotSpot 64-Bit Tiered Compilers"/>
    <property name="java.runtime.version" value="11.0.15+10-Ubuntu-0ubuntu0.20.04.1"/>
    <property name="user.name" value="gabriel"/>
    <property name="path.separator" value=":"/>
    <property name="os.version" value="5.13.0-40-generic"/>
    <property name="java.runtime.name" value="OpenJDK Runtime Environment"/>
    <property name="file.encoding" value="UTF-8"/>
    <property name="java.vm.name" value="OpenJDK 64-Bit Server VM"/>
    <property name="localRepository" value="/home/gabriel/.m2/repository"/>
    <property name="java.vendor.url.bug" value="Unknown"/>
    <property name="java.io.tmpdir" value="/tmp"/>
    <property name="java.version" value="11.0.15"/>
    <property name="user.dir" value="/home/gabriel/workspace/plexus-project/plexus-business"/>
    <property name="os.arch" value="amd64"/>
    <property name="java.vm.specification.name" value="Java Virtual Machine Specification"/>
    <property name="java.awt.printerjob" value="sun.print.PSPrinterJob"/>
    <property name="sun.os.patch.level" value="unknown"/>
    <property name="java.library.path" value="/usr/java/packages/lib:/usr/lib/x86_64-linux-gnu/jni:/lib/x86_64-linux-gnu:/usr/lib/x86_64-linux-gnu:/usr/lib/jni:/lib:/usr/lib"/>
    <property name="java.vm.info" value="mixed mode, sharing"/>
    <property name="java.vendor" value="Private Build"/>
    <property name="java.vm.version" value="11.0.15+10-Ubuntu-0ubuntu0.20.04.1"/>
    <property name="sun.io.unicode.encoding" value="UnicodeLittle"/>
    <property name="java.class.version" value="55.0"/>
  </properties>
  <testcase name="testCreate" classname="business.test.TestCreate" time="1.48"/>
</testsuite>